::1 - Thu Nov 17 2022 08:51:35 GMT+0530 (India Standard Time) - GET /news HTTP/1.1 200 154 - 183 - PostmanRuntime/7.29.2
::1 - Thu Nov 17 2022 09:01:32 GMT+0530 (India Standard Time) - POST /news HTTP/1.1 200 52 - 20 - PostmanRuntime/7.29.2
::1 - Thu Nov 17 2022 09:02:08 GMT+0530 (India Standard Time) - POST /auth/login HTTP/1.1 200 521 - 789 - PostmanRuntime/7.29.2
::1 - Thu Nov 17 2022 09:02:37 GMT+0530 (India Standard Time) - POST /news HTTP/1.1 200 65 - 283 - PostmanRuntime/7.29.2
::1 - Thu Nov 17 2022 09:12:10 GMT+0530 (India Standard Time) - POST /news HTTP/1.1 500 35 - 114 - PostmanRuntime/7.29.2
::1 - Thu Nov 17 2022 09:20:41 GMT+0530 (India Standard Time) - POST /news HTTP/1.1 500 35 - 144 - PostmanRuntime/7.29.2
::1 - Thu Nov 17 2022 09:21:09 GMT+0530 (India Standard Time) - POST /news HTTP/1.1 500 35 - 124 - PostmanRuntime/7.29.2
::1 - Thu Nov 17 2022 09:23:36 GMT+0530 (India Standard Time) - POST /news HTTP/1.1 500 35 - 146 - PostmanRuntime/7.29.2
::1 - Thu Nov 17 2022 09:23:53 GMT+0530 (India Standard Time) - POST /news HTTP/1.1 200 52 - 345 - PostmanRuntime/7.29.2
::1 - Thu Nov 17 2022 09:29:49 GMT+0530 (India Standard Time) - GET /favicon.ico HTTP/1.1 200 - - 85 http://localhost:3000/ Mozilla/5.0 (Windows NT 10.0; Win64; x64) AppleWebKit/537.36 (KHTML, like Gecko) Chrome/107.0.0.0 Safari/537.36
::1 - Thu Nov 17 2022 09:57:43 GMT+0530 (India Standard Time) - POST /news HTTP/1.1 500 35 - 162 - PostmanRuntime/7.29.2
::1 - Thu Nov 17 2022 09:58:26 GMT+0530 (India Standard Time) - POST /news HTTP/1.1 500 35 - 480 - PostmanRuntime/7.29.2
::1 - Thu Nov 17 2022 09:58:52 GMT+0530 (India Standard Time) - POST /auth/login HTTP/1.1 200 521 - 715 - PostmanRuntime/7.29.2
::1 - Thu Nov 17 2022 09:59:18 GMT+0530 (India Standard Time) - POST /news HTTP/1.1 500 35 - 70 - PostmanRuntime/7.29.2
::1 - Thu Nov 17 2022 10:03:45 GMT+0530 (India Standard Time) - POST /news HTTP/1.1 500 35 - 201 - PostmanRuntime/7.29.2
::1 - Thu Nov 17 2022 10:04:03 GMT+0530 (India Standard Time) - POST /news HTTP/1.1 500 35 - 152 - PostmanRuntime/7.29.2
::1 - Thu Nov 17 2022 10:11:35 GMT+0530 (India Standard Time) - POST /news HTTP/1.1 500 35 - 152 - PostmanRuntime/7.29.2
::1 - Thu Nov 17 2022 10:15:38 GMT+0530 (India Standard Time) - POST /news HTTP/1.1 200 52 - 230 - PostmanRuntime/7.29.2
::1 - Thu Nov 17 2022 10:15:45 GMT+0530 (India Standard Time) - GET /news HTTP/1.1 200 394 - 92 - PostmanRuntime/7.29.2
::1 - Thu Nov 17 2022 10:15:54 GMT+0530 (India Standard Time) - GET /uploads/news/user4-128x128.jpg HTTP/1.1 404 35 - 10 - Mozilla/5.0 (Windows NT 10.0; Win64; x64) AppleWebKit/537.36 (KHTML, like Gecko) Chrome/107.0.0.0 Safari/537.36
::1 - Thu Nov 17 2022 10:16:25 GMT+0530 (India Standard Time) - GET /uploads/news/user4-128x128.jpg HTTP/1.1 404 35 - 2 - Mozilla/5.0 (Windows NT 10.0; Win64; x64) AppleWebKit/537.36 (KHTML, like Gecko) Chrome/107.0.0.0 Safari/537.36
::1 - Thu Nov 17 2022 12:08:23 GMT+0530 (India Standard Time) - GET /news HTTP/1.1 200 394 - 76 - PostmanRuntime/7.29.2
::1 - Thu Nov 17 2022 12:09:44 GMT+0530 (India Standard Time) - PUT /news HTTP/1.1 200 61 - 11 - PostmanRuntime/7.29.2
::1 - Thu Nov 17 2022 12:10:19 GMT+0530 (India Standard Time) - PUT /news HTTP/1.1 200 52 - 5 - PostmanRuntime/7.29.2
::1 - Thu Nov 17 2022 12:10:37 GMT+0530 (India Standard Time) - POST /auth/login HTTP/1.1 200 521 - 428 - PostmanRuntime/7.29.2
::1 - Thu Nov 17 2022 12:10:56 GMT+0530 (India Standard Time) - PUT /news HTTP/1.1 200 52 - 263 - PostmanRuntime/7.29.2
::1 - Thu Nov 17 2022 12:11:03 GMT+0530 (India Standard Time) - GET /news HTTP/1.1 200 475 - 65 - PostmanRuntime/7.29.2
::1 - Thu Nov 17 2022 12:11:29 GMT+0530 (India Standard Time) - GET /news HTTP/1.1 200 475 - 84 - PostmanRuntime/7.29.2
::1 - Thu Nov 17 2022 12:14:12 GMT+0530 (India Standard Time) - PUT /api/artwork HTTP/1.1 404 35 - 12 - PostmanRuntime/7.29.2
::1 - Thu Nov 17 2022 12:14:20 GMT+0530 (India Standard Time) - PUT /api/artwork HTTP/1.1 404 35 - 5 - PostmanRuntime/7.29.2
::1 - Thu Nov 17 2022 12:15:36 GMT+0530 (India Standard Time) - PUT /api/artwork HTTP/1.1 404 35 - 13 - PostmanRuntime/7.29.2
::1 - Thu Nov 17 2022 12:15:40 GMT+0530 (India Standard Time) - PUT /%0A HTTP/1.1 404 35 - 20 - PostmanRuntime/7.29.2
::1 - Thu Nov 17 2022 12:15:41 GMT+0530 (India Standard Time) - PUT / HTTP/1.1 404 35 - 2 - PostmanRuntime/7.29.2
::1 - Thu Nov 17 2022 12:15:46 GMT+0530 (India Standard Time) - PUT / HTTP/1.1 404 35 - 3 - PostmanRuntime/7.29.2
::1 - Thu Nov 17 2022 12:15:52 GMT+0530 (India Standard Time) - PUT /news HTTP/1.1 200 297 - 134 - PostmanRuntime/7.29.2
::1 - Thu Nov 17 2022 12:16:27 GMT+0530 (India Standard Time) - PUT /news HTTP/1.1 200 52 - 169 - PostmanRuntime/7.29.2
::1 - Thu Nov 17 2022 12:16:32 GMT+0530 (India Standard Time) - GET /news HTTP/1.1 200 478 - 87 - PostmanRuntime/7.29.2
::1 - Thu Nov 17 2022 12:21:36 GMT+0530 (India Standard Time) - GET /artist/ HTTP/1.1 200 52 - 35 - PostmanRuntime/7.29.2
::1 - Thu Nov 17 2022 12:22:05 GMT+0530 (India Standard Time) - GET /artist/ HTTP/1.1 200 - - 185 - PostmanRuntime/7.29.2
::1 - Thu Nov 17 2022 12:23:54 GMT+0530 (India Standard Time) - PUT /artist/ HTTP/1.1 200 61 - 16 - PostmanRuntime/7.29.2
::1 - Thu Nov 17 2022 12:24:15 GMT+0530 (India Standard Time) - POST /auth/login HTTP/1.1 200 521 - 307 - PostmanRuntime/7.29.2
::1 - Thu Nov 17 2022 12:24:46 GMT+0530 (India Standard Time) - PUT /artist/ HTTP/1.1 200 54 - 398 - PostmanRuntime/7.29.2
::1 - Thu Nov 17 2022 12:24:53 GMT+0530 (India Standard Time) - GET /artist/ HTTP/1.1 200 - - 128 - PostmanRuntime/7.29.2
::1 - Thu Nov 17 2022 12:49:34 GMT+0530 (India Standard Time) - POST /auth/login HTTP/1.1 200 521 - 253 - PostmanRuntime/7.29.2
::1 - Thu Nov 17 2022 12:49:53 GMT+0530 (India Standard Time) - GET /blog/ HTTP/1.1 200 308 - 76 - PostmanRuntime/7.29.2
::1 - Thu Nov 17 2022 12:55:39 GMT+0530 (India Standard Time) - PUT /blog/ HTTP/1.1 200 52 - 251 - PostmanRuntime/7.29.2
::1 - Thu Nov 17 2022 12:55:46 GMT+0530 (India Standard Time) - GET /blog/ HTTP/1.1 200 482 - 79 - PostmanRuntime/7.29.2
::1 - Thu Nov 17 2022 12:58:04 GMT+0530 (India Standard Time) - GET /uploads/ HTTP/1.1 404 35 - 16 - Mozilla/5.0 (Windows NT 10.0; Win64; x64) AppleWebKit/537.36 (KHTML, like Gecko) Chrome/107.0.0.0 Safari/537.36
::1 - Thu Nov 17 2022 12:58:14 GMT+0530 (India Standard Time) - GET /uploads/artist HTTP/1.1 404 35 - 19 - Mozilla/5.0 (Windows NT 10.0; Win64; x64) AppleWebKit/537.36 (KHTML, like Gecko) Chrome/107.0.0.0 Safari/537.36
::1 - Thu Nov 17 2022 13:00:18 GMT+0530 (India Standard Time) - POST /news HTTP/1.1 200 52 - 33 - PostmanRuntime/7.29.2
::1 - Thu Nov 17 2022 13:00:41 GMT+0530 (India Standard Time) - POST /auth/login HTTP/1.1 200 521 - 259 - PostmanRuntime/7.29.2
::1 - Thu Nov 17 2022 13:01:03 GMT+0530 (India Standard Time) - POST /news HTTP/1.1 500 35 - 111 - PostmanRuntime/7.29.2
::1 - Thu Nov 17 2022 13:02:43 GMT+0530 (India Standard Time) - POST /news HTTP/1.1 500 35 - 140 - PostmanRuntime/7.29.2
::1 - Thu Nov 17 2022 13:03:11 GMT+0530 (India Standard Time) - POST /news HTTP/1.1 200 52 - 200 - PostmanRuntime/7.29.2
::1 - Thu Nov 17 2022 13:03:54 GMT+0530 (India Standard Time) - GET /news HTTP/1.1 200 656 - 72 - PostmanRuntime/7.29.2
::1 - Thu Nov 17 2022 13:13:57 GMT+0530 (India Standard Time) - GET /blog/ HTTP/1.1 200 482 - 127 - PostmanRuntime/7.29.2
::1 - Thu Nov 17 2022 13:16:14 GMT+0530 (India Standard Time) - POST /news HTTP/1.1 200 52 - 205 - PostmanRuntime/7.29.2
::1 - Thu Nov 17 2022 13:16:22 GMT+0530 (India Standard Time) - GET /news HTTP/1.1 200 795 - 105 - PostmanRuntime/7.29.2
::1 - Thu Nov 17 2022 13:20:24 GMT+0530 (India Standard Time) - POST /news HTTP/1.1 200 52 - 226 - PostmanRuntime/7.29.2
::1 - Thu Nov 17 2022 13:20:30 GMT+0530 (India Standard Time) - GET /news HTTP/1.1 200 921 - 81 - PostmanRuntime/7.29.2
::1 - Thu Nov 17 2022 13:34:21 GMT+0530 (India Standard Time) - GET /artistofyear HTTP/1.1 200 49 - 116 - PostmanRuntime/7.29.2
::1 - Thu Nov 17 2022 13:35:40 GMT+0530 (India Standard Time) - GET /artist/v HTTP/1.1 200 52 - 13 - PostmanRuntime/7.29.2
::1 - Thu Nov 17 2022 13:35:52 GMT+0530 (India Standard Time) - POST /auth/login HTTP/1.1 200 521 - 347 - PostmanRuntime/7.29.2
::1 - Thu Nov 17 2022 13:36:28 GMT+0530 (India Standard Time) - GET /artist/v HTTP/1.1 200 49 - 119 - PostmanRuntime/7.29.2
::1 - Thu Nov 17 2022 13:36:41 GMT+0530 (India Standard Time) - POST /artist/ HTTP/1.1 200 52 - 10 - PostmanRuntime/7.29.2
::1 - Thu Nov 17 2022 13:36:54 GMT+0530 (India Standard Time) - POST /artist/ HTTP/1.1 500 35 - 110 - PostmanRuntime/7.29.2
::1 - Thu Nov 17 2022 13:40:55 GMT+0530 (India Standard Time) - POST /artist/ HTTP/1.1 500 35 - 142 - PostmanRuntime/7.29.2
::1 - Thu Nov 17 2022 13:41:14 GMT+0530 (India Standard Time) - POST /artist HTTP/1.1 500 35 - 94 - PostmanRuntime/7.29.2
::1 - Thu Nov 17 2022 13:41:40 GMT+0530 (India Standard Time) - POST /artist HTTP/1.1 500 35 - 175 - PostmanRuntime/7.29.2
::1 - Thu Nov 17 2022 13:44:54 GMT+0530 (India Standard Time) - POST /artist HTTP/1.1 500 35 - 168 - PostmanRuntime/7.29.2
::1 - Thu Nov 17 2022 13:48:49 GMT+0530 (India Standard Time) - POST /artist HTTP/1.1 500 35 - 161 - PostmanRuntime/7.29.2
::1 - Thu Nov 17 2022 13:49:17 GMT+0530 (India Standard Time) - POST /auth/login HTTP/1.1 200 521 - 351 - PostmanRuntime/7.29.2
::1 - Thu Nov 17 2022 13:49:45 GMT+0530 (India Standard Time) - POST /blog/ HTTP/1.1 200 52 - 207 - PostmanRuntime/7.29.2
::1 - Thu Nov 17 2022 13:50:07 GMT+0530 (India Standard Time) - POST /artist HTTP/1.1 500 35 - 113 - PostmanRuntime/7.29.2
::1 - Thu Nov 17 2022 13:51:05 GMT+0530 (India Standard Time) - POST /artist HTTP/1.1 500 35 - 114 - PostmanRuntime/7.29.2
::1 - Thu Nov 17 2022 13:52:50 GMT+0530 (India Standard Time) - POST /artist HTTP/1.1 500 35 - 184 - PostmanRuntime/7.29.2
::1 - Thu Nov 17 2022 13:53:52 GMT+0530 (India Standard Time) - POST /artist HTTP/1.1 200 54 - 277 - PostmanRuntime/7.29.2
::1 - Thu Nov 17 2022 13:54:02 GMT+0530 (India Standard Time) - GET /artist/v HTTP/1.1 200 49 - 143 - PostmanRuntime/7.29.2
::1 - Thu Nov 17 2022 13:54:34 GMT+0530 (India Standard Time) - GET /blog/ HTTP/1.1 200 648 - 79 - PostmanRuntime/7.29.2
::1 - Thu Nov 17 2022 13:55:07 GMT+0530 (India Standard Time) - POST /blog/ HTTP/1.1 200 52 - 165 - PostmanRuntime/7.29.2
::1 - Thu Nov 17 2022 13:55:11 GMT+0530 (India Standard Time) - GET /blog/ HTTP/1.1 200 814 - 62 - PostmanRuntime/7.29.2
::1 - Thu Nov 17 2022 13:55:52 GMT+0530 (India Standard Time) - POST /artist HTTP/1.1 200 54 - 195 - PostmanRuntime/7.29.2
::1 - Thu Nov 17 2022 13:55:57 GMT+0530 (India Standard Time) - GET /artist/v HTTP/1.1 200 49 - 171 - PostmanRuntime/7.29.2
::1 - Thu Nov 17 2022 13:56:39 GMT+0530 (India Standard Time) - GET /artist/ HTTP/1.1 200 - - 190 - PostmanRuntime/7.29.2
::1 - Thu Nov 17 2022 13:56:43 GMT+0530 (India Standard Time) - POST /artist HTTP/1.1 200 54 - 317 - PostmanRuntime/7.29.2
::1 - Thu Nov 17 2022 13:57:09 GMT+0530 (India Standard Time) - GET /artist/ HTTP/1.1 200 - - 160 - PostmanRuntime/7.29.2
::1 - Thu Nov 17 2022 18:21:32 GMT+0530 (India Standard Time) - POST /auth/login HTTP/1.1 200 521 - 699 - PostmanRuntime/7.29.2
::1 - Thu Nov 17 2022 18:22:17 GMT+0530 (India Standard Time) - GET /artistofyear HTTP/1.1 200 49 - 95 - PostmanRuntime/7.29.2
::1 - Thu Nov 17 2022 18:22:27 GMT+0530 (India Standard Time) - POST /artistofyear/ HTTP/1.1 200 52 - 14 - PostmanRuntime/7.29.2
::1 - Thu Nov 17 2022 18:22:35 GMT+0530 (India Standard Time) - POST /artistofyear/ HTTP/1.1 200 83 - 114 - PostmanRuntime/7.29.2
::1 - Thu Nov 17 2022 18:23:07 GMT+0530 (India Standard Time) - POST /artistofyear/ HTTP/1.1 200 131 - 119 - PostmanRuntime/7.29.2
::1 - Thu Nov 17 2022 18:24:22 GMT+0530 (India Standard Time) - POST /artistofyear/ HTTP/1.1 200 62 - 288 - PostmanRuntime/7.29.2
::1 - Thu Nov 17 2022 18:24:31 GMT+0530 (India Standard Time) - GET /artistofyear HTTP/1.1 200 254 - 85 - PostmanRuntime/7.29.2
::1 - Thu Nov 17 2022 18:28:19 GMT+0530 (India Standard Time) - GET /artistofyear HTTP/1.1 500 35 - 13 - PostmanRuntime/7.29.2
::1 - Thu Nov 17 2022 18:28:56 GMT+0530 (India Standard Time) - GET /artistofyear HTTP/1.1 500 35 - 32 - PostmanRuntime/7.29.2
