::1 - Thu Nov 10 2022 14:34:08 GMT+0530 (India Standard Time) - GET /api/artist?filter=A&type=painter HTTP/1.1 200 68 - 9530 - PostmanRuntime/7.29.2
::1 - Thu Nov 10 2022 14:34:45 GMT+0530 (India Standard Time) - GET /api/artist?type=painter HTTP/1.1 200 68 - 218 - PostmanRuntime/7.29.2
::1 - Thu Nov 10 2022 14:34:59 GMT+0530 (India Standard Time) - GET /api/artist-type HTTP/1.1 200 224 - 200 - PostmanRuntime/7.29.2
::1 - Thu Nov 10 2022 14:35:28 GMT+0530 (India Standard Time) - GET /api/artist?type=painter HTTP/1.1 200 68 - 122 - PostmanRuntime/7.29.2
::1 - Thu Nov 10 2022 14:35:52 GMT+0530 (India Standard Time) - GET /artist/ HTTP/1.1 200 - - 218 - PostmanRuntime/7.29.2
::1 - Thu Nov 10 2022 14:40:05 GMT+0530 (India Standard Time) - GET /artist/Kumar HTTP/1.1 200 - - 9 - PostmanRuntime/7.29.2
::1 - Thu Nov 10 2022 14:41:04 GMT+0530 (India Standard Time) - GET /artwork HTTP/1.1 200 - - 128 - PostmanRuntime/7.29.2
::1 - Thu Nov 10 2022 14:43:37 GMT+0530 (India Standard Time) - POST /artwork/ HTTP/1.1 200 55 - 1443 - PostmanRuntime/7.29.2
::1 - Thu Nov 10 2022 15:10:46 GMT+0530 (India Standard Time) - GET /artwork HTTP/1.1 200 - - 70 - PostmanRuntime/7.29.2
::1 - Thu Nov 10 2022 15:12:43 GMT+0530 (India Standard Time) - POST /api/artist?filter=A HTTP/1.1 404 35 - 20 - PostmanRuntime/7.29.2
::1 - Thu Nov 10 2022 15:12:57 GMT+0530 (India Standard Time) - POST /api/artwork HTTP/1.1 200 11 - 6 - PostmanRuntime/7.29.2
::1 - Thu Nov 10 2022 15:13:54 GMT+0530 (India Standard Time) - POST /api/artwork HTTP/1.1 200 11 - 28 - PostmanRuntime/7.29.2
::1 - Thu Nov 10 2022 15:15:36 GMT+0530 (India Standard Time) - POST /api/artwork HTTP/1.1 200 24 - 1256 - PostmanRuntime/7.29.2
::1 - Thu Nov 10 2022 15:18:42 GMT+0530 (India Standard Time) - POST /api/artwork HTTP/1.1 200 142 - 82 - PostmanRuntime/7.29.2
::1 - Thu Nov 10 2022 15:19:02 GMT+0530 (India Standard Time) - POST /api/artwork HTTP/1.1 200 78 - 152 - PostmanRuntime/7.29.2
::1 - Thu Nov 10 2022 15:44:22 GMT+0530 (India Standard Time) - GET /api/artist?type=Art& HTTP/1.1 200 - - 508 - PostmanRuntime/7.29.2
::1 - Thu Nov 10 2022 16:18:04 GMT+0530 (India Standard Time) - POST /auth/login HTTP/1.1 200 68 - 80 - PostmanRuntime/7.29.2
::1 - Thu Nov 10 2022 16:19:04 GMT+0530 (India Standard Time) - POST /client/login HTTP/1.1 404 35 - 89 - PostmanRuntime/7.29.2
::1 - Thu Nov 10 2022 16:20:09 GMT+0530 (India Standard Time) - POST /client/ HTTP/1.1 200 54 - 370 - PostmanRuntime/7.29.2
::1 - Thu Nov 10 2022 16:20:23 GMT+0530 (India Standard Time) - GET /client HTTP/1.1 200 - - 33 - PostmanRuntime/7.29.2
::1 - Thu Nov 10 2022 16:26:39 GMT+0530 (India Standard Time) - GET /client HTTP/1.1 200 - - 92 - PostmanRuntime/7.29.2
::1 - Thu Nov 10 2022 16:29:13 GMT+0530 (India Standard Time) - POST /client/ HTTP/1.1 200 31 - 44 - PostmanRuntime/7.29.2
::1 - Thu Nov 10 2022 16:29:45 GMT+0530 (India Standard Time) - POST /client/ HTTP/1.1 200 30 - 203 - PostmanRuntime/7.29.2
::1 - Thu Nov 10 2022 16:30:12 GMT+0530 (India Standard Time) - POST /client/ HTTP/1.1 200 284 - 174 - PostmanRuntime/7.29.2
::1 - Thu Nov 10 2022 16:46:42 GMT+0530 (India Standard Time) - POST /client/ HTTP/1.1 200 71 - 252 - PostmanRuntime/7.29.2
::1 - Thu Nov 10 2022 16:47:34 GMT+0530 (India Standard Time) - POST /client/ HTTP/1.1 200 57 - 297 - PostmanRuntime/7.29.2
::1 - Thu Nov 10 2022 16:47:42 GMT+0530 (India Standard Time) - GET /client HTTP/1.1 200 - - 33 - PostmanRuntime/7.29.2
::1 - Thu Nov 10 2022 17:09:20 GMT+0530 (India Standard Time) - POST /client/ HTTP/1.1 200 296 - 686 - PostmanRuntime/7.29.2
::1 - Thu Nov 10 2022 17:10:57 GMT+0530 (India Standard Time) - POST /client/ HTTP/1.1 200 57 - 399 - PostmanRuntime/7.29.2
::1 - Thu Nov 10 2022 17:19:32 GMT+0530 (India Standard Time) - POST /client/login HTTP/1.1 404 35 - 421 - PostmanRuntime/7.29.2
::1 - Thu Nov 10 2022 17:21:36 GMT+0530 (India Standard Time) - POST /client/login HTTP/1.1 404 35 - 152 - PostmanRuntime/7.29.2
::1 - Thu Nov 10 2022 17:21:51 GMT+0530 (India Standard Time) - POST /auth/login HTTP/1.1 200 2 - 8 - PostmanRuntime/7.29.2
::1 - Thu Nov 10 2022 17:22:07 GMT+0530 (India Standard Time) - POST /auth/login HTTP/1.1 200 2 - 3 - PostmanRuntime/7.29.2
::1 - Thu Nov 10 2022 17:22:45 GMT+0530 (India Standard Time) - POST /auth/login HTTP/1.1 200 16 - 92 - PostmanRuntime/7.29.2
::1 - Thu Nov 10 2022 17:27:27 GMT+0530 (India Standard Time) - POST /auth/login HTTP/1.1 200 70 - 99 - PostmanRuntime/7.29.2
::1 - Thu Nov 10 2022 17:28:52 GMT+0530 (India Standard Time) - POST /auth/login HTTP/1.1 - - - - - PostmanRuntime/7.29.2
::1 - Thu Nov 10 2022 17:29:37 GMT+0530 (India Standard Time) - POST /auth/login HTTP/1.1 - - - - - PostmanRuntime/7.29.2
::1 - Thu Nov 10 2022 17:30:02 GMT+0530 (India Standard Time) - POST /auth/login HTTP/1.1 - - - - - PostmanRuntime/7.29.2
::1 - Thu Nov 10 2022 17:43:50 GMT+0530 (India Standard Time) - POST /auth/login HTTP/1.1 200 505 - 337 - PostmanRuntime/7.29.2
::1 - Thu Nov 10 2022 22:25:34 GMT+0530 (India Standard Time) - POST /auth/login HTTP/1.1 200 505 - 1182 - PostmanRuntime/7.29.2
::1 - Thu Nov 10 2022 22:27:29 GMT+0530 (India Standard Time) - POST /auth/forgotpassword HTTP/1.1 500 64 - 171 - PostmanRuntime/7.29.2
::1 - Thu Nov 10 2022 22:28:01 GMT+0530 (India Standard Time) - POST /auth/forgotpassword HTTP/1.1 200 55 - 62 - PostmanRuntime/7.29.2
::1 - Thu Nov 10 2022 22:29:00 GMT+0530 (India Standard Time) - POST /auth/forgotpassword HTTP/1.1 500 64 - 107 - PostmanRuntime/7.29.2
::1 - Fri Nov 11 2022 09:21:16 GMT+0530 (India Standard Time) - POST /auth/forgotpassword HTTP/1.1 500 64 - 106 - PostmanRuntime/7.29.2
::1 - Fri Nov 11 2022 09:39:58 GMT+0530 (India Standard Time) - POST /auth/forgotpassword HTTP/1.1 200 55 - 200 - PostmanRuntime/7.29.2
::1 - Fri Nov 11 2022 09:45:59 GMT+0530 (India Standard Time) - POST /auth/forgotpassword HTTP/1.1 200 55 - 51 - PostmanRuntime/7.29.2
::1 - Fri Nov 11 2022 09:58:54 GMT+0530 (India Standard Time) - POST /auth/forgotpassword HTTP/1.1 200 55 - 43 - PostmanRuntime/7.29.2
::1 - Fri Nov 11 2022 09:59:19 GMT+0530 (India Standard Time) - POST /auth/forgotpassword HTTP/1.1 200 55 - 4 - PostmanRuntime/7.29.2
::1 - Fri Nov 11 2022 10:00:04 GMT+0530 (India Standard Time) - POST /auth/forgotpassword HTTP/1.1 - - - - - PostmanRuntime/7.29.2
::1 - Fri Nov 11 2022 10:01:49 GMT+0530 (India Standard Time) - POST /auth/forgotpassword HTTP/1.1 500 64 - 113 - PostmanRuntime/7.29.2
::1 - Fri Nov 11 2022 10:01:57 GMT+0530 (India Standard Time) - POST /auth/forgotpassword HTTP/1.1 500 64 - 28 - PostmanRuntime/7.29.2
::1 - Fri Nov 11 2022 10:03:12 GMT+0530 (India Standard Time) - POST /auth/forgotpassword HTTP/1.1 500 64 - 168 - PostmanRuntime/7.29.2
::1 - Fri Nov 11 2022 10:05:10 GMT+0530 (India Standard Time) - POST /client/ HTTP/1.1 200 323 - 344 - PostmanRuntime/7.29.2
::1 - Fri Nov 11 2022 10:09:39 GMT+0530 (India Standard Time) - POST /client/ HTTP/1.1 200 323 - 161 - PostmanRuntime/7.29.2
::1 - Fri Nov 11 2022 10:09:56 GMT+0530 (India Standard Time) - POST /auth/forgotpassword HTTP/1.1 200 54 - 4096 - PostmanRuntime/7.29.2
::1 - Fri Nov 11 2022 10:39:41 GMT+0530 (India Standard Time) - PUT /auth/validateUser HTTP/1.1 404 35 - 10 - PostmanRuntime/7.29.2
::1 - Fri Nov 11 2022 10:48:25 GMT+0530 (India Standard Time) - POST /auth/forgotpassword HTTP/1.1 200 54 - 5087 - PostmanRuntime/7.29.2
::1 - Fri Nov 11 2022 11:36:14 GMT+0530 (India Standard Time) - OPTIONS /volunteer-program HTTP/1.1 200 24 - 120 http://localhost:4200/ Mozilla/5.0 (Windows NT 10.0; Win64; x64) AppleWebKit/537.36 (KHTML, like Gecko) Chrome/107.0.0.0 Safari/537.36
::1 - Fri Nov 11 2022 11:36:14 GMT+0530 (India Standard Time) - GET /volunteer-program HTTP/1.1 200 49 - 273 http://localhost:4200/ Mozilla/5.0 (Windows NT 10.0; Win64; x64) AppleWebKit/537.36 (KHTML, like Gecko) Chrome/107.0.0.0 Safari/537.36
::1 - Fri Nov 11 2022 11:36:58 GMT+0530 (India Standard Time) - OPTIONS /api/artwork-type HTTP/1.1 200 8 - 2 http://localhost:4200/ Mozilla/5.0 (Windows NT 10.0; Win64; x64) AppleWebKit/537.36 (KHTML, like Gecko) Chrome/107.0.0.0 Safari/537.36
::1 - Fri Nov 11 2022 11:38:21 GMT+0530 (India Standard Time) - OPTIONS /api/artist-type HTTP/1.1 200 8 - 2 http://localhost:4200/ Mozilla/5.0 (Windows NT 10.0; Win64; x64) AppleWebKit/537.36 (KHTML, like Gecko) Chrome/107.0.0.0 Safari/537.36
::1 - Fri Nov 11 2022 11:38:21 GMT+0530 (India Standard Time) - OPTIONS /api/artist?type=&filter= HTTP/1.1 200 8 - 1 http://localhost:4200/ Mozilla/5.0 (Windows NT 10.0; Win64; x64) AppleWebKit/537.36 (KHTML, like Gecko) Chrome/107.0.0.0 Safari/537.36
::1 - Fri Nov 11 2022 11:38:22 GMT+0530 (India Standard Time) - GET /api/artist-type HTTP/1.1 200 224 - 236 http://localhost:4200/ Mozilla/5.0 (Windows NT 10.0; Win64; x64) AppleWebKit/537.36 (KHTML, like Gecko) Chrome/107.0.0.0 Safari/537.36
::1 - Fri Nov 11 2022 11:38:24 GMT+0530 (India Standard Time) - GET /api/artist?type=&filter= HTTP/1.1 200 - - 2485 http://localhost:4200/ Mozilla/5.0 (Windows NT 10.0; Win64; x64) AppleWebKit/537.36 (KHTML, like Gecko) Chrome/107.0.0.0 Safari/537.36
::1 - Fri Nov 11 2022 12:00:03 GMT+0530 (India Standard Time) - OPTIONS /api/services HTTP/1.1 200 8 - 1 http://localhost:4200/ Mozilla/5.0 (Windows NT 10.0; Win64; x64) AppleWebKit/537.36 (KHTML, like Gecko) Chrome/107.0.0.0 Safari/537.36
::1 - Fri Nov 11 2022 12:00:03 GMT+0530 (India Standard Time) - OPTIONS /api/testimonial HTTP/1.1 200 8 - 1 http://localhost:4200/ Mozilla/5.0 (Windows NT 10.0; Win64; x64) AppleWebKit/537.36 (KHTML, like Gecko) Chrome/107.0.0.0 Safari/537.36
::1 - Fri Nov 11 2022 12:00:03 GMT+0530 (India Standard Time) - OPTIONS /api/clients/logo HTTP/1.1 200 8 - 1 http://localhost:4200/ Mozilla/5.0 (Windows NT 10.0; Win64; x64) AppleWebKit/537.36 (KHTML, like Gecko) Chrome/107.0.0.0 Safari/537.36
::1 - Fri Nov 11 2022 12:00:03 GMT+0530 (India Standard Time) - GET /api/services HTTP/1.1 200 179 - 693 http://localhost:4200/ Mozilla/5.0 (Windows NT 10.0; Win64; x64) AppleWebKit/537.36 (KHTML, like Gecko) Chrome/107.0.0.0 Safari/537.36
::1 - Fri Nov 11 2022 12:00:04 GMT+0530 (India Standard Time) - GET /api/testimonial HTTP/1.1 200 49 - 619 http://localhost:4200/ Mozilla/5.0 (Windows NT 10.0; Win64; x64) AppleWebKit/537.36 (KHTML, like Gecko) Chrome/107.0.0.0 Safari/537.36
::1 - Fri Nov 11 2022 12:00:04 GMT+0530 (India Standard Time) - GET /api/clients/logo HTTP/1.1 200 49 - 505 http://localhost:4200/ Mozilla/5.0 (Windows NT 10.0; Win64; x64) AppleWebKit/537.36 (KHTML, like Gecko) Chrome/107.0.0.0 Safari/537.36
::1 - Fri Nov 11 2022 12:05:04 GMT+0530 (India Standard Time) - POST /auth/forgotpassword HTTP/1.1 200 54 - 5418 - PostmanRuntime/7.29.2
::1 - Fri Nov 11 2022 12:08:46 GMT+0530 (India Standard Time) - POST /auth/forgotpassword HTTP/1.1 200 - - 119 - PostmanRuntime/7.29.2
::1 - Fri Nov 11 2022 12:10:52 GMT+0530 (India Standard Time) - POST /auth/forgotpassword HTTP/1.1 200 - - 83 - PostmanRuntime/7.29.2
::1 - Fri Nov 11 2022 12:19:35 GMT+0530 (India Standard Time) - POST /auth/forgotpassword HTTP/1.1 200 54 - 4178 - PostmanRuntime/7.29.2
::1 - Fri Nov 11 2022 12:23:05 GMT+0530 (India Standard Time) - POST /auth/forgotpassword HTTP/1.1 200 54 - 3348 - PostmanRuntime/7.29.2
::1 - Fri Nov 11 2022 12:24:01 GMT+0530 (India Standard Time) - POST /auth/forgotpassword HTTP/1.1 200 13 - 69 - PostmanRuntime/7.29.2
::1 - Fri Nov 11 2022 12:24:44 GMT+0530 (India Standard Time) - POST /auth/forgotpassword HTTP/1.1 200 13 - 74 - PostmanRuntime/7.29.2
::1 - Fri Nov 11 2022 12:26:23 GMT+0530 (India Standard Time) - POST /auth/forgotpassword HTTP/1.1 200 54 - 74 - PostmanRuntime/7.29.2
::1 - Fri Nov 11 2022 12:26:39 GMT+0530 (India Standard Time) - POST /auth/forgotpassword HTTP/1.1 200 54 - 4139 - PostmanRuntime/7.29.2
::1 - Fri Nov 11 2022 12:30:17 GMT+0530 (India Standard Time) - POST /auth/forgotpassword HTTP/1.1 200 64 - 64 - PostmanRuntime/7.29.2
::1 - Fri Nov 11 2022 12:42:49 GMT+0530 (India Standard Time) - POST /auth/forgotpassword HTTP/1.1 200 64 - 82 - PostmanRuntime/7.29.2
::1 - Fri Nov 11 2022 12:43:48 GMT+0530 (India Standard Time) - POST /auth/forgotpassword HTTP/1.1 200 65 - 52 - PostmanRuntime/7.29.2
::1 - Fri Nov 11 2022 12:44:16 GMT+0530 (India Standard Time) - POST /auth/forgotpassword HTTP/1.1 200 - - 203 - PostmanRuntime/7.29.2
::1 - Fri Nov 11 2022 14:31:47 GMT+0530 (India Standard Time) - POST /auth/forgotpassword HTTP/1.1 200 - - 434 - PostmanRuntime/7.29.2
::1 - Fri Nov 11 2022 14:32:43 GMT+0530 (India Standard Time) - POST /auth/forgotpassword HTTP/1.1 200 - - 23 - PostmanRuntime/7.29.2
::1 - Fri Nov 11 2022 14:34:29 GMT+0530 (India Standard Time) - POST /auth/forgotpassword HTTP/1.1 200 - - 4698 - PostmanRuntime/7.29.2
::1 - Fri Nov 11 2022 14:44:17 GMT+0530 (India Standard Time) - POST /auth/forgotpassword HTTP/1.1 200 - - 3451 - PostmanRuntime/7.29.2
::1 - Fri Nov 11 2022 15:37:06 GMT+0530 (India Standard Time) - POST /auth/forgotpassword HTTP/1.1 200 - - 7497 - PostmanRuntime/7.29.2
::1 - Fri Nov 11 2022 16:23:32 GMT+0530 (India Standard Time) - POST /auth/forgotpassword HTTP/1.1 200 54 - 253 - PostmanRuntime/7.29.2
::1 - Fri Nov 11 2022 16:23:54 GMT+0530 (India Standard Time) - POST /client/ HTTP/1.1 200 323 - 235 - PostmanRuntime/7.29.2
::1 - Fri Nov 11 2022 16:24:09 GMT+0530 (India Standard Time) - POST /auth/login HTTP/1.1 200 505 - 343 - PostmanRuntime/7.29.2
::1 - Fri Nov 11 2022 16:24:27 GMT+0530 (India Standard Time) - GET /news HTTP/1.1 200 49 - 93 - PostmanRuntime/7.29.2
::1 - Fri Nov 11 2022 16:24:34 GMT+0530 (India Standard Time) - POST /news HTTP/1.1 404 35 - 7 - PostmanRuntime/7.29.2
::1 - Fri Nov 11 2022 16:24:53 GMT+0530 (India Standard Time) - POST /news HTTP/1.1 404 35 - 5 - PostmanRuntime/7.29.2
::1 - Fri Nov 11 2022 16:25:19 GMT+0530 (India Standard Time) - GET /api/artist?type=Art& HTTP/1.1 200 68 - 130 - PostmanRuntime/7.29.2
::1 - Fri Nov 11 2022 16:25:29 GMT+0530 (India Standard Time) - POST /artwork/ HTTP/1.1 200 55 - 289 - PostmanRuntime/7.29.2
::1 - Fri Nov 11 2022 16:25:35 GMT+0530 (India Standard Time) - GET /api/artist?type=Art& HTTP/1.1 200 68 - 135 - PostmanRuntime/7.29.2
::1 - Fri Nov 11 2022 16:25:54 GMT+0530 (India Standard Time) - POST /artwork/ HTTP/1.1 200 55 - 129 - PostmanRuntime/7.29.2
::1 - Fri Nov 11 2022 16:26:02 GMT+0530 (India Standard Time) - GET /api/artist?type=Art& HTTP/1.1 200 68 - 122 - PostmanRuntime/7.29.2
::1 - Fri Nov 11 2022 16:26:15 GMT+0530 (India Standard Time) - POST /event HTTP/1.1 200 53 - 151 - PostmanRuntime/7.29.2
::1 - Fri Nov 11 2022 16:26:24 GMT+0530 (India Standard Time) - GET /event HTTP/1.1 200 290 - 72 - PostmanRuntime/7.29.2
::1 - Fri Nov 11 2022 16:26:45 GMT+0530 (India Standard Time) - GET /blog/ HTTP/1.1 200 49 - 57 - PostmanRuntime/7.29.2
::1 - Fri Nov 11 2022 16:26:52 GMT+0530 (India Standard Time) - POST /blog/ HTTP/1.1 200 52 - 385 - PostmanRuntime/7.29.2
::1 - Fri Nov 11 2022 16:26:57 GMT+0530 (India Standard Time) - GET /blog/ HTTP/1.1 200 238 - 58 - PostmanRuntime/7.29.2
::1 - Fri Nov 11 2022 17:41:52 GMT+0530 (India Standard Time) - GET /client HTTP/1.1 200 352 - 179 - PostmanRuntime/7.29.2
::1 - Fri Nov 11 2022 17:42:24 GMT+0530 (India Standard Time) - GET /client HTTP/1.1 200 352 - 87 - PostmanRuntime/7.29.2
::1 - Fri Nov 11 2022 17:42:28 GMT+0530 (India Standard Time) - GET /client HTTP/1.1 200 352 - 76 - PostmanRuntime/7.29.2
::1 - Fri Nov 11 2022 17:42:43 GMT+0530 (India Standard Time) - POST /auth/forgotpassword HTTP/1.1 404 35 - 42 - PostmanRuntime/7.29.2
::1 - Fri Nov 11 2022 17:42:49 GMT+0530 (India Standard Time) - POST /auth/forgotpassword HTTP/1.1 404 35 - 4 - PostmanRuntime/7.29.2
::1 - Fri Nov 11 2022 17:44:43 GMT+0530 (India Standard Time) - POST /auth/forgotpassword HTTP/1.1 404 35 - 3 - PostmanRuntime/7.29.2
::1 - Fri Nov 11 2022 17:45:25 GMT+0530 (India Standard Time) - POST /auth/forgotpassword HTTP/1.1 200 129 - 188 - PostmanRuntime/7.29.2
::1 - Fri Nov 11 2022 17:45:41 GMT+0530 (India Standard Time) - GET /client HTTP/1.1 200 352 - 75 - PostmanRuntime/7.29.2
::1 - Fri Nov 11 2022 18:02:08 GMT+0530 (India Standard Time) - GET /client HTTP/1.1 200 352 - 92 - PostmanRuntime/7.29.2
::1 - Fri Nov 11 2022 18:04:35 GMT+0530 (India Standard Time) - POST /auth/forgotpassword HTTP/1.1 200 129 - 200 - PostmanRuntime/7.29.2
::1 - Fri Nov 11 2022 18:05:10 GMT+0530 (India Standard Time) - GET /client HTTP/1.1 200 352 - 65 - PostmanRuntime/7.29.2
::1 - Fri Nov 11 2022 18:14:43 GMT+0530 (India Standard Time) - GET /client HTTP/1.1 200 352 - 82 - PostmanRuntime/7.29.2
