::1 - Mon Nov 14 2022 12:01:44 GMT+0530 (India Standard Time) - GET /event HTTP/1.1 200 290 - 72 - PostmanRuntime/7.29.2
::1 - Mon Nov 14 2022 12:02:46 GMT+0530 (India Standard Time) - GET /news HTTP/1.1 200 49 - 38 - PostmanRuntime/7.29.2
::1 - Mon Nov 14 2022 12:03:07 GMT+0530 (India Standard Time) - POST /news HTTP/1.1 404 35 - 11 - PostmanRuntime/7.29.2
::1 - Mon Nov 14 2022 12:03:51 GMT+0530 (India Standard Time) - POST /news HTTP/1.1 404 35 - 12 - PostmanRuntime/7.29.2
::1 - Mon Nov 14 2022 12:04:29 GMT+0530 (India Standard Time) - POST /news HTTP/1.1 404 35 - 12 - PostmanRuntime/7.29.2
::1 - Mon Nov 14 2022 12:04:54 GMT+0530 (India Standard Time) - POST /news HTTP/1.1 404 35 - 2 - PostmanRuntime/7.29.2
::1 - Mon Nov 14 2022 12:06:42 GMT+0530 (India Standard Time) - POST /news HTTP/1.1 404 35 - 20 - PostmanRuntime/7.29.2
::1 - Mon Nov 14 2022 12:07:12 GMT+0530 (India Standard Time) - POST /news HTTP/1.1 404 35 - 11 - PostmanRuntime/7.29.2
::1 - Mon Nov 14 2022 12:08:10 GMT+0530 (India Standard Time) - POST /news HTTP/1.1 404 35 - 4 - PostmanRuntime/7.29.2
::1 - Mon Nov 14 2022 12:09:23 GMT+0530 (India Standard Time) - POST /news HTTP/1.1 404 35 - 1 - PostmanRuntime/7.29.2
::1 - Mon Nov 14 2022 12:11:54 GMT+0530 (India Standard Time) - POST /news HTTP/1.1 404 35 - 2 - PostmanRuntime/7.29.2
::1 - Mon Nov 14 2022 12:13:04 GMT+0530 (India Standard Time) - POST /news HTTP/1.1 404 35 - 4 - PostmanRuntime/7.29.2
::1 - Mon Nov 14 2022 12:16:38 GMT+0530 (India Standard Time) - POST /news HTTP/1.1 200 52 - 461 - PostmanRuntime/7.29.2
::1 - Mon Nov 14 2022 12:56:50 GMT+0530 (India Standard Time) - POST /news HTTP/1.1 200 52 - 163 - PostmanRuntime/7.29.2
::1 - Mon Nov 14 2022 12:57:18 GMT+0530 (India Standard Time) - POST /artwork/ HTTP/1.1 200 55 - 127 - PostmanRuntime/7.29.2
::1 - Mon Nov 14 2022 12:57:29 GMT+0530 (India Standard Time) - GET /api/artist?type=Art& HTTP/1.1 200 68 - 108 - PostmanRuntime/7.29.2
::1 - Mon Nov 14 2022 12:57:49 GMT+0530 (India Standard Time) - POST /blog/ HTTP/1.1 200 52 - 164 - PostmanRuntime/7.29.2
::1 - Mon Nov 14 2022 12:58:02 GMT+0530 (India Standard Time) - GET /blog/ HTTP/1.1 200 428 - 35 - PostmanRuntime/7.29.2
::1 - Mon Nov 14 2022 12:58:30 GMT+0530 (India Standard Time) - POST /comment/ HTTP/1.1 200 55 - 144 - PostmanRuntime/7.29.2
::1 - Mon Nov 14 2022 12:58:39 GMT+0530 (India Standard Time) - GET /comment/ HTTP/1.1 200 192 - 41 - PostmanRuntime/7.29.2
::1 - Mon Nov 14 2022 12:59:05 GMT+0530 (India Standard Time) - POST /auth/login HTTP/1.1 200 505 - 1233 - PostmanRuntime/7.29.2
::1 - Mon Nov 14 2022 12:59:31 GMT+0530 (India Standard Time) - POST /api/chitchat HTTP/1.1 200 54 - 3341 - PostmanRuntime/7.29.2
::1 - Mon Nov 14 2022 12:59:46 GMT+0530 (India Standard Time) - POST /api/contact HTTP/1.1 200 54 - 2522 - PostmanRuntime/7.29.2
::1 - Mon Nov 14 2022 13:00:09 GMT+0530 (India Standard Time) - POST /artist-type HTTP/1.1 200 59 - 148 - PostmanRuntime/7.29.2
::1 - Mon Nov 14 2022 13:00:22 GMT+0530 (India Standard Time) - POST /artist HTTP/1.1 200 54 - 121 - PostmanRuntime/7.29.2
::1 - Mon Nov 14 2022 13:01:06 GMT+0530 (India Standard Time) - POST /artistofyear/ HTTP/1.1 200 62 - 263 - PostmanRuntime/7.29.2
::1 - Mon Nov 14 2022 13:01:33 GMT+0530 (India Standard Time) - GET /artwork-frame/ HTTP/1.1 401 59 - 8 - PostmanRuntime/7.29.2
::1 - Mon Nov 14 2022 13:02:25 GMT+0530 (India Standard Time) - POST /artwork-frame/ HTTP/1.1 401 59 - 23 - PostmanRuntime/7.29.2
::1 - Mon Nov 14 2022 13:02:51 GMT+0530 (India Standard Time) - POST /artwork-frame/ HTTP/1.1 500 35 - 68 - PostmanRuntime/7.29.2
::1 - Mon Nov 14 2022 13:03:32 GMT+0530 (India Standard Time) - POST /artwork-frame/ HTTP/1.1 500 35 - 3 - PostmanRuntime/7.29.2
::1 - Mon Nov 14 2022 13:03:35 GMT+0530 (India Standard Time) - POST /artwork-frame/ HTTP/1.1 500 35 - 2 - PostmanRuntime/7.29.2
::1 - Mon Nov 14 2022 13:06:15 GMT+0530 (India Standard Time) - POST /artwork-frame/ HTTP/1.1 500 35 - 2 - PostmanRuntime/7.29.2
::1 - Mon Nov 14 2022 13:06:24 GMT+0530 (India Standard Time) - POST /artwork-frame/ HTTP/1.1 500 35 - 3 - PostmanRuntime/7.29.2
::1 - Mon Nov 14 2022 13:06:32 GMT+0530 (India Standard Time) - POST /artwork-frame/ HTTP/1.1 401 59 - 5 - PostmanRuntime/7.29.2
::1 - Mon Nov 14 2022 13:06:38 GMT+0530 (India Standard Time) - POST /artwork-frame/ HTTP/1.1 500 35 - 2 - PostmanRuntime/7.29.2
::1 - Mon Nov 14 2022 13:08:39 GMT+0530 (India Standard Time) - POST /category/ HTTP/1.1 401 59 - 4 - PostmanRuntime/7.29.2
::1 - Mon Nov 14 2022 13:08:57 GMT+0530 (India Standard Time) - POST /services/ HTTP/1.1 401 59 - 5 - PostmanRuntime/7.29.2
::1 - Mon Nov 14 2022 13:09:25 GMT+0530 (India Standard Time) - POST /style/ HTTP/1.1 401 59 - 3 - PostmanRuntime/7.29.2
::1 - Mon Nov 14 2022 13:14:08 GMT+0530 (India Standard Time) - POST /style/ HTTP/1.1 401 59 - 2 - PostmanRuntime/7.29.2
::1 - Mon Nov 14 2022 13:14:58 GMT+0530 (India Standard Time) - POST /style/ HTTP/1.1 401 59 - 2 - PostmanRuntime/7.29.2
::1 - Mon Nov 14 2022 13:17:18 GMT+0530 (India Standard Time) - POST /auth/forgotpassword HTTP/1.1 200 54 - 350 - PostmanRuntime/7.29.2
::1 - Mon Nov 14 2022 13:17:34 GMT+0530 (India Standard Time) - POST /auth/forgotpassword HTTP/1.1 200 129 - 184 - PostmanRuntime/7.29.2
::1 - Mon Nov 14 2022 15:34:29 GMT+0530 (India Standard Time) - POST /auth/forgotpassword HTTP/1.1 500 64 - 879 - PostmanRuntime/7.29.2
::1 - Mon Nov 14 2022 15:35:08 GMT+0530 (India Standard Time) - POST /auth/forgotpassword HTTP/1.1 200 25 - 38 - PostmanRuntime/7.29.2
::1 - Mon Nov 14 2022 15:36:14 GMT+0530 (India Standard Time) - POST /auth/forgotpassword HTTP/1.1 500 64 - 831 - PostmanRuntime/7.29.2
::1 - Mon Nov 14 2022 15:41:09 GMT+0530 (India Standard Time) - POST /auth/forgotpassword HTTP/1.1 500 64 - 798 - PostmanRuntime/7.29.2
::1 - Mon Nov 14 2022 15:41:13 GMT+0530 (India Standard Time) - POST /auth/forgotpassword HTTP/1.1 500 64 - 709 - PostmanRuntime/7.29.2
::1 - Mon Nov 14 2022 15:50:33 GMT+0530 (India Standard Time) - POST /auth/forgotpassword HTTP/1.1 200 129 - 118 - PostmanRuntime/7.29.2
::1 - Mon Nov 14 2022 15:50:59 GMT+0530 (India Standard Time) - GET /client HTTP/1.1 200 352 - 37 - PostmanRuntime/7.29.2
::1 - Mon Nov 14 2022 16:01:11 GMT+0530 (India Standard Time) - GET /client HTTP/1.1 200 352 - 59 - PostmanRuntime/7.29.2
::1 - Mon Nov 14 2022 16:03:00 GMT+0530 (India Standard Time) - POST /auth/forgotpassword HTTP/1.1 200 64 - 43 - PostmanRuntime/7.29.2
::1 - Mon Nov 14 2022 16:05:26 GMT+0530 (India Standard Time) - POST /auth/forgotpassword HTTP/1.1 200 129 - 135 - PostmanRuntime/7.29.2
::1 - Mon Nov 14 2022 16:13:59 GMT+0530 (India Standard Time) - POST /auth/forgotpassword HTTP/1.1 200 129 - 181 - PostmanRuntime/7.29.2
::1 - Mon Nov 14 2022 16:14:06 GMT+0530 (India Standard Time) - POST /auth/forgotpassword HTTP/1.1 200 129 - 68 - PostmanRuntime/7.29.2
::1 - Mon Nov 14 2022 16:17:27 GMT+0530 (India Standard Time) - PUT /auth/verifyOTP HTTP/1.1 404 35 - 37 - PostmanRuntime/7.29.2
::1 - Mon Nov 14 2022 16:18:10 GMT+0530 (India Standard Time) - PUT /auth/verifyOTP/fdbdgngdbd HTTP/1.1 200 25 - 5 - PostmanRuntime/7.29.2
::1 - Mon Nov 14 2022 16:19:43 GMT+0530 (India Standard Time) - PUT /auth/verifyOTP/fdbdgngdbd HTTP/1.1 200 50 - 44 - PostmanRuntime/7.29.2
::1 - Mon Nov 14 2022 16:41:38 GMT+0530 (India Standard Time) - PUT /auth/verifyOTP/fdbdgngdbd HTTP/1.1 500 35 - 62 - PostmanRuntime/7.29.2
::1 - Mon Nov 14 2022 16:45:40 GMT+0530 (India Standard Time) - PUT /auth/verifyOTP/fdbdgngdbd HTTP/1.1 500 35 - 11 - PostmanRuntime/7.29.2
::1 - Mon Nov 14 2022 16:46:05 GMT+0530 (India Standard Time) - PUT /auth/verifyOTP/fdbdgngdbd HTTP/1.1 500 35 - 5 - PostmanRuntime/7.29.2
::1 - Mon Nov 14 2022 17:07:06 GMT+0530 (India Standard Time) - POST /client/ HTTP/1.1 200 323 - 480 - PostmanRuntime/7.29.2
::1 - Mon Nov 14 2022 17:09:03 GMT+0530 (India Standard Time) - POST /auth/forgotpassword HTTP/1.1 200 129 - 291 - PostmanRuntime/7.29.2
::1 - Mon Nov 14 2022 17:31:26 GMT+0530 (India Standard Time) - POST /auth/forgotpassword HTTP/1.1 200 129 - 117 - PostmanRuntime/7.29.2
::1 - Mon Nov 14 2022 17:35:19 GMT+0530 (India Standard Time) - PUT /auth/verifyOTP/fdbdgngdbd HTTP/1.1 - - - - - PostmanRuntime/7.29.2
::1 - Mon Nov 14 2022 17:37:17 GMT+0530 (India Standard Time) - PUT /auth/verifyOTP/fdbdgngdbd HTTP/1.1 - - - - - PostmanRuntime/7.29.2
::1 - Mon Nov 14 2022 17:37:44 GMT+0530 (India Standard Time) - PUT /auth/verifyOTP/fdbdgngdbd HTTP/1.1 200 26 - 35 - PostmanRuntime/7.29.2
::1 - Mon Nov 14 2022 17:41:20 GMT+0530 (India Standard Time) - PUT /auth/verifyOTP/fdbdgngdbd HTTP/1.1 200 5 - 49 - PostmanRuntime/7.29.2
::1 - Mon Nov 14 2022 17:41:44 GMT+0530 (India Standard Time) - PUT /auth/verifyOTP/fdbdgngdbd HTTP/1.1 200 25 - 46 - PostmanRuntime/7.29.2
::1 - Mon Nov 14 2022 17:42:19 GMT+0530 (India Standard Time) - PUT /auth/verifyOTP/fdbdgngdbd HTTP/1.1 200 45 - 5 - PostmanRuntime/7.29.2
::1 - Mon Nov 14 2022 18:06:33 GMT+0530 (India Standard Time) - PUT /auth/verifyOTP/636e29c2ffdad970deeb9054 HTTP/1.1 - - - - - PostmanRuntime/7.29.2
::1 - Mon Nov 14 2022 18:07:27 GMT+0530 (India Standard Time) - PUT /auth/verifyOTP/636e29c2ffdad970deeb9054 HTTP/1.1 200 114 - 155 - PostmanRuntime/7.29.2
::1 - Mon Nov 14 2022 18:09:35 GMT+0530 (India Standard Time) - PUT /auth/verifyOTP/636e29c2ffdad970deeb9054 HTTP/1.1 - - - - - PostmanRuntime/7.29.2
::1 - Mon Nov 14 2022 18:13:48 GMT+0530 (India Standard Time) - PUT /auth/verifyOTP/636e29c2ffdad970deeb9054 HTTP/1.1 - - - - - PostmanRuntime/7.29.2
::1 - Mon Nov 14 2022 18:14:42 GMT+0530 (India Standard Time) - PUT /auth/verifyOTP/636e29c2ffdad970deeb9054 HTTP/1.1 - - - - - PostmanRuntime/7.29.2
::1 - Mon Nov 14 2022 18:15:01 GMT+0530 (India Standard Time) - PUT /auth/verifyOTP/636e29c2ffdad970deeb9054 HTTP/1.1 - - - - - PostmanRuntime/7.29.2
::1 - Mon Nov 14 2022 18:16:10 GMT+0530 (India Standard Time) - PUT /auth/verifyOTP/636e29c2ffdad970deeb9054 HTTP/1.1 - - - - - PostmanRuntime/7.29.2
::1 - Mon Nov 14 2022 18:18:16 GMT+0530 (India Standard Time) - PUT /auth/verifyOTP/636e29c2ffdad970deeb9054 HTTP/1.1 - - - - - PostmanRuntime/7.29.2
