::1 - Fri Oct 28 2022 10:09:42 GMT+0530 (India Standard Time) - POST /login/ HTTP/1.1 404 35 - 477 - PostmanRuntime/7.29.2
::1 - Fri Oct 28 2022 10:12:33 GMT+0530 (India Standard Time) - POST /login/ HTTP/1.1 404 35 - 38 - PostmanRuntime/7.29.2
::1 - Fri Oct 28 2022 10:13:32 GMT+0530 (India Standard Time) - POST /auth/login HTTP/1.1 200 68 - 62 - PostmanRuntime/7.29.2
::1 - Fri Oct 28 2022 10:16:04 GMT+0530 (India Standard Time) - GET /client HTTP/1.1 200 - - 44 - PostmanRuntime/7.29.2
::1 - Fri Oct 28 2022 10:21:37 GMT+0530 (India Standard Time) - POST /client/ HTTP/1.1 200 236 - 29 - PostmanRuntime/7.29.2
::1 - Fri Oct 28 2022 10:35:47 GMT+0530 (India Standard Time) - POST /client/ HTTP/1.1 - - - - - PostmanRuntime/7.29.2
::1 - Fri Oct 28 2022 10:36:34 GMT+0530 (India Standard Time) - POST /client/ HTTP/1.1 - - - - - PostmanRuntime/7.29.2
::1 - Fri Oct 28 2022 10:36:59 GMT+0530 (India Standard Time) - POST /client/ HTTP/1.1 200 236 - 40 - PostmanRuntime/7.29.2
::1 - Fri Oct 28 2022 10:43:09 GMT+0530 (India Standard Time) - GET /client HTTP/1.1 200 - - 50 - PostmanRuntime/7.29.2
::1 - Fri Oct 28 2022 10:44:08 GMT+0530 (India Standard Time) - POST /client/ HTTP/1.1 200 54 - 31 - PostmanRuntime/7.29.2
::1 - Fri Oct 28 2022 10:44:23 GMT+0530 (India Standard Time) - GET /client HTTP/1.1 200 - - 12 - PostmanRuntime/7.29.2
::1 - Fri Oct 28 2022 10:49:50 GMT+0530 (India Standard Time) - GET /client HTTP/1.1 200 - - 51 - PostmanRuntime/7.29.2
::1 - Fri Oct 28 2022 10:50:38 GMT+0530 (India Standard Time) - POST /client/ HTTP/1.1 - - - 170 - PostmanRuntime/7.29.2
::1 - Fri Oct 28 2022 10:51:09 GMT+0530 (India Standard Time) - POST /client/ HTTP/1.1 - - - 53 - PostmanRuntime/7.29.2
::1 - Fri Oct 28 2022 12:06:25 GMT+0530 (India Standard Time) - POST /client/ HTTP/1.1 200 54 - 181 - PostmanRuntime/7.29.2
::1 - Fri Oct 28 2022 12:06:30 GMT+0530 (India Standard Time) - POST /client/ HTTP/1.1 200 54 - 14 - PostmanRuntime/7.29.2
::1 - Fri Oct 28 2022 12:25:19 GMT+0530 (India Standard Time) - POST /client/ HTTP/1.1 200 - - 40 - PostmanRuntime/7.29.2
::1 - Fri Oct 28 2022 12:30:27 GMT+0530 (India Standard Time) - POST /client/ HTTP/1.1 200 8 - 49 - PostmanRuntime/7.29.2
::1 - Fri Oct 28 2022 12:30:34 GMT+0530 (India Standard Time) - POST /client/ HTTP/1.1 200 8 - 47 - PostmanRuntime/7.29.2
::1 - Fri Oct 28 2022 12:31:06 GMT+0530 (India Standard Time) - POST /client/ HTTP/1.1 200 10 - 48 - PostmanRuntime/7.29.2
::1 - Fri Oct 28 2022 12:31:43 GMT+0530 (India Standard Time) - POST /client/ HTTP/1.1 200 10 - 48 - PostmanRuntime/7.29.2
::1 - Fri Oct 28 2022 12:39:30 GMT+0530 (India Standard Time) - POST /client/ HTTP/1.1 200 32 - 40 - PostmanRuntime/7.29.2
::1 - Fri Oct 28 2022 12:39:32 GMT+0530 (India Standard Time) - POST /client/ HTTP/1.1 200 32 - 7 - PostmanRuntime/7.29.2
::1 - Fri Oct 28 2022 12:42:12 GMT+0530 (India Standard Time) - POST /client/ HTTP/1.1 200 32 - 45 - PostmanRuntime/7.29.2
::1 - Fri Oct 28 2022 12:42:17 GMT+0530 (India Standard Time) - POST /client/ HTTP/1.1 200 32 - 5 - PostmanRuntime/7.29.2
::1 - Fri Oct 28 2022 12:42:24 GMT+0530 (India Standard Time) - POST /client/ HTTP/1.1 200 32 - 11 - PostmanRuntime/7.29.2
::1 - Fri Oct 28 2022 12:44:49 GMT+0530 (India Standard Time) - POST /client/ HTTP/1.1 200 32 - 5 - PostmanRuntime/7.29.2
::1 - Fri Oct 28 2022 12:51:10 GMT+0530 (India Standard Time) - POST /client/ HTTP/1.1 200 53 - 66 - PostmanRuntime/7.29.2
::1 - Fri Oct 28 2022 12:51:18 GMT+0530 (India Standard Time) - GET /client HTTP/1.1 200 - - 29 - PostmanRuntime/7.29.2
::1 - Fri Oct 28 2022 13:20:10 GMT+0530 (India Standard Time) - GET /client HTTP/1.1 200 - - 195 - PostmanRuntime/7.29.2
::1 - Fri Oct 28 2022 13:23:05 GMT+0530 (India Standard Time) - POST /client/ HTTP/1.1 200 54 - 160 - PostmanRuntime/7.29.2
::1 - Fri Oct 28 2022 13:23:20 GMT+0530 (India Standard Time) - GET /client HTTP/1.1 200 - - 50 - PostmanRuntime/7.29.2
::1 - Fri Oct 28 2022 13:39:47 GMT+0530 (India Standard Time) - GET /client HTTP/1.1 200 - - 934 - PostmanRuntime/7.29.2
::1 - Fri Oct 28 2022 13:42:30 GMT+0530 (India Standard Time) - POST /client/ HTTP/1.1 - - - - - PostmanRuntime/7.29.2
::1 - Fri Oct 28 2022 13:47:24 GMT+0530 (India Standard Time) - POST /client/ HTTP/1.1 - - - - - PostmanRuntime/7.29.2
::1 - Fri Oct 28 2022 16:27:08 GMT+0530 (India Standard Time) - POST /client/ HTTP/1.1 - - - - - PostmanRuntime/7.29.2
::1 - Fri Oct 28 2022 16:27:49 GMT+0530 (India Standard Time) - POST /client/ HTTP/1.1 - - - - - PostmanRuntime/7.29.2
::1 - Fri Oct 28 2022 16:28:20 GMT+0530 (India Standard Time) - POST /client/ HTTP/1.1 - - - - - PostmanRuntime/7.29.2
::1 - Fri Oct 28 2022 16:30:07 GMT+0530 (India Standard Time) - POST /client/ HTTP/1.1 200 54 - 1069 - PostmanRuntime/7.29.2
::1 - Fri Oct 28 2022 16:30:44 GMT+0530 (India Standard Time) - POST /artist-of-year/ HTTP/1.1 404 35 - 11 - PostmanRuntime/7.29.2
::1 - Fri Oct 28 2022 16:30:51 GMT+0530 (India Standard Time) - GET /artist-of-year/ HTTP/1.1 404 35 - 11 - PostmanRuntime/7.29.2
::1 - Fri Oct 28 2022 16:43:25 GMT+0530 (India Standard Time) - GET / HTTP/1.1 200 805 - 222 - PostmanRuntime/7.29.2
::1 - Fri Oct 28 2022 16:43:34 GMT+0530 (India Standard Time) - GET /api/chit-chat HTTP/1.1 404 35 - 9 - PostmanRuntime/7.29.2
::1 - Fri Oct 28 2022 16:44:17 GMT+0530 (India Standard Time) - GET /api/art-work HTTP/1.1 404 35 - 12 - PostmanRuntime/7.29.2
::1 - Fri Oct 28 2022 16:44:40 GMT+0530 (India Standard Time) - POST /api/artwork-type HTTP/1.1 404 35 - 9 - PostmanRuntime/7.29.2
::1 - Fri Oct 28 2022 16:44:47 GMT+0530 (India Standard Time) - GET /api/artwork-type HTTP/1.1 200 49 - 74 - PostmanRuntime/7.29.2
::1 - Fri Oct 28 2022 16:44:56 GMT+0530 (India Standard Time) - GET /api/artwork HTTP/1.1 204 - - 2 - PostmanRuntime/7.29.2
::1 - Fri Oct 28 2022 16:45:00 GMT+0530 (India Standard Time) - GET /api/artwork HTTP/1.1 204 - - 4 - PostmanRuntime/7.29.2
::1 - Fri Oct 28 2022 16:45:19 GMT+0530 (India Standard Time) - GET /api/cst HTTP/1.1 204 - - 3 - PostmanRuntime/7.29.2
::1 - Fri Oct 28 2022 16:46:08 GMT+0530 (India Standard Time) - GET /api/dashboard HTTP/1.1 404 35 - 15 - PostmanRuntime/7.29.2
::1 - Fri Oct 28 2022 16:46:20 GMT+0530 (India Standard Time) - GET /admin/dashboard HTTP/1.1 200 115 - 564 - PostmanRuntime/7.29.2
::1 - Fri Oct 28 2022 16:47:04 GMT+0530 (India Standard Time) - GET /admin/artist-data HTTP/1.1 200 70 - 43 - PostmanRuntime/7.29.2
::1 - Fri Oct 28 2022 16:47:46 GMT+0530 (India Standard Time) - GET //about HTTP/1.1 404 35 - 19 - PostmanRuntime/7.29.2
::1 - Fri Oct 28 2022 16:47:48 GMT+0530 (India Standard Time) - GET /about HTTP/1.1 200 49 - 79 - PostmanRuntime/7.29.2
::1 - Fri Oct 28 2022 16:53:08 GMT+0530 (India Standard Time) - GET /artist-type/ HTTP/1.1 401 59 - 16 - PostmanRuntime/7.29.2
::1 - Fri Oct 28 2022 16:53:32 GMT+0530 (India Standard Time) - GET /artist-type/ HTTP/1.1 200 49 - 67 - PostmanRuntime/7.29.2
::1 - Fri Oct 28 2022 16:53:55 GMT+0530 (India Standard Time) - GET /artist-type HTTP/1.1 200 49 - 10 - PostmanRuntime/7.29.2
::1 - Fri Oct 28 2022 16:54:38 GMT+0530 (India Standard Time) - POST /artist-type HTTP/1.1 200 59 - 592 - PostmanRuntime/7.29.2
::1 - Fri Oct 28 2022 16:54:46 GMT+0530 (India Standard Time) - GET /artist-type/ HTTP/1.1 200 136 - 11 - PostmanRuntime/7.29.2
::1 - Fri Oct 28 2022 16:57:04 GMT+0530 (India Standard Time) - PUT /artist-type HTTP/1.1 204 - - 13 - PostmanRuntime/7.29.2
::1 - Fri Oct 28 2022 16:57:14 GMT+0530 (India Standard Time) - PUT /artist-type HTTP/1.1 204 - - 6 - PostmanRuntime/7.29.2
::1 - Fri Oct 28 2022 16:57:56 GMT+0530 (India Standard Time) - PUT /artist-type HTTP/1.1 200 59 - 177 - PostmanRuntime/7.29.2
::1 - Fri Oct 28 2022 16:58:01 GMT+0530 (India Standard Time) - GET /artist-type/ HTTP/1.1 200 151 - 19 - PostmanRuntime/7.29.2
::1 - Fri Oct 28 2022 16:59:29 GMT+0530 (India Standard Time) - DELETE /artist-type/?type_id=635bbbf5e0ba785d10f29316 HTTP/1.1 200 59 - 96 - PostmanRuntime/7.29.2
::1 - Fri Oct 28 2022 16:59:37 GMT+0530 (India Standard Time) - GET /artist-type/ HTTP/1.1 200 49 - 16 - PostmanRuntime/7.29.2
::1 - Fri Oct 28 2022 17:00:54 GMT+0530 (India Standard Time) - GET /artist/ HTTP/1.1 200 49 - 13 - PostmanRuntime/7.29.2
::1 - Fri Oct 28 2022 17:05:21 GMT+0530 (India Standard Time) - POST /artist HTTP/1.1 500 35 - 61 - PostmanRuntime/7.29.2
::1 - Fri Oct 28 2022 17:06:44 GMT+0530 (India Standard Time) - POST /artist HTTP/1.1 200 81 - 55 - PostmanRuntime/7.29.2
::1 - Fri Oct 28 2022 17:08:38 GMT+0530 (India Standard Time) - POST /artist HTTP/1.1 200 54 - 304 - PostmanRuntime/7.29.2
::1 - Fri Oct 28 2022 17:08:43 GMT+0530 (India Standard Time) - GET /artist/ HTTP/1.1 200 468 - 24 - PostmanRuntime/7.29.2
::1 - Fri Oct 28 2022 17:12:25 GMT+0530 (India Standard Time) - POST /artist HTTP/1.1 200 54 - 50 - PostmanRuntime/7.29.2
::1 - Fri Oct 28 2022 17:12:30 GMT+0530 (India Standard Time) - GET /artist/ HTTP/1.1 200 931 - 13 - PostmanRuntime/7.29.2
::1 - Fri Oct 28 2022 17:18:05 GMT+0530 (India Standard Time) - PUT /artist/ HTTP/1.1 204 - - 70 - PostmanRuntime/7.29.2
::1 - Fri Oct 28 2022 17:20:06 GMT+0530 (India Standard Time) - PUT /artist/ HTTP/1.1 200 54 - 118 - PostmanRuntime/7.29.2
::1 - Fri Oct 28 2022 17:20:16 GMT+0530 (India Standard Time) - GET /artist/ HTTP/1.1 200 993 - 25 - PostmanRuntime/7.29.2
::1 - Fri Oct 28 2022 17:23:19 GMT+0530 (India Standard Time) - GET /artist/ HTTP/1.1 200 993 - 124 - PostmanRuntime/7.29.2
::1 - Fri Oct 28 2022 17:23:46 GMT+0530 (India Standard Time) - DELETE /artist/?artist_id=635bc021dbb6b55a253c3135 HTTP/1.1 200 54 - 25 - PostmanRuntime/7.29.2
::1 - Fri Oct 28 2022 17:24:00 GMT+0530 (India Standard Time) - GET /artist/ HTTP/1.1 200 530 - 12 - PostmanRuntime/7.29.2
::1 - Fri Oct 28 2022 17:27:10 GMT+0530 (India Standard Time) - GET /artist/amit HTTP/1.1 200 49 - 61 - PostmanRuntime/7.29.2
::1 - Fri Oct 28 2022 17:27:16 GMT+0530 (India Standard Time) - GET /artist/kumar HTTP/1.1 200 49 - 7 - PostmanRuntime/7.29.2
::1 - Fri Oct 28 2022 17:27:29 GMT+0530 (India Standard Time) - GET /artist/Kumar HTTP/1.1 200 604 - 17 - PostmanRuntime/7.29.2
::1 - Fri Oct 28 2022 17:35:51 GMT+0530 (India Standard Time) - GET /artistofyear HTTP/1.1 401 59 - 15 - PostmanRuntime/7.29.2
::1 - Fri Oct 28 2022 17:41:58 GMT+0530 (India Standard Time) - POST /artistofyear/ HTTP/1.1 200 62 - 196 - PostmanRuntime/7.29.2
::1 - Fri Oct 28 2022 17:42:04 GMT+0530 (India Standard Time) - GET /artistofyear HTTP/1.1 200 210 - 22 - PostmanRuntime/7.29.2
::1 - Fri Oct 28 2022 17:43:55 GMT+0530 (India Standard Time) - POST /artistofyear/ HTTP/1.1 400 35 - 47 - PostmanRuntime/7.29.2
::1 - Fri Oct 28 2022 17:44:00 GMT+0530 (India Standard Time) - POST /artistofyear/ HTTP/1.1 200 62 - 11 - PostmanRuntime/7.29.2
::1 - Fri Oct 28 2022 17:44:07 GMT+0530 (India Standard Time) - GET /artistofyear HTTP/1.1 200 425 - 6 - PostmanRuntime/7.29.2
::1 - Fri Oct 28 2022 17:50:34 GMT+0530 (India Standard Time) - DELETE /artistofyear/?aoy_id=635bc70ee04221dffeace612 HTTP/1.1 200 62 - 52 - PostmanRuntime/7.29.2
::1 - Fri Oct 28 2022 17:51:16 GMT+0530 (India Standard Time) - GET /artistofyear HTTP/1.1 200 263 - 27 - PostmanRuntime/7.29.2
::1 - Fri Oct 28 2022 17:54:33 GMT+0530 (India Standard Time) - GET /artwork-frame/ HTTP/1.1 200 49 - 35 - PostmanRuntime/7.29.2
::1 - Fri Oct 28 2022 18:08:54 GMT+0530 (India Standard Time) - POST /artwork-frame/ HTTP/1.1 200 61 - 381 - PostmanRuntime/7.29.2
::1 - Fri Oct 28 2022 18:09:00 GMT+0530 (India Standard Time) - GET /artwork-frame/ HTTP/1.1 200 209 - 22 - PostmanRuntime/7.29.2
::1 - Fri Oct 28 2022 18:10:05 GMT+0530 (India Standard Time) - POST /artwork-frame/ HTTP/1.1 200 61 - 34 - PostmanRuntime/7.29.2
::1 - Fri Oct 28 2022 18:10:09 GMT+0530 (India Standard Time) - GET /artwork-frame/ HTTP/1.1 200 370 - 13 - PostmanRuntime/7.29.2
::1 - Fri Oct 28 2022 18:14:51 GMT+0530 (India Standard Time) - DELETE /artwork-frame/?frame_id=635bcda50ae1fac41d9295ba HTTP/1.1 500 35 - 15 - PostmanRuntime/7.29.2
::1 - Fri Oct 28 2022 18:16:25 GMT+0530 (India Standard Time) - DELETE /artwork-frame/?frame_id=635bcda50ae1fac41d9295ba HTTP/1.1 200 63 - 12 - PostmanRuntime/7.29.2
::1 - Fri Oct 28 2022 18:16:51 GMT+0530 (India Standard Time) - DELETE /artwork-frame/?frame_id=635bcda50ae1fac41d9295ba HTTP/1.1 200 61 - 36 - PostmanRuntime/7.29.2
::1 - Fri Oct 28 2022 18:16:57 GMT+0530 (India Standard Time) - GET /artwork-frame/ HTTP/1.1 200 209 - 28 - PostmanRuntime/7.29.2
::1 - Fri Oct 28 2022 18:20:10 GMT+0530 (India Standard Time) - GET /artwork-frame/ HTTP/1.1 401 59 - 14 - PostmanRuntime/7.29.2
::1 - Fri Oct 28 2022 18:24:43 GMT+0530 (India Standard Time) - GET /artwork/ HTTP/1.1 200 841 - 42 - PostmanRuntime/7.29.2
::1 - Fri Oct 28 2022 18:25:25 GMT+0530 (India Standard Time) - POST /artwork/ HTTP/1.1 200 55 - 148 - PostmanRuntime/7.29.2
::1 - Fri Oct 28 2022 18:25:36 GMT+0530 (India Standard Time) - GET /artwork/ HTTP/1.1 200 888 - 12 - PostmanRuntime/7.29.2
::1 - Fri Oct 28 2022 18:26:58 GMT+0530 (India Standard Time) - POST /artwork/ HTTP/1.1 200 55 - 77 - PostmanRuntime/7.29.2
::1 - Fri Oct 28 2022 18:27:14 GMT+0530 (India Standard Time) - GET /artwork/ HTTP/1.1 200 - - 10 - PostmanRuntime/7.29.2
::1 - Fri Oct 28 2022 18:32:38 GMT+0530 (India Standard Time) - DELETE /artwork/?artwork_id=635a2de90e225ffb0d107f03 HTTP/1.1 401 59 - 7 - PostmanRuntime/7.29.2
::1 - Fri Oct 28 2022 18:33:04 GMT+0530 (India Standard Time) - DELETE /artwork/?artwork_id=635a2de90e225ffb0d107f03 HTTP/1.1 200 55 - 35 - PostmanRuntime/7.29.2
::1 - Fri Oct 28 2022 18:33:22 GMT+0530 (India Standard Time) - GET /artwork/ HTTP/1.1 200 886 - 23 - PostmanRuntime/7.29.2
::1 - Fri Oct 28 2022 18:33:38 GMT+0530 (India Standard Time) - DELETE /artwork/?artwork_id=635a2de90e225ffb0d107f03 HTTP/1.1 200 55 - 10 - PostmanRuntime/7.29.2
::1 - Fri Oct 28 2022 18:34:13 GMT+0530 (India Standard Time) - DELETE /artwork/?artwork_id=635a2de90e225ffb0d107f03 HTTP/1.1 200 55 - 13 - PostmanRuntime/7.29.2
::1 - Fri Oct 28 2022 18:34:22 GMT+0530 (India Standard Time) - GET /artwork/ HTTP/1.1 200 886 - 15 - PostmanRuntime/7.29.2
::1 - Fri Oct 28 2022 18:34:38 GMT+0530 (India Standard Time) - DELETE /artwork/?artwork_id=6357d86e9f4422543ef7b9a0 HTTP/1.1 200 55 - 6 - PostmanRuntime/7.29.2
::1 - Fri Oct 28 2022 18:34:49 GMT+0530 (India Standard Time) - GET /artwork/ HTTP/1.1 200 683 - 8 - PostmanRuntime/7.29.2
::1 - Fri Oct 28 2022 18:37:40 GMT+0530 (India Standard Time) - GET /category HTTP/1.1 204 - - 14 - PostmanRuntime/7.29.2
::1 - Fri Oct 28 2022 18:38:23 GMT+0530 (India Standard Time) - GET /category?type=Painter HTTP/1.1 200 49 - 173 - PostmanRuntime/7.29.2
::1 - Fri Oct 28 2022 18:39:50 GMT+0530 (India Standard Time) - POST /category/ HTTP/1.1 401 59 - 42 - PostmanRuntime/7.29.2
::1 - Fri Oct 28 2022 18:40:11 GMT+0530 (India Standard Time) - POST /category/ HTTP/1.1 200 56 - 245 - PostmanRuntime/7.29.2
::1 - Fri Oct 28 2022 18:40:17 GMT+0530 (India Standard Time) - GET /category?type=Painter HTTP/1.1 200 143 - 38 - PostmanRuntime/7.29.2
::1 - Fri Oct 28 2022 18:43:44 GMT+0530 (India Standard Time) - GET /category?type=Painter HTTP/1.1 200 143 - 37 - PostmanRuntime/7.29.2
::1 - Fri Oct 28 2022 18:46:54 GMT+0530 (India Standard Time) - DELETE /category?type=Painter&category_id=635bd4b3989d9aabfa22a2b4 HTTP/1.1 401 59 - 7 - PostmanRuntime/7.29.2
::1 - Fri Oct 28 2022 18:47:11 GMT+0530 (India Standard Time) - DELETE /category?type=Painter&category_id=635bd4b3989d9aabfa22a2b4 HTTP/1.1 200 56 - 34 - PostmanRuntime/7.29.2
::1 - Fri Oct 28 2022 18:47:19 GMT+0530 (India Standard Time) - GET /category?type=Painter HTTP/1.1 200 49 - 22 - PostmanRuntime/7.29.2
::1 - Fri Oct 28 2022 18:48:38 GMT+0530 (India Standard Time) - PUT /category HTTP/1.1 204 - - 8 - PostmanRuntime/7.29.2
::1 - Fri Oct 28 2022 18:49:02 GMT+0530 (India Standard Time) - POST /category/ HTTP/1.1 200 56 - 105 - PostmanRuntime/7.29.2
::1 - Fri Oct 28 2022 18:49:10 GMT+0530 (India Standard Time) - GET /category?type=Painter HTTP/1.1 200 178 - 19 - PostmanRuntime/7.29.2
::1 - Fri Oct 28 2022 18:50:19 GMT+0530 (India Standard Time) - PUT /category HTTP/1.1 204 - - 7 - PostmanRuntime/7.29.2
::1 - Fri Oct 28 2022 18:51:04 GMT+0530 (India Standard Time) - PUT /category HTTP/1.1 204 - - 1 - PostmanRuntime/7.29.2
::1 - Fri Oct 28 2022 18:51:06 GMT+0530 (India Standard Time) - PUT /category HTTP/1.1 204 - - 2 - PostmanRuntime/7.29.2
::1 - Fri Oct 28 2022 18:52:19 GMT+0530 (India Standard Time) - PUT /category HTTP/1.1 200 56 - 12 - PostmanRuntime/7.29.2
::1 - Fri Oct 28 2022 18:52:26 GMT+0530 (India Standard Time) - GET /category?type=Painter HTTP/1.1 200 190 - 5 - PostmanRuntime/7.29.2
::1 - Fri Oct 28 2022 18:54:35 GMT+0530 (India Standard Time) - GET /servoces/ HTTP/1.1 404 35 - 18 - PostmanRuntime/7.29.2
::1 - Fri Oct 28 2022 18:54:43 GMT+0530 (India Standard Time) - GET /services/ HTTP/1.1 401 59 - 4 - PostmanRuntime/7.29.2
::1 - Fri Oct 28 2022 18:56:06 GMT+0530 (India Standard Time) - GET /services/ HTTP/1.1 200 49 - 64 - PostmanRuntime/7.29.2
::1 - Fri Oct 28 2022 18:58:26 GMT+0530 (India Standard Time) - GET /style/ HTTP/1.1 401 59 - 18 - PostmanRuntime/7.29.2
::1 - Fri Oct 28 2022 18:58:44 GMT+0530 (India Standard Time) - GET /style/ HTTP/1.1 204 - - 15 - PostmanRuntime/7.29.2
::1 - Fri Oct 28 2022 18:59:14 GMT+0530 (India Standard Time) - GET /style HTTP/1.1 204 - - 14 - PostmanRuntime/7.29.2
::1 - Fri Oct 28 2022 18:59:21 GMT+0530 (India Standard Time) - GET /style HTTP/1.1 204 - - 23 - PostmanRuntime/7.29.2
::1 - Fri Oct 28 2022 19:02:10 GMT+0530 (India Standard Time) - POST /style/ HTTP/1.1 200 53 - 244 - PostmanRuntime/7.29.2
::1 - Fri Oct 28 2022 19:02:38 GMT+0530 (India Standard Time) - GET /style/?type=Artist HTTP/1.1 200 157 - 22 - PostmanRuntime/7.29.2
::1 - Fri Oct 28 2022 19:03:58 GMT+0530 (India Standard Time) - DELETE /style/?style_id=635bd9dacd8658eaf65ab33d&type=Artist HTTP/1.1 401 59 - 5 - PostmanRuntime/7.29.2
::1 - Fri Oct 28 2022 19:04:18 GMT+0530 (India Standard Time) - DELETE /style/?style_id=635bd9dacd8658eaf65ab33d&type=Artist HTTP/1.1 200 53 - 41 - PostmanRuntime/7.29.2
::1 - Fri Oct 28 2022 19:04:24 GMT+0530 (India Standard Time) - GET /style/?type=Artist HTTP/1.1 200 49 - 19 - PostmanRuntime/7.29.2
::1 - Fri Oct 28 2022 19:05:34 GMT+0530 (India Standard Time) - POST /style/ HTTP/1.1 200 53 - 74 - PostmanRuntime/7.29.2
::1 - Fri Oct 28 2022 19:05:39 GMT+0530 (India Standard Time) - GET /style/?type=Artist HTTP/1.1 200 157 - 10 - PostmanRuntime/7.29.2
::1 - Fri Oct 28 2022 19:07:00 GMT+0530 (India Standard Time) - PUT /style/ HTTP/1.1 401 59 - 4 - PostmanRuntime/7.29.2
::1 - Fri Oct 28 2022 19:07:20 GMT+0530 (India Standard Time) - PUT /style/ HTTP/1.1 200 53 - 65 - PostmanRuntime/7.29.2
::1 - Fri Oct 28 2022 19:07:36 GMT+0530 (India Standard Time) - GET /style/?type=Artist HTTP/1.1 200 169 - 23 - PostmanRuntime/7.29.2
