::1 - Fri Oct 21 2022 00:44:35 GMT+0530 (India Standard Time) - POST /event HTTP/1.1 500 35 - 129 - PostmanRuntime/7.29.2
::1 - Fri Oct 21 2022 00:44:42 GMT+0530 (India Standard Time) - POST /event HTTP/1.1 500 35 - 13 - PostmanRuntime/7.29.2
::1 - Fri Oct 21 2022 00:44:49 GMT+0530 (India Standard Time) - POST /event/ HTTP/1.1 500 35 - 3 - PostmanRuntime/7.29.2
::1 - Fri Oct 21 2022 00:46:26 GMT+0530 (India Standard Time) - POST /event/ HTTP/1.1 500 35 - 39 - PostmanRuntime/7.29.2
::1 - Fri Oct 21 2022 00:46:54 GMT+0530 (India Standard Time) - POST / HTTP/1.1 404 35 - 6 - PostmanRuntime/7.29.2
::1 - Fri Oct 21 2022 00:47:26 GMT+0530 (India Standard Time) - POST /event HTTP/1.1 500 35 - 39 - PostmanRuntime/7.29.2
::1 - Fri Oct 21 2022 00:47:52 GMT+0530 (India Standard Time) - POST /event HTTP/1.1 500 35 - 6 - PostmanRuntime/7.29.2
::1 - Fri Oct 21 2022 00:48:02 GMT+0530 (India Standard Time) - POST /event HTTP/1.1 500 35 - 2 - PostmanRuntime/7.29.2
::1 - Fri Oct 21 2022 00:49:56 GMT+0530 (India Standard Time) - POST /event HTTP/1.1 500 35 - 1 - PostmanRuntime/7.29.2
::1 - Fri Oct 21 2022 00:50:27 GMT+0530 (India Standard Time) - POST /event HTTP/1.1 500 35 - 13 - PostmanRuntime/7.29.2
::1 - Fri Oct 21 2022 00:50:39 GMT+0530 (India Standard Time) - POST /event HTTP/1.1 500 35 - 34 - PostmanRuntime/7.29.2
::1 - Fri Oct 21 2022 00:51:33 GMT+0530 (India Standard Time) - GET /event HTTP/1.1 200 232 - 99 - PostmanRuntime/7.29.2
::1 - Fri Oct 21 2022 00:51:46 GMT+0530 (India Standard Time) - POST /event HTTP/1.1 500 35 - 9 - PostmanRuntime/7.29.2
::1 - Fri Oct 21 2022 00:52:11 GMT+0530 (India Standard Time) - POST /event/ HTTP/1.1 500 35 - 2 - PostmanRuntime/7.29.2
::1 - Fri Oct 21 2022 00:53:35 GMT+0530 (India Standard Time) - POST /event/ HTTP/1.1 500 35 - 49 - PostmanRuntime/7.29.2
::1 - Fri Oct 21 2022 00:53:53 GMT+0530 (India Standard Time) - POST /event/ HTTP/1.1 500 35 - 8 - PostmanRuntime/7.29.2
::1 - Fri Oct 21 2022 00:53:58 GMT+0530 (India Standard Time) - POST /event/ HTTP/1.1 500 35 - 3 - PostmanRuntime/7.29.2
::1 - Fri Oct 21 2022 00:54:12 GMT+0530 (India Standard Time) - POST /event HTTP/1.1 500 35 - 3 - PostmanRuntime/7.29.2
::1 - Fri Oct 21 2022 00:54:21 GMT+0530 (India Standard Time) - GET /event HTTP/1.1 200 232 - 49 - PostmanRuntime/7.29.2
::1 - Fri Oct 21 2022 00:54:29 GMT+0530 (India Standard Time) - POST /event HTTP/1.1 500 35 - 2 - PostmanRuntime/7.29.2
::1 - Fri Oct 21 2022 00:55:34 GMT+0530 (India Standard Time) - GET /news HTTP/1.1 200 49 - 13 - PostmanRuntime/7.29.2
::1 - Fri Oct 21 2022 00:56:15 GMT+0530 (India Standard Time) - POST /news HTTP/1.1 200 52 - 14 - PostmanRuntime/7.29.2
::1 - Fri Oct 21 2022 00:56:23 GMT+0530 (India Standard Time) - GET /news HTTP/1.1 200 95 - 6 - PostmanRuntime/7.29.2
::1 - Fri Oct 21 2022 09:57:08 GMT+0530 (India Standard Time) - GET /news HTTP/1.1 200 95 - 85 - PostmanRuntime/7.29.2
::1 - Fri Oct 21 2022 10:00:11 GMT+0530 (India Standard Time) - POST /news HTTP/1.1 200 52 - 152 - PostmanRuntime/7.29.2
::1 - Fri Oct 21 2022 10:00:17 GMT+0530 (India Standard Time) - GET /news HTTP/1.1 200 234 - 19 - PostmanRuntime/7.29.2
::1 - Fri Oct 21 2022 10:01:23 GMT+0530 (India Standard Time) - DELETE /event/?news_id=6351a0d7ff1b3ad4460ef2fb HTTP/1.1 204 - - 2 - PostmanRuntime/7.29.2
::1 - Fri Oct 21 2022 10:01:53 GMT+0530 (India Standard Time) - DELETE /event/6351a0d7ff1b3ad4460ef2fb HTTP/1.1 404 35 - 3 - PostmanRuntime/7.29.2
::1 - Fri Oct 21 2022 10:02:04 GMT+0530 (India Standard Time) - DELETE /event/?news_id=6351a0d7ff1b3ad4460ef2fb HTTP/1.1 204 - - 1 - PostmanRuntime/7.29.2
::1 - Fri Oct 21 2022 10:02:25 GMT+0530 (India Standard Time) - DELETE /event/?news_id=6351a0d7ff1b3ad4460ef2fb HTTP/1.1 204 - - 9 - PostmanRuntime/7.29.2
::1 - Fri Oct 21 2022 10:02:46 GMT+0530 (India Standard Time) - DELETE /event/?news_id=6351a0d7ff1b3ad4460ef2fb HTTP/1.1 204 - - 10 - PostmanRuntime/7.29.2
::1 - Fri Oct 21 2022 10:03:01 GMT+0530 (India Standard Time) - DELETE /event/ HTTP/1.1 204 - - 5 - PostmanRuntime/7.29.2
::1 - Fri Oct 21 2022 10:03:44 GMT+0530 (India Standard Time) - DELETE /event/ HTTP/1.1 204 - - 7 - PostmanRuntime/7.29.2
::1 - Fri Oct 21 2022 10:03:47 GMT+0530 (India Standard Time) - DELETE /event/ HTTP/1.1 204 - - 3 - PostmanRuntime/7.29.2
::1 - Fri Oct 21 2022 10:14:11 GMT+0530 (India Standard Time) - DELETE /event/ HTTP/1.1 204 - - 2 - PostmanRuntime/7.29.2
::1 - Fri Oct 21 2022 10:14:26 GMT+0530 (India Standard Time) - DELETE /event HTTP/1.1 204 - - 11 - PostmanRuntime/7.29.2
::1 - Fri Oct 21 2022 10:14:29 GMT+0530 (India Standard Time) - DELETE /event HTTP/1.1 204 - - 4 - PostmanRuntime/7.29.2
::1 - Fri Oct 21 2022 10:53:21 GMT+0530 (India Standard Time) - DELETE /event HTTP/1.1 204 - - 14 - PostmanRuntime/7.29.2
::1 - Fri Oct 21 2022 10:53:23 GMT+0530 (India Standard Time) - DELETE /event HTTP/1.1 204 - - 10 - PostmanRuntime/7.29.2
::1 - Fri Oct 21 2022 11:01:25 GMT+0530 (India Standard Time) - GET /news HTTP/1.1 200 234 - 65 - PostmanRuntime/7.29.2
::1 - Fri Oct 21 2022 11:01:58 GMT+0530 (India Standard Time) - DELETE /news HTTP/1.1 204 - - 4 - PostmanRuntime/7.29.2
::1 - Fri Oct 21 2022 11:17:06 GMT+0530 (India Standard Time) - DELETE /news HTTP/1.1 204 - - 36 - PostmanRuntime/7.29.2
::1 - Fri Oct 21 2022 11:19:17 GMT+0530 (India Standard Time) - PUT /news HTTP/1.1 204 14 - 13 - PostmanRuntime/7.29.2
::1 - Fri Oct 21 2022 11:20:24 GMT+0530 (India Standard Time) - PUT /news?news_id=sdvpnboroeg HTTP/1.1 500 35 - 22 - PostmanRuntime/7.29.2
::1 - Fri Oct 21 2022 11:20:44 GMT+0530 (India Standard Time) - PUT /news/?news_id=sdvpnboroeg HTTP/1.1 500 35 - 9 - PostmanRuntime/7.29.2
::1 - Fri Oct 21 2022 11:21:10 GMT+0530 (India Standard Time) - GET /event HTTP/1.1 200 232 - 29 - PostmanRuntime/7.29.2
::1 - Fri Oct 21 2022 11:21:23 GMT+0530 (India Standard Time) - GET /news HTTP/1.1 200 234 - 14 - PostmanRuntime/7.29.2
::1 - Fri Oct 21 2022 11:22:37 GMT+0530 (India Standard Time) - PUT /news/?news_id=634fe0d6b8bf212d9452b442 HTTP/1.1 200 38 - 5 - PostmanRuntime/7.29.2
::1 - Fri Oct 21 2022 11:30:38 GMT+0530 (India Standard Time) - PUT /news/?news_id=634fe0d6b8bf212d9452b442&title=Demo&description=Demo%20Purpose&status=Active HTTP/1.1 200 38 - 13 - PostmanRuntime/7.29.2
::1 - Fri Oct 21 2022 11:31:17 GMT+0530 (India Standard Time) - PUT /news/?news_id=6351a0d7ff1b3ad4460ef2fb&title=Demo&description=Demo%20Purpose&status=Active HTTP/1.1 200 38 - 23 - PostmanRuntime/7.29.2
::1 - Fri Oct 21 2022 11:31:43 GMT+0530 (India Standard Time) - PUT /news/?news_id=6351a0d7ff1b3ad4460ef2fb&title=Demo&description=Demo%20Purpose&status=Active HTTP/1.1 500 35 - 12 - PostmanRuntime/7.29.2
::1 - Fri Oct 21 2022 11:33:11 GMT+0530 (India Standard Time) - PUT /news/?news_id=6351a0d7ff1b3ad4460ef2fb HTTP/1.1 500 35 - 16 - PostmanRuntime/7.29.2
::1 - Fri Oct 21 2022 11:33:36 GMT+0530 (India Standard Time) - PUT /news/?news_id=6351a0d7ff1b3ad4460ef2fb HTTP/1.1 500 35 - 4 - PostmanRuntime/7.29.2
::1 - Fri Oct 21 2022 11:34:27 GMT+0530 (India Standard Time) - PUT /news/?news_id=6351a0d7ff1b3ad4460ef2fb HTTP/1.1 500 35 - 4 - PostmanRuntime/7.29.2
::1 - Fri Oct 21 2022 11:34:54 GMT+0530 (India Standard Time) - PUT /news/?news_id=6351a0d7ff1b3ad4460ef2fb HTTP/1.1 500 35 - 3 - PostmanRuntime/7.29.2
::1 - Fri Oct 21 2022 11:35:11 GMT+0530 (India Standard Time) - PUT /news/?news_id=6351a0d7ff1b3ad4460ef2fb HTTP/1.1 200 51 - 25 - PostmanRuntime/7.29.2
::1 - Fri Oct 21 2022 11:35:25 GMT+0530 (India Standard Time) - PUT /news/?news_id=6351a0d7ff1b3ad4460ef2fb HTTP/1.1 200 51 - 3 - PostmanRuntime/7.29.2
::1 - Fri Oct 21 2022 11:36:52 GMT+0530 (India Standard Time) - PUT /news/?news_id=6351a0d7ff1b3ad4460ef2fb HTTP/1.1 500 35 - 15 - PostmanRuntime/7.29.2
::1 - Fri Oct 21 2022 11:53:50 GMT+0530 (India Standard Time) - PUT /news/?news_id=6351a0d7ff1b3ad4460ef2fb HTTP/1.1 200 38 - 16 - PostmanRuntime/7.29.2
::1 - Fri Oct 21 2022 11:54:28 GMT+0530 (India Standard Time) - PUT /news/?news_id=6351a0d7ff1b3ad4460ef2fb HTTP/1.1 200 38 - 14 - PostmanRuntime/7.29.2
::1 - Fri Oct 21 2022 11:54:50 GMT+0530 (India Standard Time) - PUT /news/?news_id=6351a0d7ff1b3ad4460ef2fb HTTP/1.1 200 38 - 14 - PostmanRuntime/7.29.2
::1 - Fri Oct 21 2022 11:56:37 GMT+0530 (India Standard Time) - PUT /news/?news_id=6351a0d7ff1b3ad4460ef2fb HTTP/1.1 200 38 - 13 - PostmanRuntime/7.29.2
::1 - Fri Oct 21 2022 12:03:02 GMT+0530 (India Standard Time) - PUT /news/6351a0d7ff1b3ad4460ef2fb HTTP/1.1 204 14 - 17 - PostmanRuntime/7.29.2
::1 - Fri Oct 21 2022 12:03:27 GMT+0530 (India Standard Time) - PUT /news/6351a0d7ff1b3ad4460ef2fb HTTP/1.1 204 2 - 16 - PostmanRuntime/7.29.2
::1 - Fri Oct 21 2022 12:03:56 GMT+0530 (India Standard Time) - PUT /news/6351a0d7ff1b3ad4460ef2fb HTTP/1.1 200 38 - 13 - PostmanRuntime/7.29.2
::1 - Fri Oct 21 2022 12:05:11 GMT+0530 (India Standard Time) - PUT /news/6351a0d7ff1b3ad4460ef2fb HTTP/1.1 200 48 - 12 - PostmanRuntime/7.29.2
::1 - Fri Oct 21 2022 12:06:17 GMT+0530 (India Standard Time) - PUT /news/6351a0d7ff1b3ad4460ef2fb HTTP/1.1 200 38 - 18 - PostmanRuntime/7.29.2
::1 - Fri Oct 21 2022 12:07:05 GMT+0530 (India Standard Time) - PUT /news/6351a0d7ff1b3ad4460ef2fb HTTP/1.1 200 11 - 15 - PostmanRuntime/7.29.2
::1 - Fri Oct 21 2022 12:08:54 GMT+0530 (India Standard Time) - PUT /news/6351a0d7ff1b3ad4460ef2fb HTTP/1.1 200 11 - 13 - PostmanRuntime/7.29.2
::1 - Fri Oct 21 2022 12:09:16 GMT+0530 (India Standard Time) - PUT /news/6351a0d7ff1b3ad4460ef2fb HTTP/1.1 200 11 - 14 - PostmanRuntime/7.29.2
::1 - Fri Oct 21 2022 12:10:58 GMT+0530 (India Standard Time) - PUT /news/?news_id=6351a0d7ff1b3ad4460ef2fb HTTP/1.1 204 - - 15 - PostmanRuntime/7.29.2
::1 - Fri Oct 21 2022 12:13:18 GMT+0530 (India Standard Time) - PUT /news/?news_id=6351a0d7ff1b3ad4460ef2fb HTTP/1.1 204 64 - 526 - PostmanRuntime/7.29.2
::1 - Fri Oct 21 2022 12:13:56 GMT+0530 (India Standard Time) - PUT /news/?news_id=6351a0d7ff1b3ad4460ef2fb HTTP/1.1 204 - - 97 - PostmanRuntime/7.29.2
::1 - Fri Oct 21 2022 12:14:00 GMT+0530 (India Standard Time) - PUT /news/?news_id=6351a0d7ff1b3ad4460ef2fb HTTP/1.1 204 - - 6 - PostmanRuntime/7.29.2
::1 - Fri Oct 21 2022 12:14:27 GMT+0530 (India Standard Time) - PUT /news/?news_id=6351a0d7ff1b3ad4460ef2fb HTTP/1.1 204 - - 38 - PostmanRuntime/7.29.2
::1 - Fri Oct 21 2022 12:15:29 GMT+0530 (India Standard Time) - PUT /news/?news_id=6351a0d7ff1b3ad4460ef2fb HTTP/1.1 204 - - 51 - PostmanRuntime/7.29.2
::1 - Fri Oct 21 2022 12:16:10 GMT+0530 (India Standard Time) - PUT /news/?news_id=6351a0d7ff1b3ad4460ef2fb HTTP/1.1 204 - - 7 - PostmanRuntime/7.29.2
::1 - Fri Oct 21 2022 12:16:48 GMT+0530 (India Standard Time) - PUT /news/?news_id=635220538dd1fb4209574d45 HTTP/1.1 204 - - 43 - PostmanRuntime/7.29.2
::1 - Fri Oct 21 2022 12:32:27 GMT+0530 (India Standard Time) - PUT /news/?news_id=635220538dd1fb4209574d45 HTTP/1.1 204 - - 34 - PostmanRuntime/7.29.2
::1 - Fri Oct 21 2022 12:33:06 GMT+0530 (India Standard Time) - PUT /news/?news_id=635220538dd1fb4209574d45 HTTP/1.1 204 - - 35 - PostmanRuntime/7.29.2
::1 - Fri Oct 21 2022 12:33:08 GMT+0530 (India Standard Time) - PUT /news/?news_id=635220538dd1fb4209574d45 HTTP/1.1 204 - - 7 - PostmanRuntime/7.29.2
::1 - Fri Oct 21 2022 12:33:10 GMT+0530 (India Standard Time) - PUT /news/?news_id=635220538dd1fb4209574d45 HTTP/1.1 204 - - 2 - PostmanRuntime/7.29.2
::1 - Fri Oct 21 2022 12:33:11 GMT+0530 (India Standard Time) - PUT /news/?news_id=635220538dd1fb4209574d45 HTTP/1.1 204 - - 2 - PostmanRuntime/7.29.2
::1 - Fri Oct 21 2022 12:33:50 GMT+0530 (India Standard Time) - PUT /news/?news_id=635220538dd1fb4209574d45 HTTP/1.1 204 - - 5 - PostmanRuntime/7.29.2
::1 - Fri Oct 21 2022 12:34:13 GMT+0530 (India Standard Time) - PUT /news/?news_id=635220538dd1fb4209574d45 HTTP/1.1 204 - - 2 - PostmanRuntime/7.29.2
::1 - Fri Oct 21 2022 12:42:55 GMT+0530 (India Standard Time) - PATCH /news/?news_id=635220538dd1fb4209574d45 HTTP/1.1 204 - - 96 - PostmanRuntime/7.29.2
::1 - Fri Oct 21 2022 12:43:28 GMT+0530 (India Standard Time) - PATCH /news/?news_id=635220538dd1fb4209574d45 HTTP/1.1 204 - - 46 - PostmanRuntime/7.29.2
::1 - Fri Oct 21 2022 12:43:38 GMT+0530 (India Standard Time) - PATCH /news?news_id=635220538dd1fb4209574d45 HTTP/1.1 204 - - 6 - PostmanRuntime/7.29.2
::1 - Fri Oct 21 2022 12:43:40 GMT+0530 (India Standard Time) - PATCH /news?news_id=635220538dd1fb4209574d45 HTTP/1.1 204 - - 2 - PostmanRuntime/7.29.2
::1 - Fri Oct 21 2022 12:44:32 GMT+0530 (India Standard Time) - PUT /event/ HTTP/1.1 200 53 - 68 - PostmanRuntime/7.29.2
::1 - Fri Oct 21 2022 12:45:45 GMT+0530 (India Standard Time) - GET /news HTTP/1.1 200 187 - 73 - PostmanRuntime/7.29.2
::1 - Fri Oct 21 2022 12:46:41 GMT+0530 (India Standard Time) - PATCH /news HTTP/1.1 200 52 - 134 - PostmanRuntime/7.29.2
::1 - Fri Oct 21 2022 12:46:52 GMT+0530 (India Standard Time) - GET /news HTTP/1.1 200 213 - 13 - PostmanRuntime/7.29.2
::1 - Fri Oct 21 2022 12:47:22 GMT+0530 (India Standard Time) - PUT /news HTTP/1.1 200 52 - 64 - PostmanRuntime/7.29.2
::1 - Fri Oct 21 2022 12:47:29 GMT+0530 (India Standard Time) - GET /news HTTP/1.1 200 321 - 10 - PostmanRuntime/7.29.2
::1 - Fri Oct 21 2022 12:48:15 GMT+0530 (India Standard Time) - GET /news HTTP/1.1 200 321 - 6 - PostmanRuntime/7.29.2
::1 - Fri Oct 21 2022 12:49:16 GMT+0530 (India Standard Time) - PUT /news HTTP/1.1 200 52 - 63 - PostmanRuntime/7.29.2
::1 - Fri Oct 21 2022 12:49:26 GMT+0530 (India Standard Time) - GET /news HTTP/1.1 200 359 - 40 - PostmanRuntime/7.29.2
::1 - Fri Oct 21 2022 12:50:31 GMT+0530 (India Standard Time) - DELETE /news/?news_id=635220538dd1fb4209574d45 HTTP/1.1 200 52 - 9 - PostmanRuntime/7.29.2
::1 - Fri Oct 21 2022 12:50:44 GMT+0530 (India Standard Time) - GET /news HTTP/1.1 200 49 - 5 - PostmanRuntime/7.29.2
::1 - Fri Oct 21 2022 12:51:41 GMT+0530 (India Standard Time) - GET /artwork HTTP/1.1 200 49 - 38 - PostmanRuntime/7.29.2
::1 - Fri Oct 21 2022 13:06:34 GMT+0530 (India Standard Time) - GET /news HTTP/1.1 200 49 - 55 - PostmanRuntime/7.29.2
::1 - Fri Oct 21 2022 13:06:41 GMT+0530 (India Standard Time) - GET /news HTTP/1.1 200 49 - 9 - PostmanRuntime/7.29.2
::1 - Fri Oct 21 2022 14:22:26 GMT+0530 (India Standard Time) - GET /blo HTTP/1.1 404 35 - 20 - PostmanRuntime/7.29.2
::1 - Fri Oct 21 2022 14:22:29 GMT+0530 (India Standard Time) - GET /blog HTTP/1.1 200 242 - 106 - PostmanRuntime/7.29.2
::1 - Fri Oct 21 2022 14:28:44 GMT+0530 (India Standard Time) - GET /blog HTTP/1.1 200 242 - 99 - PostmanRuntime/7.29.2
::1 - Fri Oct 21 2022 14:30:57 GMT+0530 (India Standard Time) - POST /blog HTTP/1.1 401 59 - 16 - PostmanRuntime/7.29.2
::1 - Fri Oct 21 2022 14:31:43 GMT+0530 (India Standard Time) - GET /client HTTP/1.1 401 59 - 4 - PostmanRuntime/7.29.2
::1 - Fri Oct 21 2022 14:32:09 GMT+0530 (India Standard Time) - POST /client HTTP/1.1 200 54 - 175 - PostmanRuntime/7.29.2
::1 - Fri Oct 21 2022 14:33:14 GMT+0530 (India Standard Time) - POST /client HTTP/1.1 200 54 - 229 - PostmanRuntime/7.29.2
::1 - Fri Oct 21 2022 14:36:06 GMT+0530 (India Standard Time) - GET /client HTTP/1.1 401 59 - 22 - PostmanRuntime/7.29.2
::1 - Fri Oct 21 2022 14:36:37 GMT+0530 (India Standard Time) - GET /client HTTP/1.1 200 606 - 149 - PostmanRuntime/7.29.2
::1 - Fri Oct 21 2022 14:37:21 GMT+0530 (India Standard Time) - POST /client HTTP/1.1 200 54 - 139 - PostmanRuntime/7.29.2
::1 - Fri Oct 21 2022 14:37:27 GMT+0530 (India Standard Time) - GET /client HTTP/1.1 200 885 - 25 - PostmanRuntime/7.29.2
::1 - Fri Oct 21 2022 14:40:45 GMT+0530 (India Standard Time) - POST /client HTTP/1.1 200 246 - 66 - PostmanRuntime/7.29.2
::1 - Fri Oct 21 2022 14:41:52 GMT+0530 (India Standard Time) - POST /client HTTP/1.1 200 54 - 346 - PostmanRuntime/7.29.2
::1 - Fri Oct 21 2022 14:42:00 GMT+0530 (India Standard Time) - GET /client HTTP/1.1 200 - - 34 - PostmanRuntime/7.29.2
::1 - Fri Oct 21 2022 15:31:00 GMT+0530 (India Standard Time) - GET /blog/ HTTP/1.1 200 242 - 86 - PostmanRuntime/7.29.2
::1 - Fri Oct 21 2022 15:33:34 GMT+0530 (India Standard Time) - POST /blog/ HTTP/1.1 200 52 - 112 - PostmanRuntime/7.29.2
::1 - Fri Oct 21 2022 15:33:41 GMT+0530 (India Standard Time) - GET /blog/ HTTP/1.1 200 432 - 12 - PostmanRuntime/7.29.2
::1 - Fri Oct 21 2022 15:55:15 GMT+0530 (India Standard Time) - DELETE /blog/?blog_id=635257c19d2ca3f0f3802218 HTTP/1.1 200 52 - 34 - PostmanRuntime/7.29.2
::1 - Fri Oct 21 2022 15:55:22 GMT+0530 (India Standard Time) - GET /blog/ HTTP/1.1 200 238 - 23 - PostmanRuntime/7.29.2
::1 - Fri Oct 21 2022 15:56:56 GMT+0530 (India Standard Time) - GET /blog/ HTTP/1.1 200 238 - 46 - PostmanRuntime/7.29.2
::1 - Fri Oct 21 2022 15:58:52 GMT+0530 (India Standard Time) - GET /blog/63526e76bf3a0a3d8d31dd19 HTTP/1.1 200 238 - 41 - PostmanRuntime/7.29.2
::1 - Fri Oct 21 2022 16:06:29 GMT+0530 (India Standard Time) - POST /blog/ HTTP/1.1 200 52 - 125 - PostmanRuntime/7.29.2
::1 - Fri Oct 21 2022 16:08:26 GMT+0530 (India Standard Time) - PUT /blog/ HTTP/1.1 204 - - 47 - PostmanRuntime/7.29.2
::1 - Fri Oct 21 2022 16:08:55 GMT+0530 (India Standard Time) - PUT /blog/ HTTP/1.1 200 52 - 22 - PostmanRuntime/7.29.2
::1 - Fri Oct 21 2022 16:09:03 GMT+0530 (India Standard Time) - GET /blog/ HTTP/1.1 200 513 - 19 - PostmanRuntime/7.29.2
::1 - Fri Oct 21 2022 16:09:50 GMT+0530 (India Standard Time) - GET /blog/ HTTP/1.1 200 513 - 9 - PostmanRuntime/7.29.2
::1 - Fri Oct 21 2022 16:24:54 GMT+0530 (India Standard Time) - GET /comment/ HTTP/1.1 404 35 - 14 - PostmanRuntime/7.29.2
::1 - Fri Oct 21 2022 16:28:39 GMT+0530 (India Standard Time) - GET /comment/ HTTP/1.1 200 49 - 44 - PostmanRuntime/7.29.2
::1 - Fri Oct 21 2022 16:31:20 GMT+0530 (India Standard Time) - POST /comment/ HTTP/1.1 200 55 - 29 - PostmanRuntime/7.29.2
::1 - Fri Oct 21 2022 16:31:28 GMT+0530 (India Standard Time) - GET /comment/ HTTP/1.1 200 95 - 11 - PostmanRuntime/7.29.2
::1 - Fri Oct 21 2022 23:32:10 GMT+0530 (India Standard Time) - GET /comment/ HTTP/1.1 200 95 - 82 - PostmanRuntime/7.29.2
::1 - Fri Oct 21 2022 23:34:07 GMT+0530 (India Standard Time) - POST /comment/ HTTP/1.1 200 55 - 106 - PostmanRuntime/7.29.2
::1 - Fri Oct 21 2022 23:34:19 GMT+0530 (India Standard Time) - GET /comment/ HTTP/1.1 200 239 - 23 - PostmanRuntime/7.29.2
::1 - Fri Oct 21 2022 23:40:18 GMT+0530 (India Standard Time) - DELETE /delete/?comment_id=6352df170cb0e1451de251f9 HTTP/1.1 404 35 - 7 - PostmanRuntime/7.29.2
::1 - Fri Oct 21 2022 23:44:05 GMT+0530 (India Standard Time) - GET /comment/?comment_id=6352df170cb0e1451de251f9 HTTP/1.1 200 239 - 61 - PostmanRuntime/7.29.2
::1 - Fri Oct 21 2022 23:44:40 GMT+0530 (India Standard Time) - PUT /comment/?comment_id=6352df170cb0e1451de251f9&description=Demo%20 HTTP/1.1 204 - - 7 - PostmanRuntime/7.29.2
::1 - Fri Oct 21 2022 23:45:13 GMT+0530 (India Standard Time) - DELETE /delete/?comment_id=6352df170cb0e1451de251f9 HTTP/1.1 404 35 - 8 - PostmanRuntime/7.29.2
::1 - Fri Oct 21 2022 23:45:16 GMT+0530 (India Standard Time) - DELETE /delete/?comment_id=6352df170cb0e1451de251f9 HTTP/1.1 404 35 - 4 - PostmanRuntime/7.29.2
::1 - Fri Oct 21 2022 23:46:21 GMT+0530 (India Standard Time) - DELETE /delete/?comment_id=6352df170cb0e1451de251f9 HTTP/1.1 404 35 - 18 - PostmanRuntime/7.29.2
::1 - Fri Oct 21 2022 23:46:46 GMT+0530 (India Standard Time) - DELETE /delete/?comment_id=6352df170cb0e1451de251f9 HTTP/1.1 404 35 - 16 - PostmanRuntime/7.29.2
::1 - Fri Oct 21 2022 23:47:50 GMT+0530 (India Standard Time) - DELETE /delete/?comment_id=6352df170cb0e1451de251f9 HTTP/1.1 404 35 - 7 - PostmanRuntime/7.29.2
::1 - Fri Oct 21 2022 23:48:13 GMT+0530 (India Standard Time) - DELETE /delete/?comment_id=6352df170cb0e1451de251f9 HTTP/1.1 404 35 - 1 - PostmanRuntime/7.29.2
::1 - Fri Oct 21 2022 23:55:58 GMT+0530 (India Standard Time) - DELETE /delete/6352df170cb0e1451de251f9 HTTP/1.1 404 35 - 15 - PostmanRuntime/7.29.2
::1 - Fri Oct 21 2022 23:56:00 GMT+0530 (India Standard Time) - DELETE /delete/6352df170cb0e1451de251f9 HTTP/1.1 404 35 - 7 - PostmanRuntime/7.29.2
::1 - Fri Oct 21 2022 23:58:24 GMT+0530 (India Standard Time) - DELETE /delete/6352df170cb0e1451de251f9 HTTP/1.1 404 35 - 6 - PostmanRuntime/7.29.2
::1 - Fri Oct 21 2022 23:58:27 GMT+0530 (India Standard Time) - DELETE /delete/6352df170cb0e1451de251f9 HTTP/1.1 404 35 - 4 - PostmanRuntime/7.29.2
::1 - Fri Oct 21 2022 23:58:32 GMT+0530 (India Standard Time) - DELETE /delete/6352df170cb0e1451de251f9 HTTP/1.1 404 35 - 2 - PostmanRuntime/7.29.2
