::1 - Tue Nov 15 2022 10:19:22 GMT+0530 (India Standard Time) - POST /auth/forgotpassword HTTP/1.1 - - - - - PostmanRuntime/7.29.2
::1 - Tue Nov 15 2022 10:41:49 GMT+0530 (India Standard Time) - POST /auth/forgotpassword HTTP/1.1 500 64 - 1128 - PostmanRuntime/7.29.2
::1 - Tue Nov 15 2022 10:46:09 GMT+0530 (India Standard Time) - POST /auth/forgotpassword HTTP/1.1 500 64 - 143 - PostmanRuntime/7.29.2
::1 - Tue Nov 15 2022 10:49:33 GMT+0530 (India Standard Time) - POST /auth/forgotpassword HTTP/1.1 500 64 - 1051 - PostmanRuntime/7.29.2
::1 - Tue Nov 15 2022 10:50:59 GMT+0530 (India Standard Time) - POST /auth/forgotpassword HTTP/1.1 500 64 - 900 - PostmanRuntime/7.29.2
::1 - Tue Nov 15 2022 10:51:27 GMT+0530 (India Standard Time) - POST /auth/forgotpassword HTTP/1.1 500 64 - 124 - PostmanRuntime/7.29.2
::1 - Tue Nov 15 2022 10:51:30 GMT+0530 (India Standard Time) - POST /auth/forgotpassword HTTP/1.1 500 64 - 83 - PostmanRuntime/7.29.2
::1 - Tue Nov 15 2022 10:56:00 GMT+0530 (India Standard Time) - POST /auth/forgotpassword HTTP/1.1 500 64 - 1196 - PostmanRuntime/7.29.2
::1 - Tue Nov 15 2022 11:06:47 GMT+0530 (India Standard Time) - POST /auth/forgotpassword HTTP/1.1 500 64 - 343 - PostmanRuntime/7.29.2
::1 - Tue Nov 15 2022 11:06:52 GMT+0530 (India Standard Time) - POST /auth/forgotpassword HTTP/1.1 500 64 - 70 - PostmanRuntime/7.29.2
::1 - Tue Nov 15 2022 11:27:10 GMT+0530 (India Standard Time) - POST /auth/forgotpassword HTTP/1.1 200 129 - 309 - PostmanRuntime/7.29.2
::1 - Tue Nov 15 2022 11:27:36 GMT+0530 (India Standard Time) - GET /client HTTP/1.1 200 622 - 88 - PostmanRuntime/7.29.2
::1 - Tue Nov 15 2022 11:34:21 GMT+0530 (India Standard Time) - POST /auth/forgotpassword HTTP/1.1 200 129 - 222 - PostmanRuntime/7.29.2
::1 - Tue Nov 15 2022 11:34:37 GMT+0530 (India Standard Time) - GET /client HTTP/1.1 200 622 - 70 - PostmanRuntime/7.29.2
::1 - Tue Nov 15 2022 11:34:45 GMT+0530 (India Standard Time) - GET /client HTTP/1.1 200 622 - 56 - PostmanRuntime/7.29.2
::1 - Tue Nov 15 2022 11:48:14 GMT+0530 (India Standard Time) - POST /auth/forgotpassword HTTP/1.1 200 129 - 479 - PostmanRuntime/7.29.2
::1 - Tue Nov 15 2022 11:50:48 GMT+0530 (India Standard Time) - GET /client HTTP/1.1 200 622 - 266 - PostmanRuntime/7.29.2
::1 - Tue Nov 15 2022 11:53:07 GMT+0530 (India Standard Time) - POST /auth/forgotpassword HTTP/1.1 200 54 - 204 - PostmanRuntime/7.29.2
::1 - Tue Nov 15 2022 11:54:15 GMT+0530 (India Standard Time) - POST /auth/forgotpassword HTTP/1.1 200 58 - 127 - PostmanRuntime/7.29.2
::1 - Tue Nov 15 2022 11:56:46 GMT+0530 (India Standard Time) - PUT /auth/verifyOTP/636e29c2ffdad970deeb9054 HTTP/1.1 404 35 - 50 - PostmanRuntime/7.29.2
::1 - Tue Nov 15 2022 11:57:38 GMT+0530 (India Standard Time) - PUT /auth/verifyUser/636e29c2ffdad970deeb9054 HTTP/1.1 - - - - - PostmanRuntime/7.29.2
::1 - Tue Nov 15 2022 11:58:45 GMT+0530 (India Standard Time) - PUT /auth/verifyUser/636e29c2ffdad970deeb9054 HTTP/1.1 - - - - - PostmanRuntime/7.29.2
::1 - Tue Nov 15 2022 11:59:30 GMT+0530 (India Standard Time) - PUT /auth/verifyUser/636e29c2ffdad970deeb9054 HTTP/1.1 - - - - - PostmanRuntime/7.29.2
::1 - Tue Nov 15 2022 12:05:40 GMT+0530 (India Standard Time) - PUT /auth/verifyUser/636e29c2ffdad970deeb9054 HTTP/1.1 200 83 - 203 - PostmanRuntime/7.29.2
::1 - Tue Nov 15 2022 12:09:10 GMT+0530 (India Standard Time) - PUT /auth/verifyUser/636e29c2ffdad970deeb9054 HTTP/1.1 200 83 - 157 - PostmanRuntime/7.29.2
::1 - Tue Nov 15 2022 12:09:34 GMT+0530 (India Standard Time) - PUT /auth/verifyUser/636e29c2ffdad970deeb9054 HTTP/1.1 200 83 - 155 - PostmanRuntime/7.29.2
::1 - Tue Nov 15 2022 12:11:51 GMT+0530 (India Standard Time) - PUT /auth/verifyUser/636e29c2ffdad970deeb9054 HTTP/1.1 200 60 - 161 - PostmanRuntime/7.29.2
::1 - Tue Nov 15 2022 12:12:40 GMT+0530 (India Standard Time) - PUT /auth/verifyUser/636e29c2ffdad970deeb9054 HTTP/1.1 200 60 - 146 - PostmanRuntime/7.29.2
::1 - Tue Nov 15 2022 12:13:05 GMT+0530 (India Standard Time) - PUT /auth/verifyUser/636e29c2ffdad970deeb9054 HTTP/1.1 200 60 - 184 - PostmanRuntime/7.29.2
::1 - Tue Nov 15 2022 12:13:40 GMT+0530 (India Standard Time) - PUT /auth/verifyUser/636e29c2ffdad970deeb9054 HTTP/1.1 200 60 - 190 - PostmanRuntime/7.29.2
::1 - Tue Nov 15 2022 12:13:44 GMT+0530 (India Standard Time) - PUT /auth/verifyUser/636e29c2ffdad970deeb9054 HTTP/1.1 200 60 - 178 - PostmanRuntime/7.29.2
::1 - Tue Nov 15 2022 12:14:27 GMT+0530 (India Standard Time) - PUT /auth/verifyUser/636e29c2ffdad970deeb9054 HTTP/1.1 200 60 - 365 - PostmanRuntime/7.29.2
::1 - Tue Nov 15 2022 12:27:32 GMT+0530 (India Standard Time) - PUT /auth/verifyUser/636e29c2ffdad970deeb9054 HTTP/1.1 200 62 - 146 - PostmanRuntime/7.29.2
::1 - Tue Nov 15 2022 12:27:54 GMT+0530 (India Standard Time) - PUT /auth/verifyUser/636e29c2ffdad970deeb9054 HTTP/1.1 200 64 - 153 - PostmanRuntime/7.29.2
::1 - Tue Nov 15 2022 12:28:23 GMT+0530 (India Standard Time) - PUT /auth/verifyUser/636e29c2ffdad970deeb9054 HTTP/1.1 200 64 - 164 - PostmanRuntime/7.29.2
::1 - Tue Nov 15 2022 12:31:44 GMT+0530 (India Standard Time) - PUT /auth/verifyUser/636e29c2ffdad970deeb9054 HTTP/1.1 200 64 - 155 - PostmanRuntime/7.29.2
::1 - Tue Nov 15 2022 12:34:46 GMT+0530 (India Standard Time) - PUT /auth/verifyUser/636e29c2ffdad970deeb9054 HTTP/1.1 200 131 - 706 - PostmanRuntime/7.29.2
::1 - Tue Nov 15 2022 12:35:06 GMT+0530 (India Standard Time) - POST /auth/login HTTP/1.1 200 505 - 257 - PostmanRuntime/7.29.2
::1 - Tue Nov 15 2022 12:35:17 GMT+0530 (India Standard Time) - POST /auth/login HTTP/1.1 406 59 - 243 - PostmanRuntime/7.29.2
::1 - Tue Nov 15 2022 12:35:24 GMT+0530 (India Standard Time) - POST /auth/forgotpassword HTTP/1.1 200 129 - 149 - PostmanRuntime/7.29.2
::1 - Tue Nov 15 2022 12:35:32 GMT+0530 (India Standard Time) - GET /client HTTP/1.1 200 626 - 60 - PostmanRuntime/7.29.2
::1 - Tue Nov 15 2022 12:36:06 GMT+0530 (India Standard Time) - PUT /auth/verifyUser/636e29c2ffdad970deeb9054 HTTP/1.1 200 131 - 221 - PostmanRuntime/7.29.2
::1 - Tue Nov 15 2022 12:36:13 GMT+0530 (India Standard Time) - POST /auth/login HTTP/1.1 406 59 - 198 - PostmanRuntime/7.29.2
::1 - Tue Nov 15 2022 12:36:16 GMT+0530 (India Standard Time) - POST /auth/login HTTP/1.1 406 59 - 230 - PostmanRuntime/7.29.2
::1 - Tue Nov 15 2022 12:36:22 GMT+0530 (India Standard Time) - POST /auth/login HTTP/1.1 406 59 - 215 - PostmanRuntime/7.29.2
::1 - Tue Nov 15 2022 12:37:10 GMT+0530 (India Standard Time) - POST /auth/forgotpassword HTTP/1.1 200 129 - 185 - PostmanRuntime/7.29.2
::1 - Tue Nov 15 2022 12:37:33 GMT+0530 (India Standard Time) - GET /client HTTP/1.1 200 626 - 88 - PostmanRuntime/7.29.2
::1 - Tue Nov 15 2022 12:37:52 GMT+0530 (India Standard Time) - PUT /auth/verifyUser/636e29c2ffdad970deeb9054 HTTP/1.1 200 131 - 221 - PostmanRuntime/7.29.2
::1 - Tue Nov 15 2022 12:38:08 GMT+0530 (India Standard Time) - POST /auth/login HTTP/1.1 406 59 - 371 - PostmanRuntime/7.29.2
::1 - Tue Nov 15 2022 12:40:16 GMT+0530 (India Standard Time) - PUT /auth/verifyUser/636e29c2ffdad970deeb9054 HTTP/1.1 200 432 - 169 - PostmanRuntime/7.29.2
::1 - Tue Nov 15 2022 12:40:41 GMT+0530 (India Standard Time) - POST /auth/login HTTP/1.1 200 505 - 496 - PostmanRuntime/7.29.2
::1 - Tue Nov 15 2022 12:45:21 GMT+0530 (India Standard Time) - PUT /auth/verifyUser/636e29c2ffdad970deeb9054 HTTP/1.1 200 131 - 217 - PostmanRuntime/7.29.2
::1 - Tue Nov 15 2022 12:46:27 GMT+0530 (India Standard Time) - PUT /auth/verifyUser/636e29c2ffdad970deeb9054 HTTP/1.1 200 131 - 254 - PostmanRuntime/7.29.2
::1 - Tue Nov 15 2022 12:46:32 GMT+0530 (India Standard Time) - POST /auth/forgotpassword HTTP/1.1 200 129 - 142 - PostmanRuntime/7.29.2
::1 - Tue Nov 15 2022 12:48:04 GMT+0530 (India Standard Time) - POST /auth/forgotpassword HTTP/1.1 200 129 - 278 - PostmanRuntime/7.29.2
::1 - Tue Nov 15 2022 12:55:19 GMT+0530 (India Standard Time) - POST /auth/forgotpassword HTTP/1.1 200 129 - 219 - PostmanRuntime/7.29.2
::1 - Tue Nov 15 2022 12:55:47 GMT+0530 (India Standard Time) - PUT /auth/verifyUser/636e29c2ffdad970deeb9054 HTTP/1.1 200 131 - 392 - PostmanRuntime/7.29.2
::1 - Tue Nov 15 2022 12:56:36 GMT+0530 (India Standard Time) - PUT /auth/verifyUser/636e29c2ffdad970deeb9054 HTTP/1.1 200 131 - 240 - PostmanRuntime/7.29.2
::1 - Tue Nov 15 2022 12:56:52 GMT+0530 (India Standard Time) - POST /auth/login HTTP/1.1 406 59 - 219 - PostmanRuntime/7.29.2
::1 - Tue Nov 15 2022 12:57:00 GMT+0530 (India Standard Time) - POST /auth/login HTTP/1.1 200 505 - 225 - PostmanRuntime/7.29.2
::1 - Tue Nov 15 2022 12:59:02 GMT+0530 (India Standard Time) - POST /auth/login HTTP/1.1 200 505 - 242 - PostmanRuntime/7.29.2
::1 - Tue Nov 15 2022 12:59:10 GMT+0530 (India Standard Time) - POST /auth/forgotpassword HTTP/1.1 200 129 - 279 - PostmanRuntime/7.29.2
::1 - Tue Nov 15 2022 12:59:28 GMT+0530 (India Standard Time) - PUT /auth/verifyUser/636e29c2ffdad970deeb9054 HTTP/1.1 200 82 - 195 - PostmanRuntime/7.29.2
::1 - Tue Nov 15 2022 13:00:10 GMT+0530 (India Standard Time) - PUT /auth/verifyUser/636e29c2ffdad970deeb9054 HTTP/1.1 200 131 - 267 - PostmanRuntime/7.29.2
::1 - Tue Nov 15 2022 13:00:26 GMT+0530 (India Standard Time) - PUT /auth/verifyUser/636e29c2ffdad970deeb9054 HTTP/1.1 200 131 - 242 - PostmanRuntime/7.29.2
::1 - Tue Nov 15 2022 13:00:51 GMT+0530 (India Standard Time) - PUT /auth/verifyUser/636e29c2ffdad970deeb9054 HTTP/1.1 200 131 - 395 - PostmanRuntime/7.29.2
::1 - Tue Nov 15 2022 13:01:06 GMT+0530 (India Standard Time) - PUT /auth/verifyUser/636e29c2ffdad970deeb9054 HTTP/1.1 200 131 - 490 - PostmanRuntime/7.29.2
::1 - Tue Nov 15 2022 13:01:17 GMT+0530 (India Standard Time) - POST /auth/forgotpassword HTTP/1.1 200 129 - 149 - PostmanRuntime/7.29.2
::1 - Tue Nov 15 2022 13:01:29 GMT+0530 (India Standard Time) - PUT /auth/verifyUser/636e29c2ffdad970deeb9054 HTTP/1.1 200 131 - 274 - PostmanRuntime/7.29.2
::1 - Tue Nov 15 2022 13:01:45 GMT+0530 (India Standard Time) - PUT /auth/verifyUser/636e29c2ffdad970deeb9054 HTTP/1.1 200 131 - 248 - PostmanRuntime/7.29.2
::1 - Tue Nov 15 2022 13:03:08 GMT+0530 (India Standard Time) - PUT /auth/verifyUser/636e29c2ffdad970deeb9054 HTTP/1.1 200 131 - 237 - PostmanRuntime/7.29.2
::1 - Tue Nov 15 2022 13:03:45 GMT+0530 (India Standard Time) - POST /auth/forgotpassword HTTP/1.1 200 129 - 174 - PostmanRuntime/7.29.2
::1 - Tue Nov 15 2022 13:04:01 GMT+0530 (India Standard Time) - PUT /auth/verifyUser/636e29c2ffdad970deeb9054 HTTP/1.1 400 35 - 10 - PostmanRuntime/7.29.2
::1 - Tue Nov 15 2022 13:04:09 GMT+0530 (India Standard Time) - PUT /auth/verifyUser/636e29c2ffdad970deeb9054 HTTP/1.1 200 131 - 328 - PostmanRuntime/7.29.2
::1 - Tue Nov 15 2022 13:04:36 GMT+0530 (India Standard Time) - POST /auth/login HTTP/1.1 406 59 - 441 - PostmanRuntime/7.29.2
::1 - Tue Nov 15 2022 13:04:41 GMT+0530 (India Standard Time) - POST /auth/login HTTP/1.1 200 505 - 311 - PostmanRuntime/7.29.2
::1 - Tue Nov 15 2022 13:04:49 GMT+0530 (India Standard Time) - POST /auth/forgotpassword HTTP/1.1 200 129 - 151 - PostmanRuntime/7.29.2
::1 - Tue Nov 15 2022 13:21:16 GMT+0530 (India Standard Time) - PUT /auth/verifyUser/636e29c2ffdad970deeb9054 HTTP/1.1 400 35 - 49 - PostmanRuntime/7.29.2
::1 - Tue Nov 15 2022 13:21:25 GMT+0530 (India Standard Time) - PUT /auth/verifyUser/636e29c2ffdad970deeb9054 HTTP/1.1 200 322 - 12 - PostmanRuntime/7.29.2
::1 - Tue Nov 15 2022 13:22:00 GMT+0530 (India Standard Time) - PUT /auth/verifyUser/636e29c2ffdad970deeb9054 HTTP/1.1 200 322 - 70 - PostmanRuntime/7.29.2
::1 - Tue Nov 15 2022 13:22:41 GMT+0530 (India Standard Time) - PUT /auth/verifyUser/636e29c2ffdad970deeb9054 HTTP/1.1 200 42 - 53 - PostmanRuntime/7.29.2
::1 - Tue Nov 15 2022 13:23:10 GMT+0530 (India Standard Time) - PUT /auth/verifyUser/636e29c2ffdad970deeb9054 HTTP/1.1 200 42 - 42 - PostmanRuntime/7.29.2
::1 - Tue Nov 15 2022 13:23:19 GMT+0530 (India Standard Time) - PUT /auth/verifyUser/636e29c2ffdad970deeb9054 HTTP/1.1 200 42 - 153 - PostmanRuntime/7.29.2
::1 - Tue Nov 15 2022 13:31:25 GMT+0530 (India Standard Time) - PUT /auth/verifyUser/636e29c2ffdad970deeb9054 HTTP/1.1 200 131 - 339 - PostmanRuntime/7.29.2
::1 - Tue Nov 15 2022 13:31:41 GMT+0530 (India Standard Time) - POST /auth/forgotpassword HTTP/1.1 200 129 - 179 - PostmanRuntime/7.29.2
::1 - Tue Nov 15 2022 13:31:50 GMT+0530 (India Standard Time) - GET /client HTTP/1.1 200 939 - 84 - PostmanRuntime/7.29.2
::1 - Tue Nov 15 2022 13:32:18 GMT+0530 (India Standard Time) - PUT /auth/verifyUser/636e29c2ffdad970deeb9054 HTTP/1.1 200 131 - 398 - PostmanRuntime/7.29.2
::1 - Tue Nov 15 2022 13:32:49 GMT+0530 (India Standard Time) - PUT /auth/verifyUser/636e29c2ffdad970deeb9054 HTTP/1.1 200 73 - 6 - PostmanRuntime/7.29.2
::1 - Tue Nov 15 2022 13:35:31 GMT+0530 (India Standard Time) - PUT /auth/verifyUser/636e29c2ffdad970deeb9054 HTTP/1.1 200 131 - 246 - PostmanRuntime/7.29.2
::1 - Tue Nov 15 2022 13:35:46 GMT+0530 (India Standard Time) - POST /auth/login HTTP/1.1 406 59 - 409 - PostmanRuntime/7.29.2
::1 - Tue Nov 15 2022 13:35:52 GMT+0530 (India Standard Time) - POST /auth/login HTTP/1.1 200 505 - 251 - PostmanRuntime/7.29.2
::1 - Tue Nov 15 2022 13:36:07 GMT+0530 (India Standard Time) - POST /auth/forgotpassword HTTP/1.1 200 129 - 180 - PostmanRuntime/7.29.2
::1 - Tue Nov 15 2022 13:36:21 GMT+0530 (India Standard Time) - POST /auth/forgotpassword HTTP/1.1 200 54 - 54 - PostmanRuntime/7.29.2
::1 - Tue Nov 15 2022 13:36:23 GMT+0530 (India Standard Time) - POST /auth/forgotpassword HTTP/1.1 200 54 - 66 - PostmanRuntime/7.29.2
::1 - Tue Nov 15 2022 13:36:29 GMT+0530 (India Standard Time) - POST /auth/forgotpassword HTTP/1.1 200 129 - 125 - PostmanRuntime/7.29.2
::1 - Tue Nov 15 2022 13:36:51 GMT+0530 (India Standard Time) - PUT /auth/verifyUser/636e29c2ffdad970deeb9054 HTTP/1.1 200 131 - 214 - PostmanRuntime/7.29.2
::1 - Tue Nov 15 2022 13:37:33 GMT+0530 (India Standard Time) - PUT /auth/verifyUser/636e29c2ffdad970deeb9054 HTTP/1.1 200 131 - 327 - PostmanRuntime/7.29.2
::1 - Tue Nov 15 2022 13:37:43 GMT+0530 (India Standard Time) - POST /auth/login HTTP/1.1 406 59 - 245 - PostmanRuntime/7.29.2
::1 - Tue Nov 15 2022 13:37:50 GMT+0530 (India Standard Time) - POST /auth/login HTTP/1.1 200 505 - 358 - PostmanRuntime/7.29.2
::1 - Tue Nov 15 2022 13:42:54 GMT+0530 (India Standard Time) - PUT /auth/verifyUser/636e29c2ffdad970deeb9054 HTTP/1.1 200 68 - 237 - PostmanRuntime/7.29.2
::1 - Tue Nov 15 2022 13:43:04 GMT+0530 (India Standard Time) - POST /auth/forgotpassword HTTP/1.1 200 129 - 155 - PostmanRuntime/7.29.2
::1 - Tue Nov 15 2022 13:43:29 GMT+0530 (India Standard Time) - PUT /auth/verifyUser/636e29c2ffdad970deeb9054 HTTP/1.1 200 68 - 452 - PostmanRuntime/7.29.2
::1 - Tue Nov 15 2022 13:43:39 GMT+0530 (India Standard Time) - POST /auth/login HTTP/1.1 200 505 - 495 - PostmanRuntime/7.29.2
::1 - Tue Nov 15 2022 13:44:36 GMT+0530 (India Standard Time) - PUT /auth/verifyUser/636e29c2ffdad970deeb9054 HTTP/1.1 200 68 - 596 - PostmanRuntime/7.29.2
::1 - Tue Nov 15 2022 13:44:40 GMT+0530 (India Standard Time) - PUT /auth/verifyUser/636e29c2ffdad970deeb9054 HTTP/1.1 200 68 - 225 - PostmanRuntime/7.29.2
::1 - Tue Nov 15 2022 13:45:30 GMT+0530 (India Standard Time) - PUT /auth/verifyUser/636e29c2ffdad970deeb9054 HTTP/1.1 200 131 - 243 - PostmanRuntime/7.29.2
::1 - Tue Nov 15 2022 13:45:54 GMT+0530 (India Standard Time) - POST /auth/forgotpassword HTTP/1.1 200 129 - 172 - PostmanRuntime/7.29.2
::1 - Tue Nov 15 2022 13:46:11 GMT+0530 (India Standard Time) - PUT /auth/verifyUser/636e29c2ffdad970deeb9054 HTTP/1.1 200 131 - 279 - PostmanRuntime/7.29.2
::1 - Tue Nov 15 2022 13:46:28 GMT+0530 (India Standard Time) - PUT /auth/verifyUser/636e29c2ffdad970deeb9054 HTTP/1.1 200 131 - 258 - PostmanRuntime/7.29.2
::1 - Tue Nov 15 2022 13:48:13 GMT+0530 (India Standard Time) - PUT /auth/verifyUser/636e29c2ffdad970deeb9054 HTTP/1.1 200 65 - 60 - PostmanRuntime/7.29.2
::1 - Tue Nov 15 2022 13:48:23 GMT+0530 (India Standard Time) - POST /auth/forgotpassword HTTP/1.1 200 129 - 228 - PostmanRuntime/7.29.2
::1 - Tue Nov 15 2022 13:48:45 GMT+0530 (India Standard Time) - PUT /auth/verifyUser/636e29c2ffdad970deeb9054 HTTP/1.1 200 131 - 226 - PostmanRuntime/7.29.2
::1 - Tue Nov 15 2022 13:49:05 GMT+0530 (India Standard Time) - PUT /auth/verifyUser/636e29c2ffdad970deeb9054 HTTP/1.1 200 131 - 250 - PostmanRuntime/7.29.2
::1 - Tue Nov 15 2022 13:52:36 GMT+0530 (India Standard Time) - PUT /auth/verifyUser/636e29c2ffdad970deeb9054 HTTP/1.1 200 63 - 247 - PostmanRuntime/7.29.2
::1 - Tue Nov 15 2022 15:07:54 GMT+0530 (India Standard Time) - POST /artwork/ HTTP/1.1 200 55 - 194 - PostmanRuntime/7.29.2
::1 - Tue Nov 15 2022 15:08:01 GMT+0530 (India Standard Time) - GET /api/artist?type=Art& HTTP/1.1 200 526 - 171 - PostmanRuntime/7.29.2
::1 - Tue Nov 15 2022 15:17:47 GMT+0530 (India Standard Time) - POST /artwork/ HTTP/1.1 200 55 - 166 - PostmanRuntime/7.29.2
::1 - Tue Nov 15 2022 15:18:00 GMT+0530 (India Standard Time) - GET /api/artist?type=Art& HTTP/1.1 200 526 - 158 - PostmanRuntime/7.29.2
::1 - Tue Nov 15 2022 15:18:27 GMT+0530 (India Standard Time) - GET /api/artwork?type=Art& HTTP/1.1 204 - - 3 - PostmanRuntime/7.29.2
::1 - Tue Nov 15 2022 15:19:13 GMT+0530 (India Standard Time) - GET /artwork HTTP/1.1 200 - - 72 - PostmanRuntime/7.29.2
::1 - Tue Nov 15 2022 15:19:35 GMT+0530 (India Standard Time) - GET /api/artwork HTTP/1.1 204 - - 2 - PostmanRuntime/7.29.2
::1 - Tue Nov 15 2022 15:19:39 GMT+0530 (India Standard Time) - GET /api/artwork HTTP/1.1 204 - - 4 - PostmanRuntime/7.29.2
::1 - Tue Nov 15 2022 15:19:51 GMT+0530 (India Standard Time) - GET /artwork HTTP/1.1 200 - - 78 - PostmanRuntime/7.29.2
::1 - Tue Nov 15 2022 15:22:51 GMT+0530 (India Standard Time) - PATCH /artwork/?artwork_id=6373604319b8e51e36a7aa1f HTTP/1.1 204 - - 75 - PostmanRuntime/7.29.2
::1 - Tue Nov 15 2022 15:23:34 GMT+0530 (India Standard Time) - PATCH /artwork HTTP/1.1 200 55 - 112 - PostmanRuntime/7.29.2
::1 - Tue Nov 15 2022 15:23:40 GMT+0530 (India Standard Time) - GET /artwork HTTP/1.1 200 - - 81 - PostmanRuntime/7.29.2
::1 - Tue Nov 15 2022 15:32:43 GMT+0530 (India Standard Time) - POST /artwork/ HTTP/1.1 200 55 - 975 - PostmanRuntime/7.29.2
::1 - Tue Nov 15 2022 15:32:47 GMT+0530 (India Standard Time) - GET /artwork HTTP/1.1 200 - - 69 - PostmanRuntime/7.29.2
::1 - Tue Nov 15 2022 15:40:16 GMT+0530 (India Standard Time) - GET /news HTTP/1.1 200 254 - 93 - PostmanRuntime/7.29.2
::1 - Tue Nov 15 2022 15:51:04 GMT+0530 (India Standard Time) - POST /news HTTP/1.1 500 35 - 123 - PostmanRuntime/7.29.2
::1 - Tue Nov 15 2022 15:51:52 GMT+0530 (India Standard Time) - POST /news HTTP/1.1 500 35 - 156 - PostmanRuntime/7.29.2
::1 - Tue Nov 15 2022 15:53:00 GMT+0530 (India Standard Time) - POST /news HTTP/1.1 200 52 - 319 - PostmanRuntime/7.29.2
::1 - Tue Nov 15 2022 15:53:06 GMT+0530 (India Standard Time) - GET /news HTTP/1.1 200 406 - 96 - PostmanRuntime/7.29.2
::1 - Tue Nov 15 2022 15:54:53 GMT+0530 (India Standard Time) - GET /news HTTP/1.1 200 406 - 173 - PostmanRuntime/7.29.2
::1 - Tue Nov 15 2022 15:55:01 GMT+0530 (India Standard Time) - POST /news HTTP/1.1 200 52 - 451 - PostmanRuntime/7.29.2
::1 - Tue Nov 15 2022 15:55:05 GMT+0530 (India Standard Time) - GET /news HTTP/1.1 200 566 - 61 - PostmanRuntime/7.29.2
::1 - Tue Nov 15 2022 15:55:57 GMT+0530 (India Standard Time) - DELETE /event/?news_id=637368fc4f9a62b9a412e103 HTTP/1.1 204 - - 2 - PostmanRuntime/7.29.2
::1 - Tue Nov 15 2022 15:56:03 GMT+0530 (India Standard Time) - DELETE /event/news_id=637368fc4f9a62b9a412e103 HTTP/1.1 404 35 - 7 - PostmanRuntime/7.29.2
::1 - Tue Nov 15 2022 15:56:32 GMT+0530 (India Standard Time) - DELETE /news/?news_id=637368fc4f9a62b9a412e103 HTTP/1.1 401 59 - 1 - PostmanRuntime/7.29.2
::1 - Tue Nov 15 2022 15:56:47 GMT+0530 (India Standard Time) - POST /auth/login HTTP/1.1 406 59 - 286 - PostmanRuntime/7.29.2
::1 - Tue Nov 15 2022 15:57:10 GMT+0530 (India Standard Time) - POST /auth/forgotpassword HTTP/1.1 200 129 - 165 - PostmanRuntime/7.29.2
::1 - Tue Nov 15 2022 15:57:42 GMT+0530 (India Standard Time) - PUT /auth/verifyUser/636e29c2ffdad970deeb9054 HTTP/1.1 200 131 - 205 - PostmanRuntime/7.29.2
::1 - Tue Nov 15 2022 15:57:56 GMT+0530 (India Standard Time) - POST /auth/login HTTP/1.1 200 505 - 208 - PostmanRuntime/7.29.2
::1 - Tue Nov 15 2022 15:58:46 GMT+0530 (India Standard Time) - DELETE /news/?news_id=637368fc4f9a62b9a412e103 HTTP/1.1 500 35 - 2 - PostmanRuntime/7.29.2
::1 - Tue Nov 15 2022 16:15:13 GMT+0530 (India Standard Time) - DELETE /news/?news_id=637368fc4f9a62b9a412e103 HTTP/1.1 500 35 - 1 - PostmanRuntime/7.29.2
::1 - Tue Nov 15 2022 16:15:14 GMT+0530 (India Standard Time) - DELETE /news/?news_id=637368fc4f9a62b9a412e103 HTTP/1.1 500 35 - 2 - PostmanRuntime/7.29.2
::1 - Tue Nov 15 2022 16:16:34 GMT+0530 (India Standard Time) - DELETE /news/?news_id=637368fc4f9a62b9a412e103 HTTP/1.1 500 35 - 4 - PostmanRuntime/7.29.2
::1 - Tue Nov 15 2022 16:30:27 GMT+0530 (India Standard Time) - DELETE /news/?news_id=637368fc4f9a62b9a412e103 HTTP/1.1 500 35 - 12 - PostmanRuntime/7.29.2
::1 - Tue Nov 15 2022 16:31:55 GMT+0530 (India Standard Time) - DELETE /news/?news_id=637368fc4f9a62b9a412e103 HTTP/1.1 500 214 - 16 - PostmanRuntime/7.29.2
::1 - Tue Nov 15 2022 16:32:28 GMT+0530 (India Standard Time) - DELETE /news/?news_id=637368fc4f9a62b9a412e103 HTTP/1.1 500 2 - 7 - PostmanRuntime/7.29.2
::1 - Tue Nov 15 2022 16:34:32 GMT+0530 (India Standard Time) - DELETE /news/?news_id=637368fc4f9a62b9a412e103 HTTP/1.1 500 221 - 8 - PostmanRuntime/7.29.2
::1 - Tue Nov 15 2022 16:35:03 GMT+0530 (India Standard Time) - DELETE /news/?news_id=637368fc4f9a62b9a412e103 HTTP/1.1 500 - - 62 - PostmanRuntime/7.29.2
::1 - Tue Nov 15 2022 16:35:32 GMT+0530 (India Standard Time) - DELETE /news/?news_id=637368fc4f9a62b9a412e103 HTTP/1.1 500 2 - 11 - PostmanRuntime/7.29.2
::1 - Tue Nov 15 2022 17:02:22 GMT+0530 (India Standard Time) - DELETE /news/?news_id=637368fc4f9a62b9a412e103 HTTP/1.1 500 216 - 14 - PostmanRuntime/7.29.2
::1 - Tue Nov 15 2022 17:04:06 GMT+0530 (India Standard Time) - DELETE /news/?news_id=637368fc4f9a62b9a412e103 HTTP/1.1 500 35 - 14 - PostmanRuntime/7.29.2
::1 - Tue Nov 15 2022 17:22:21 GMT+0530 (India Standard Time) - DELETE /news/?news_id=637368fc4f9a62b9a412e103 HTTP/1.1 200 216 - 16 - PostmanRuntime/7.29.2
::1 - Tue Nov 15 2022 17:31:45 GMT+0530 (India Standard Time) - DELETE /news/?news_id=637368fc4f9a62b9a412e103 HTTP/1.1 200 58 - 14 - PostmanRuntime/7.29.2
::1 - Tue Nov 15 2022 17:32:47 GMT+0530 (India Standard Time) - DELETE /news/?news_id=637368fc4f9a62b9a412e103 HTTP/1.1 200 58 - 97 - PostmanRuntime/7.29.2
::1 - Tue Nov 15 2022 17:33:11 GMT+0530 (India Standard Time) - POST /auth/login HTTP/1.1 200 505 - 626 - PostmanRuntime/7.29.2
::1 - Tue Nov 15 2022 17:33:38 GMT+0530 (India Standard Time) - DELETE /news/?news_id=637368fc4f9a62b9a412e103 HTTP/1.1 200 58 - 74 - PostmanRuntime/7.29.2
::1 - Tue Nov 15 2022 17:34:23 GMT+0530 (India Standard Time) - DELETE /news/?news_id=637368fc4f9a62b9a412e103 HTTP/1.1 200 40 - 101 - PostmanRuntime/7.29.2
::1 - Tue Nov 15 2022 17:52:54 GMT+0530 (India Standard Time) - DELETE /news/?news_id=637368fc4f9a62b9a412e103%20 HTTP/1.1 500 35 - 82 - PostmanRuntime/7.29.2
::1 - Tue Nov 15 2022 17:54:06 GMT+0530 (India Standard Time) - DELETE /news/?news_id=637368fc4f9a62b9a412e103 HTTP/1.1 200 52 - 161 - PostmanRuntime/7.29.2
::1 - Tue Nov 15 2022 17:54:33 GMT+0530 (India Standard Time) - DELETE /news/?news_id=637368fc4f9a62b9a412e103 HTTP/1.1 200 52 - 106 - PostmanRuntime/7.29.2
::1 - Tue Nov 15 2022 17:54:54 GMT+0530 (India Standard Time) - POST /news HTTP/1.1 200 52 - 431 - PostmanRuntime/7.29.2
::1 - Tue Nov 15 2022 17:55:18 GMT+0530 (India Standard Time) - GET /news HTTP/1.1 200 566 - 80 - PostmanRuntime/7.29.2
::1 - Tue Nov 15 2022 17:55:37 GMT+0530 (India Standard Time) - DELETE /news/?news_id=6371e44e8ce906a9ed3cbf16 HTTP/1.1 200 52 - 158 - PostmanRuntime/7.29.2
::1 - Tue Nov 15 2022 17:55:43 GMT+0530 (India Standard Time) - GET /news HTTP/1.1 200 463 - 66 - PostmanRuntime/7.29.2
::1 - Tue Nov 15 2022 17:57:02 GMT+0530 (India Standard Time) - DELETE /news/?news_id=63738516f12190da3b51b128 HTTP/1.1 200 53 - 90 - PostmanRuntime/7.29.2
::1 - Tue Nov 15 2022 17:57:31 GMT+0530 (India Standard Time) - POST /auth/login HTTP/1.1 200 505 - 329 - PostmanRuntime/7.29.2
::1 - Tue Nov 15 2022 17:58:04 GMT+0530 (India Standard Time) - DELETE /news/?news_id=63738516f12190da3b51b128 HTTP/1.1 200 53 - 68 - PostmanRuntime/7.29.2
::1 - Tue Nov 15 2022 17:58:39 GMT+0530 (India Standard Time) - DELETE /news/?news_id=63738516f12190da3b51b128 HTTP/1.1 200 216 - 15 - PostmanRuntime/7.29.2
::1 - Tue Nov 15 2022 18:01:25 GMT+0530 (India Standard Time) - DELETE /news/?news_id=63738516f12190da3b51b128 HTTP/1.1 200 98 - 21 - PostmanRuntime/7.29.2
::1 - Tue Nov 15 2022 18:11:27 GMT+0530 (India Standard Time) - GET /client HTTP/1.1 200 913 - 108 - PostmanRuntime/7.29.2
::1 - Tue Nov 15 2022 18:12:29 GMT+0530 (India Standard Time) - DELETE /news/?news_id=63738516f12190da3b51b128 HTTP/1.1 200 - - 165 - PostmanRuntime/7.29.2
::1 - Tue Nov 15 2022 18:13:21 GMT+0530 (India Standard Time) - DELETE /news/?news_id=63738516f12190da3b51b128 HTTP/1.1 200 107 - 31 - PostmanRuntime/7.29.2
::1 - Tue Nov 15 2022 18:16:39 GMT+0530 (India Standard Time) - DELETE /news/?news_id=63738516f12190da3b51b128 HTTP/1.1 200 216 - 18 - PostmanRuntime/7.29.2
::1 - Tue Nov 15 2022 18:19:30 GMT+0530 (India Standard Time) - GET /client HTTP/1.1 200 913 - 153 - PostmanRuntime/7.29.2
::1 - Tue Nov 15 2022 18:20:07 GMT+0530 (India Standard Time) - POST /auth/login HTTP/1.1 200 505 - 581 - PostmanRuntime/7.29.2
::1 - Tue Nov 15 2022 18:22:24 GMT+0530 (India Standard Time) - DELETE /news/?news_id=63738516f12190da3b51b128 HTTP/1.1 200 216 - 17 - PostmanRuntime/7.29.2
::1 - Tue Nov 15 2022 18:24:36 GMT+0530 (India Standard Time) - GET /client HTTP/1.1 200 913 - 251 - PostmanRuntime/7.29.2
::1 - Tue Nov 15 2022 18:25:44 GMT+0530 (India Standard Time) - DELETE /news/?news_id=63738516f12190da3b51b128 HTTP/1.1 200 677 - 119 - PostmanRuntime/7.29.2
::1 - Tue Nov 15 2022 18:29:33 GMT+0530 (India Standard Time) - DELETE /news/?news_id=63738516f12190da3b51b128 HTTP/1.1 200 52 - 218 - PostmanRuntime/7.29.2
::1 - Wed Nov 16 2022 10:31:17 GMT+0530 (India Standard Time) - POST /artist HTTP/1.1 200 54 - 770 - PostmanRuntime/7.29.2
::1 - Wed Nov 16 2022 10:31:31 GMT+0530 (India Standard Time) - GET /artist/ HTTP/1.1 200 966 - 167 - PostmanRuntime/7.29.2
::1 - Wed Nov 16 2022 10:35:02 GMT+0530 (India Standard Time) - POST /artist HTTP/1.1 200 54 - 205 - PostmanRuntime/7.29.2
::1 - Wed Nov 16 2022 10:36:53 GMT+0530 (India Standard Time) - POST /artist HTTP/1.1 200 54 - 160 - PostmanRuntime/7.29.2
::1 - Wed Nov 16 2022 10:37:00 GMT+0530 (India Standard Time) - POST /artist HTTP/1.1 500 35 - 110 - PostmanRuntime/7.29.2
::1 - Wed Nov 16 2022 10:37:03 GMT+0530 (India Standard Time) - POST /artist HTTP/1.1 500 35 - 90 - PostmanRuntime/7.29.2
::1 - Wed Nov 16 2022 11:04:44 GMT+0530 (India Standard Time) - POST /artist HTTP/1.1 500 35 - 499 - PostmanRuntime/7.29.2
::1 - Wed Nov 16 2022 11:04:49 GMT+0530 (India Standard Time) - POST /artist HTTP/1.1 500 35 - 96 - PostmanRuntime/7.29.2
::1 - Wed Nov 16 2022 11:05:21 GMT+0530 (India Standard Time) - POST /artist HTTP/1.1 500 35 - 103 - PostmanRuntime/7.29.2
::1 - Wed Nov 16 2022 11:05:40 GMT+0530 (India Standard Time) - POST /artist HTTP/1.1 500 35 - 89 - PostmanRuntime/7.29.2
::1 - Wed Nov 16 2022 11:06:03 GMT+0530 (India Standard Time) - POST /auth/login HTTP/1.1 200 505 - 312 - PostmanRuntime/7.29.2
::1 - Wed Nov 16 2022 11:06:29 GMT+0530 (India Standard Time) - POST /artist HTTP/1.1 200 53 - 55 - PostmanRuntime/7.29.2
::1 - Wed Nov 16 2022 11:06:59 GMT+0530 (India Standard Time) - POST /artist HTTP/1.1 200 53 - 69 - PostmanRuntime/7.29.2
::1 - Wed Nov 16 2022 11:07:04 GMT+0530 (India Standard Time) - POST /artist HTTP/1.1 200 53 - 66 - PostmanRuntime/7.29.2
::1 - Wed Nov 16 2022 11:08:17 GMT+0530 (India Standard Time) - POST /artist HTTP/1.1 200 53 - 64 - PostmanRuntime/7.29.2
::1 - Wed Nov 16 2022 11:08:24 GMT+0530 (India Standard Time) - POST /artist HTTP/1.1 200 53 - 73 - PostmanRuntime/7.29.2
::1 - Wed Nov 16 2022 11:08:49 GMT+0530 (India Standard Time) - GET /client HTTP/1.1 200 913 - 56 - PostmanRuntime/7.29.2
::1 - Wed Nov 16 2022 11:12:09 GMT+0530 (India Standard Time) - POST /artist HTTP/1.1 200 53 - 61 - PostmanRuntime/7.29.2
::1 - Wed Nov 16 2022 11:12:12 GMT+0530 (India Standard Time) - POST /artist HTTP/1.1 200 53 - 51 - PostmanRuntime/7.29.2
::1 - Wed Nov 16 2022 11:12:15 GMT+0530 (India Standard Time) - POST /artist HTTP/1.1 200 53 - 63 - PostmanRuntime/7.29.2
::1 - Wed Nov 16 2022 11:13:23 GMT+0530 (India Standard Time) - POST /artist HTTP/1.1 200 53 - 56 - PostmanRuntime/7.29.2
::1 - Wed Nov 16 2022 11:14:15 GMT+0530 (India Standard Time) - POST /artist HTTP/1.1 200 53 - 58 - PostmanRuntime/7.29.2
::1 - Wed Nov 16 2022 11:14:26 GMT+0530 (India Standard Time) - POST /artist HTTP/1.1 200 53 - 244 - PostmanRuntime/7.29.2
::1 - Wed Nov 16 2022 11:14:38 GMT+0530 (India Standard Time) - POST /artist HTTP/1.1 200 53 - 59 - PostmanRuntime/7.29.2
::1 - Wed Nov 16 2022 11:19:40 GMT+0530 (India Standard Time) - POST /artist HTTP/1.1 200 54 - 171 - PostmanRuntime/7.29.2
::1 - Wed Nov 16 2022 11:20:30 GMT+0530 (India Standard Time) - POST /artist HTTP/1.1 500 35 - 116 - PostmanRuntime/7.29.2
::1 - Wed Nov 16 2022 11:20:46 GMT+0530 (India Standard Time) - POST /artist HTTP/1.1 200 53 - 56 - PostmanRuntime/7.29.2
::1 - Wed Nov 16 2022 11:21:39 GMT+0530 (India Standard Time) - POST /artist HTTP/1.1 200 53 - 64 - PostmanRuntime/7.29.2
::1 - Wed Nov 16 2022 11:22:06 GMT+0530 (India Standard Time) - POST /artist HTTP/1.1 200 53 - 73 - PostmanRuntime/7.29.2
::1 - Wed Nov 16 2022 11:22:25 GMT+0530 (India Standard Time) - POST /auth/login HTTP/1.1 200 505 - 371 - PostmanRuntime/7.29.2
::1 - Wed Nov 16 2022 11:22:46 GMT+0530 (India Standard Time) - POST /artist HTTP/1.1 200 53 - 57 - PostmanRuntime/7.29.2
::1 - Wed Nov 16 2022 11:23:33 GMT+0530 (India Standard Time) - POST /news HTTP/1.1 200 52 - 301 - PostmanRuntime/7.29.2
::1 - Wed Nov 16 2022 11:24:01 GMT+0530 (India Standard Time) - GET /news HTTP/1.1 200 463 - 51 - PostmanRuntime/7.29.2
::1 - Wed Nov 16 2022 12:04:45 GMT+0530 (India Standard Time) - GET /news HTTP/1.1 - - - - - PostmanRuntime/7.29.2
::1 - Wed Nov 16 2022 12:05:31 GMT+0530 (India Standard Time) - GET /news HTTP/1.1 200 39 - 30096 - PostmanRuntime/7.29.2
::1 - Wed Nov 16 2022 12:16:57 GMT+0530 (India Standard Time) - GET /news HTTP/1.1 - - - - - PostmanRuntime/7.29.2
::1 - Wed Nov 16 2022 12:21:15 GMT+0530 (India Standard Time) - GET /news HTTP/1.1 200 463 - 394 - PostmanRuntime/7.29.2
::1 - Wed Nov 16 2022 12:27:06 GMT+0530 (India Standard Time) - POST /auth/login HTTP/1.1 200 505 - 274 - PostmanRuntime/7.29.2
::1 - Wed Nov 16 2022 12:27:30 GMT+0530 (India Standard Time) - POST /news HTTP/1.1 200 52 - 289 - PostmanRuntime/7.29.2
::1 - Wed Nov 16 2022 12:27:37 GMT+0530 (India Standard Time) - POST /news HTTP/1.1 200 52 - 210 - PostmanRuntime/7.29.2
::1 - Wed Nov 16 2022 12:29:47 GMT+0530 (India Standard Time) - POST /blog/ HTTP/1.1 200 52 - 150 - PostmanRuntime/7.29.2
::1 - Wed Nov 16 2022 12:30:15 GMT+0530 (India Standard Time) - GET /blog/ HTTP/1.1 200 636 - 84 - PostmanRuntime/7.29.2
::1 - Wed Nov 16 2022 12:33:10 GMT+0530 (India Standard Time) - POST /blog/ HTTP/1.1 200 52 - 129 - PostmanRuntime/7.29.2
::1 - Wed Nov 16 2022 12:35:05 GMT+0530 (India Standard Time) - POST /blog/ HTTP/1.1 200 52 - 260 - PostmanRuntime/7.29.2
::1 - Wed Nov 16 2022 12:35:55 GMT+0530 (India Standard Time) - POST /blog/ HTTP/1.1 200 52 - 114 - PostmanRuntime/7.29.2
::1 - Wed Nov 16 2022 12:36:28 GMT+0530 (India Standard Time) - GET /artistofyear HTTP/1.1 200 263 - 67 - PostmanRuntime/7.29.2
::1 - Wed Nov 16 2022 12:36:34 GMT+0530 (India Standard Time) - POST /artistofyear/ HTTP/1.1 200 62 - 189 - PostmanRuntime/7.29.2
::1 - Wed Nov 16 2022 12:37:49 GMT+0530 (India Standard Time) - POST /artistofyear/ HTTP/1.1 200 62 - 135 - PostmanRuntime/7.29.2
::1 - Wed Nov 16 2022 12:38:02 GMT+0530 (India Standard Time) - POST /blog/ HTTP/1.1 200 52 - 108 - PostmanRuntime/7.29.2
::1 - Wed Nov 16 2022 12:38:40 GMT+0530 (India Standard Time) - POST /auth/login HTTP/1.1 200 505 - 291 - PostmanRuntime/7.29.2
::1 - Wed Nov 16 2022 12:39:00 GMT+0530 (India Standard Time) - POST /blog/ HTTP/1.1 200 52 - 84 - PostmanRuntime/7.29.2
::1 - Wed Nov 16 2022 12:58:47 GMT+0530 (India Standard Time) - POST /blog/ HTTP/1.1 200 53 - 85 - PostmanRuntime/7.29.2
::1 - Wed Nov 16 2022 12:59:19 GMT+0530 (India Standard Time) - POST /auth/login HTTP/1.1 200 505 - 1094 - PostmanRuntime/7.29.2
::1 - Wed Nov 16 2022 12:59:52 GMT+0530 (India Standard Time) - POST /blog/ HTTP/1.1 200 53 - 54 - PostmanRuntime/7.29.2
::1 - Wed Nov 16 2022 13:00:33 GMT+0530 (India Standard Time) - POST /blog/ HTTP/1.1 200 216 - 17 - PostmanRuntime/7.29.2
::1 - Wed Nov 16 2022 13:01:58 GMT+0530 (India Standard Time) - POST /blog/ HTTP/1.1 200 65 - 97 - PostmanRuntime/7.29.2
::1 - Wed Nov 16 2022 13:02:22 GMT+0530 (India Standard Time) - GET /client HTTP/1.1 200 913 - 81 - PostmanRuntime/7.29.2
::1 - Wed Nov 16 2022 13:03:13 GMT+0530 (India Standard Time) - POST /blog/ HTTP/1.1 200 677 - 67 - PostmanRuntime/7.29.2
::1 - Wed Nov 16 2022 13:05:04 GMT+0530 (India Standard Time) - POST /blog/ HTTP/1.1 200 360 - 97 - PostmanRuntime/7.29.2
::1 - Wed Nov 16 2022 13:06:44 GMT+0530 (India Standard Time) - POST /blog/ HTTP/1.1 200 61 - 21 - PostmanRuntime/7.29.2
::1 - Wed Nov 16 2022 13:10:05 GMT+0530 (India Standard Time) - POST /blog/ HTTP/1.1 200 61 - 16 - PostmanRuntime/7.29.2
::1 - Wed Nov 16 2022 13:10:34 GMT+0530 (India Standard Time) - POST /blog/ HTTP/1.1 200 140 - 19 - PostmanRuntime/7.29.2
::1 - Wed Nov 16 2022 13:19:13 GMT+0530 (India Standard Time) - POST /blog/ HTTP/1.1 200 52 - 209 - PostmanRuntime/7.29.2
::1 - Wed Nov 16 2022 13:19:20 GMT+0530 (India Standard Time) - POST /blog/ HTTP/1.1 200 61 - 3 - PostmanRuntime/7.29.2
::1 - Wed Nov 16 2022 13:19:44 GMT+0530 (India Standard Time) - DELETE /blog/?blog_id=635257c19d2ca3f0f3802218 HTTP/1.1 200 52 - 140 - PostmanRuntime/7.29.2
::1 - Wed Nov 16 2022 13:20:10 GMT+0530 (India Standard Time) - DELETE /blog/?blog_id=635257c19d2ca3f0f3802218 HTTP/1.1 200 52 - 128 - PostmanRuntime/7.29.2
::1 - Wed Nov 16 2022 13:21:48 GMT+0530 (India Standard Time) - DELETE /blog/?blog_id=635257c19d2ca3f0f3802218 HTTP/1.1 200 61 - 14 - PostmanRuntime/7.29.2
::1 - Wed Nov 16 2022 13:23:16 GMT+0530 (India Standard Time) - GET /artist/ HTTP/1.1 200 - - 180 - PostmanRuntime/7.29.2
::1 - Wed Nov 16 2022 13:23:21 GMT+0530 (India Standard Time) - GET /artist/ HTTP/1.1 200 61 - 4 - PostmanRuntime/7.29.2
::1 - Wed Nov 16 2022 13:23:30 GMT+0530 (India Standard Time) - GET /artist/ HTTP/1.1 200 65 - 105 - PostmanRuntime/7.29.2
::1 - Wed Nov 16 2022 13:23:41 GMT+0530 (India Standard Time) - GET /artist/ HTTP/1.1 200 - - 148 - PostmanRuntime/7.29.2
::1 - Wed Nov 16 2022 13:23:53 GMT+0530 (India Standard Time) - POST /artist HTTP/1.1 200 92 - 196 - PostmanRuntime/7.29.2
::1 - Wed Nov 16 2022 13:24:57 GMT+0530 (India Standard Time) - POST /artist HTTP/1.1 200 2 - 225 - PostmanRuntime/7.29.2
::1 - Wed Nov 16 2022 13:27:20 GMT+0530 (India Standard Time) - POST /artist HTTP/1.1 200 2 - 205 - PostmanRuntime/7.29.2
::1 - Wed Nov 16 2022 13:29:05 GMT+0530 (India Standard Time) - POST /artist HTTP/1.1 200 35 - 108 - PostmanRuntime/7.29.2
::1 - Wed Nov 16 2022 13:30:32 GMT+0530 (India Standard Time) - POST /artist HTTP/1.1 200 673 - 96 - PostmanRuntime/7.29.2
::1 - Wed Nov 16 2022 13:31:09 GMT+0530 (India Standard Time) - POST /artist HTTP/1.1 200 52 - 238 - PostmanRuntime/7.29.2
::1 - Wed Nov 16 2022 13:31:20 GMT+0530 (India Standard Time) - POST /artist HTTP/1.1 200 52 - 170 - PostmanRuntime/7.29.2
::1 - Wed Nov 16 2022 15:21:04 GMT+0530 (India Standard Time) - GET /event HTTP/1.1 200 290 - 96 - PostmanRuntime/7.29.2
::1 - Wed Nov 16 2022 15:21:25 GMT+0530 (India Standard Time) - GET /news HTTP/1.1 200 783 - 77 - PostmanRuntime/7.29.2
::1 - Wed Nov 16 2022 15:21:51 GMT+0530 (India Standard Time) - DELETE /news/?news_id=63747add92255a596eb4d67c HTTP/1.1 200 52 - 190 - PostmanRuntime/7.29.2
::1 - Wed Nov 16 2022 15:22:06 GMT+0530 (India Standard Time) - GET /news HTTP/1.1 200 623 - 71 - PostmanRuntime/7.29.2
::1 - Wed Nov 16 2022 15:22:27 GMT+0530 (India Standard Time) - DELETE /news/?news_id=637368835ce17ca53411dfb9 HTTP/1.1 200 65 - 82 - PostmanRuntime/7.29.2
::1 - Wed Nov 16 2022 15:22:45 GMT+0530 (India Standard Time) - POST /auth/login HTTP/1.1 406 55 - 1130 - PostmanRuntime/7.29.2
::1 - Wed Nov 16 2022 15:23:00 GMT+0530 (India Standard Time) - POST /auth/login HTTP/1.1 406 55 - 99 - PostmanRuntime/7.29.2
::1 - Wed Nov 16 2022 15:24:10 GMT+0530 (India Standard Time) - POST /auth/login HTTP/1.1 406 55 - 162 - PostmanRuntime/7.29.2
::1 - Wed Nov 16 2022 15:24:30 GMT+0530 (India Standard Time) - POST /auth/forgotpassword HTTP/1.1 200 54 - 85 - PostmanRuntime/7.29.2
::1 - Wed Nov 16 2022 15:24:39 GMT+0530 (India Standard Time) - GET /client HTTP/1.1 200 49 - 74 - PostmanRuntime/7.29.2
::1 - Wed Nov 16 2022 15:25:10 GMT+0530 (India Standard Time) - POST /client/ HTTP/1.1 200 57 - 495 - PostmanRuntime/7.29.2
::1 - Wed Nov 16 2022 15:25:17 GMT+0530 (India Standard Time) - POST /auth/login HTTP/1.1 406 55 - 61 - PostmanRuntime/7.29.2
::1 - Wed Nov 16 2022 15:25:24 GMT+0530 (India Standard Time) - GET /client HTTP/1.1 200 344 - 294 - PostmanRuntime/7.29.2
::1 - Wed Nov 16 2022 15:25:38 GMT+0530 (India Standard Time) - POST /auth/login HTTP/1.1 406 55 - 57 - PostmanRuntime/7.29.2
::1 - Wed Nov 16 2022 15:26:05 GMT+0530 (India Standard Time) - POST /auth/login HTTP/1.1 406 55 - 48 - PostmanRuntime/7.29.2
::1 - Wed Nov 16 2022 15:26:24 GMT+0530 (India Standard Time) - POST /auth/login HTTP/1.1 406 55 - 75 - PostmanRuntime/7.29.2
::1 - Wed Nov 16 2022 15:26:30 GMT+0530 (India Standard Time) - GET /client HTTP/1.1 200 49 - 83 - PostmanRuntime/7.29.2
::1 - Wed Nov 16 2022 15:26:44 GMT+0530 (India Standard Time) - POST /client/ HTTP/1.1 200 57 - 443 - PostmanRuntime/7.29.2
::1 - Wed Nov 16 2022 15:26:49 GMT+0530 (India Standard Time) - GET /client HTTP/1.1 200 344 - 65 - PostmanRuntime/7.29.2
::1 - Wed Nov 16 2022 15:26:58 GMT+0530 (India Standard Time) - POST /auth/login HTTP/1.1 200 521 - 186 - PostmanRuntime/7.29.2
::1 - Wed Nov 16 2022 15:27:38 GMT+0530 (India Standard Time) - GET /artwork HTTP/1.1 200 49 - 80 - PostmanRuntime/7.29.2
::1 - Wed Nov 16 2022 15:27:55 GMT+0530 (India Standard Time) - POST /artwork/ HTTP/1.1 200 55 - 651 - PostmanRuntime/7.29.2
::1 - Wed Nov 16 2022 15:28:01 GMT+0530 (India Standard Time) - GET /artwork HTTP/1.1 200 427 - 96 - PostmanRuntime/7.29.2
::1 - Wed Nov 16 2022 15:30:46 GMT+0530 (India Standard Time) - POST /artwork/ HTTP/1.1 200 55 - 290 - PostmanRuntime/7.29.2
::1 - Wed Nov 16 2022 15:30:52 GMT+0530 (India Standard Time) - GET /artwork HTTP/1.1 200 804 - 112 - PostmanRuntime/7.29.2
::1 - Wed Nov 16 2022 15:32:26 GMT+0530 (India Standard Time) - GET /blog/ HTTP/1.1 200 49 - 74 - PostmanRuntime/7.29.2
::1 - Wed Nov 16 2022 15:32:50 GMT+0530 (India Standard Time) - POST /blog/ HTTP/1.1 200 61 - 3 - PostmanRuntime/7.29.2
::1 - Wed Nov 16 2022 15:33:43 GMT+0530 (India Standard Time) - POST /blog/ HTTP/1.1 200 61 - 13 - PostmanRuntime/7.29.2
::1 - Wed Nov 16 2022 15:33:50 GMT+0530 (India Standard Time) - POST /blog/ HTTP/1.1 200 65 - 81 - PostmanRuntime/7.29.2
::1 - Wed Nov 16 2022 15:33:58 GMT+0530 (India Standard Time) - POST /blog/ HTTP/1.1 200 65 - 67 - PostmanRuntime/7.29.2
::1 - Wed Nov 16 2022 15:34:13 GMT+0530 (India Standard Time) - POST /auth/login HTTP/1.1 200 521 - 275 - PostmanRuntime/7.29.2
::1 - Wed Nov 16 2022 15:34:28 GMT+0530 (India Standard Time) - POST /blog/ HTTP/1.1 200 65 - 64 - PostmanRuntime/7.29.2
::1 - Wed Nov 16 2022 15:35:40 GMT+0530 (India Standard Time) - POST /blog/ HTTP/1.1 200 65 - 93 - PostmanRuntime/7.29.2
::1 - Wed Nov 16 2022 15:36:22 GMT+0530 (India Standard Time) - POST /blog/ HTTP/1.1 200 222 - 11 - PostmanRuntime/7.29.2
::1 - Wed Nov 16 2022 15:37:46 GMT+0530 (India Standard Time) - POST /blog/ HTTP/1.1 200 65 - 70 - PostmanRuntime/7.29.2
::1 - Wed Nov 16 2022 15:38:23 GMT+0530 (India Standard Time) - GET /client HTTP/1.1 200 344 - 91 - PostmanRuntime/7.29.2
::1 - Wed Nov 16 2022 15:39:34 GMT+0530 (India Standard Time) - POST /auth/login HTTP/1.1 200 521 - 282 - PostmanRuntime/7.29.2
::1 - Wed Nov 16 2022 15:40:51 GMT+0530 (India Standard Time) - POST /auth/login HTTP/1.1 200 521 - 252 - PostmanRuntime/7.29.2
::1 - Wed Nov 16 2022 15:41:43 GMT+0530 (India Standard Time) - POST /blog/ HTTP/1.1 200 382 - 88 - PostmanRuntime/7.29.2
::1 - Wed Nov 16 2022 15:42:20 GMT+0530 (India Standard Time) - POST /blog/ HTTP/1.1 200 65 - 82 - PostmanRuntime/7.29.2
::1 - Wed Nov 16 2022 15:42:54 GMT+0530 (India Standard Time) - POST /blog/ HTTP/1.1 200 65 - 75 - PostmanRuntime/7.29.2
::1 - Wed Nov 16 2022 15:43:12 GMT+0530 (India Standard Time) - GET /artist/ HTTP/1.1 200 65 - 60 - PostmanRuntime/7.29.2
::1 - Wed Nov 16 2022 15:43:18 GMT+0530 (India Standard Time) - GET /artist/ HTTP/1.1 200 65 - 62 - PostmanRuntime/7.29.2
::1 - Wed Nov 16 2022 15:44:13 GMT+0530 (India Standard Time) - GET /artist/ HTTP/1.1 200 61 - 2 - PostmanRuntime/7.29.2
::1 - Wed Nov 16 2022 15:45:48 GMT+0530 (India Standard Time) - GET /artist/ HTTP/1.1 200 224 - 19 - PostmanRuntime/7.29.2
::1 - Wed Nov 16 2022 15:56:28 GMT+0530 (India Standard Time) - GET /artist/ HTTP/1.1 200 65 - 84 - PostmanRuntime/7.29.2
::1 - Wed Nov 16 2022 15:56:35 GMT+0530 (India Standard Time) - POST /auth/login HTTP/1.1 200 521 - 466 - PostmanRuntime/7.29.2
::1 - Wed Nov 16 2022 15:57:05 GMT+0530 (India Standard Time) - POST /artist HTTP/1.1 200 65 - 59 - PostmanRuntime/7.29.2
::1 - Wed Nov 16 2022 15:57:22 GMT+0530 (India Standard Time) - POST /artist HTTP/1.1 200 65 - 69 - PostmanRuntime/7.29.2
::1 - Wed Nov 16 2022 16:12:24 GMT+0530 (India Standard Time) - POST /artist HTTP/1.1 200 65 - 86 - PostmanRuntime/7.29.2
::1 - Wed Nov 16 2022 16:12:36 GMT+0530 (India Standard Time) - POST /artist HTTP/1.1 200 65 - 66 - PostmanRuntime/7.29.2
::1 - Wed Nov 16 2022 16:12:42 GMT+0530 (India Standard Time) - POST /artist HTTP/1.1 200 61 - 15 - PostmanRuntime/7.29.2
::1 - Wed Nov 16 2022 16:13:11 GMT+0530 (India Standard Time) - POST /artist HTTP/1.1 200 61 - 44 - PostmanRuntime/7.29.2
::1 - Wed Nov 16 2022 16:13:22 GMT+0530 (India Standard Time) - POST /artist HTTP/1.1 200 65 - 78 - PostmanRuntime/7.29.2
::1 - Wed Nov 16 2022 16:22:28 GMT+0530 (India Standard Time) - POST /artist HTTP/1.1 200 65 - 1244 - PostmanRuntime/7.29.2
::1 - Wed Nov 16 2022 16:28:30 GMT+0530 (India Standard Time) - GET /artist/ HTTP/1.1 200 65 - 65 - PostmanRuntime/7.29.2
::1 - Wed Nov 16 2022 16:29:44 GMT+0530 (India Standard Time) - POST /auth/login HTTP/1.1 200 521 - 242 - PostmanRuntime/7.29.2
::1 - Wed Nov 16 2022 16:29:57 GMT+0530 (India Standard Time) - GET /artist/ HTTP/1.1 200 65 - 70 - PostmanRuntime/7.29.2
::1 - Wed Nov 16 2022 16:30:06 GMT+0530 (India Standard Time) - GET /artist/ HTTP/1.1 200 65 - 75 - PostmanRuntime/7.29.2
::1 - Wed Nov 16 2022 16:30:53 GMT+0530 (India Standard Time) - POST /blog/ HTTP/1.1 200 65 - 45 - PostmanRuntime/7.29.2
::1 - Wed Nov 16 2022 16:31:03 GMT+0530 (India Standard Time) - POST /blog/ HTTP/1.1 200 61 - 4 - PostmanRuntime/7.29.2
::1 - Wed Nov 16 2022 16:37:04 GMT+0530 (India Standard Time) - POST /blog/ HTTP/1.1 200 58 - 49 - PostmanRuntime/7.29.2
::1 - Wed Nov 16 2022 16:37:46 GMT+0530 (India Standard Time) - POST /blog/ HTTP/1.1 200 110 - 14 - PostmanRuntime/7.29.2
::1 - Wed Nov 16 2022 16:40:33 GMT+0530 (India Standard Time) - POST /blog/ HTTP/1.1 200 65 - 89 - PostmanRuntime/7.29.2
::1 - Wed Nov 16 2022 16:40:47 GMT+0530 (India Standard Time) - POST /auth/login HTTP/1.1 200 521 - 331 - PostmanRuntime/7.29.2
::1 - Wed Nov 16 2022 16:41:02 GMT+0530 (India Standard Time) - GET /artist/ HTTP/1.1 200 65 - 90 - PostmanRuntime/7.29.2
::1 - Wed Nov 16 2022 16:41:16 GMT+0530 (India Standard Time) - GET /artist/ HTTP/1.1 200 65 - 64 - PostmanRuntime/7.29.2
::1 - Wed Nov 16 2022 16:41:22 GMT+0530 (India Standard Time) - GET /artist/ HTTP/1.1 200 65 - 67 - PostmanRuntime/7.29.2
::1 - Wed Nov 16 2022 16:41:48 GMT+0530 (India Standard Time) - GET /artist/ HTTP/1.1 200 65 - 123 - PostmanRuntime/7.29.2
::1 - Wed Nov 16 2022 16:41:50 GMT+0530 (India Standard Time) - GET /artist/ HTTP/1.1 200 65 - 115 - PostmanRuntime/7.29.2
::1 - Wed Nov 16 2022 16:42:01 GMT+0530 (India Standard Time) - POST /auth/login HTTP/1.1 200 521 - 379 - PostmanRuntime/7.29.2
::1 - Wed Nov 16 2022 16:42:18 GMT+0530 (India Standard Time) - GET /artist/ HTTP/1.1 200 65 - 59 - PostmanRuntime/7.29.2
::1 - Wed Nov 16 2022 16:42:37 GMT+0530 (India Standard Time) - GET /client HTTP/1.1 200 344 - 82 - PostmanRuntime/7.29.2
::1 - Wed Nov 16 2022 16:43:11 GMT+0530 (India Standard Time) - GET /artist/ HTTP/1.1 200 65 - 82 - PostmanRuntime/7.29.2
::1 - Wed Nov 16 2022 16:43:15 GMT+0530 (India Standard Time) - GET /artist/ HTTP/1.1 200 65 - 67 - PostmanRuntime/7.29.2
::1 - Wed Nov 16 2022 16:43:38 GMT+0530 (India Standard Time) - GET /artist/ HTTP/1.1 200 382 - 105 - PostmanRuntime/7.29.2
::1 - Wed Nov 16 2022 16:44:56 GMT+0530 (India Standard Time) - GET /artist/ HTTP/1.1 200 382 - 80 - PostmanRuntime/7.29.2
::1 - Wed Nov 16 2022 16:45:06 GMT+0530 (India Standard Time) - POST /auth/login HTTP/1.1 200 521 - 404 - PostmanRuntime/7.29.2
::1 - Wed Nov 16 2022 16:45:22 GMT+0530 (India Standard Time) - GET /artist/ HTTP/1.1 200 382 - 59 - PostmanRuntime/7.29.2
::1 - Wed Nov 16 2022 16:45:36 GMT+0530 (India Standard Time) - GET /artist/ HTTP/1.1 200 382 - 101 - PostmanRuntime/7.29.2
::1 - Wed Nov 16 2022 16:46:44 GMT+0530 (India Standard Time) - GET /artist/ HTTP/1.1 200 61 - 14 - PostmanRuntime/7.29.2
::1 - Wed Nov 16 2022 16:46:59 GMT+0530 (India Standard Time) - GET /artist/ HTTP/1.1 200 382 - 92 - PostmanRuntime/7.29.2
::1 - Wed Nov 16 2022 16:47:06 GMT+0530 (India Standard Time) - GET /artist/ HTTP/1.1 200 58 - 9 - PostmanRuntime/7.29.2
::1 - Wed Nov 16 2022 16:47:37 GMT+0530 (India Standard Time) - GET /artist/ HTTP/1.1 200 382 - 74 - PostmanRuntime/7.29.2
::1 - Wed Nov 16 2022 16:48:25 GMT+0530 (India Standard Time) - POST /artist HTTP/1.1 200 382 - 60 - PostmanRuntime/7.29.2
::1 - Wed Nov 16 2022 16:48:44 GMT+0530 (India Standard Time) - POST /artist HTTP/1.1 200 382 - 73 - PostmanRuntime/7.29.2
::1 - Wed Nov 16 2022 16:49:00 GMT+0530 (India Standard Time) - POST /artist/ HTTP/1.1 200 382 - 81 - PostmanRuntime/7.29.2
::1 - Wed Nov 16 2022 16:50:35 GMT+0530 (India Standard Time) - POST /artist/ HTTP/1.1 200 382 - 99 - PostmanRuntime/7.29.2
::1 - Wed Nov 16 2022 16:50:38 GMT+0530 (India Standard Time) - POST /artist/ HTTP/1.1 200 382 - 68 - PostmanRuntime/7.29.2
::1 - Wed Nov 16 2022 16:52:01 GMT+0530 (India Standard Time) - POST /artist/ HTTP/1.1 200 382 - 72 - PostmanRuntime/7.29.2
::1 - Wed Nov 16 2022 16:53:05 GMT+0530 (India Standard Time) - GET /artist/ HTTP/1.1 200 382 - 91 - PostmanRuntime/7.29.2
::1 - Wed Nov 16 2022 16:53:14 GMT+0530 (India Standard Time) - POST /artist/ HTTP/1.1 200 382 - 53 - PostmanRuntime/7.29.2
::1 - Wed Nov 16 2022 16:53:50 GMT+0530 (India Standard Time) - GET /services/ HTTP/1.1 200 61 - 4 - PostmanRuntime/7.29.2
::1 - Wed Nov 16 2022 16:54:26 GMT+0530 (India Standard Time) - GET /services/ HTTP/1.1 200 382 - 78 - PostmanRuntime/7.29.2
::1 - Wed Nov 16 2022 16:55:01 GMT+0530 (India Standard Time) - GET /services/ HTTP/1.1 200 49 - 135 - PostmanRuntime/7.29.2
::1 - Wed Nov 16 2022 16:55:20 GMT+0530 (India Standard Time) - POST /services/ HTTP/1.1 200 61 - 7 - PostmanRuntime/7.29.2
::1 - Wed Nov 16 2022 16:55:38 GMT+0530 (India Standard Time) - POST /services/ HTTP/1.1 200 56 - 250 - PostmanRuntime/7.29.2
::1 - Wed Nov 16 2022 16:55:49 GMT+0530 (India Standard Time) - GET /services/ HTTP/1.1 200 157 - 122 - PostmanRuntime/7.29.2
::1 - Wed Nov 16 2022 16:56:20 GMT+0530 (India Standard Time) - GET /artist/ HTTP/1.1 200 49 - 124 - PostmanRuntime/7.29.2
::1 - Wed Nov 16 2022 16:56:33 GMT+0530 (India Standard Time) - POST /artist/ HTTP/1.1 200 52 - 233 - PostmanRuntime/7.29.2
::1 - Wed Nov 16 2022 16:56:43 GMT+0530 (India Standard Time) - GET /artist/ HTTP/1.1 200 520 - 111 - PostmanRuntime/7.29.2
::1 - Wed Nov 16 2022 16:57:24 GMT+0530 (India Standard Time) - POST /artist/ HTTP/1.1 200 54 - 254 - PostmanRuntime/7.29.2
::1 - Wed Nov 16 2022 16:57:32 GMT+0530 (India Standard Time) - GET /artist/ HTTP/1.1 200 992 - 132 - PostmanRuntime/7.29.2
::1 - Wed Nov 16 2022 16:58:15 GMT+0530 (India Standard Time) - GET /artist/ HTTP/1.1 200 992 - 154 - PostmanRuntime/7.29.2
::1 - Wed Nov 16 2022 16:58:19 GMT+0530 (India Standard Time) - POST /artist/ HTTP/1.1 200 17 - 146 - PostmanRuntime/7.29.2
::1 - Wed Nov 16 2022 16:59:24 GMT+0530 (India Standard Time) - POST /artist/ HTTP/1.1 200 17 - 154 - PostmanRuntime/7.29.2
::1 - Wed Nov 16 2022 16:59:41 GMT+0530 (India Standard Time) - POST /artist/ HTTP/1.1 200 202 - 346 - PostmanRuntime/7.29.2
::1 - Wed Nov 16 2022 17:00:14 GMT+0530 (India Standard Time) - POST /artist/ HTTP/1.1 200 54 - 213 - PostmanRuntime/7.29.2
::1 - Wed Nov 16 2022 17:00:22 GMT+0530 (India Standard Time) - GET /artist/ HTTP/1.1 200 - - 128 - PostmanRuntime/7.29.2
::1 - Wed Nov 16 2022 17:16:13 GMT+0530 (India Standard Time) - POST /services/ HTTP/1.1 200 56 - 318 - PostmanRuntime/7.29.2
::1 - Wed Nov 16 2022 17:16:19 GMT+0530 (India Standard Time) - GET /services/ HTTP/1.1 200 284 - 134 - PostmanRuntime/7.29.2
::1 - Wed Nov 16 2022 17:18:24 GMT+0530 (India Standard Time) - POST /services/ HTTP/1.1 200 11 - 104 - PostmanRuntime/7.29.2
::1 - Wed Nov 16 2022 17:18:51 GMT+0530 (India Standard Time) - POST /services/ HTTP/1.1 200 11 - 136 - PostmanRuntime/7.29.2
::1 - Wed Nov 16 2022 17:20:10 GMT+0530 (India Standard Time) - POST /services/ HTTP/1.1 200 54 - 215 - PostmanRuntime/7.29.2
::1 - Wed Nov 16 2022 17:20:17 GMT+0530 (India Standard Time) - GET /services/ HTTP/1.1 200 665 - 136 - PostmanRuntime/7.29.2
::1 - Wed Nov 16 2022 17:21:50 GMT+0530 (India Standard Time) - GET /services/ HTTP/1.1 200 665 - 172 - PostmanRuntime/7.29.2
::1 - Wed Nov 16 2022 17:21:57 GMT+0530 (India Standard Time) - POST /services/ HTTP/1.1 200 10 - 124 - PostmanRuntime/7.29.2
::1 - Wed Nov 16 2022 17:22:19 GMT+0530 (India Standard Time) - GET /artist/ HTTP/1.1 200 - - 189 - PostmanRuntime/7.29.2
::1 - Wed Nov 16 2022 17:23:02 GMT+0530 (India Standard Time) - DELETE /artist/?artist_id=6374c8e97a4ebb963e2a97a3 HTTP/1.1 200 61 - 6 - PostmanRuntime/7.29.2
::1 - Wed Nov 16 2022 17:23:19 GMT+0530 (India Standard Time) - POST /auth/login HTTP/1.1 200 521 - 971 - PostmanRuntime/7.29.2
::1 - Wed Nov 16 2022 17:23:46 GMT+0530 (India Standard Time) - DELETE /artist/?artist_id=6374c8e97a4ebb963e2a97a3 HTTP/1.1 200 54 - 231 - PostmanRuntime/7.29.2
::1 - Wed Nov 16 2022 17:24:11 GMT+0530 (India Standard Time) - DELETE /artist/?artist_id=6374c91c0d440b362ef9e064 HTTP/1.1 200 54 - 208 - PostmanRuntime/7.29.2
::1 - Wed Nov 16 2022 17:24:33 GMT+0530 (India Standard Time) - DELETE /artist/?artist_id=6374c9531712a6b798eddee0 HTTP/1.1 200 54 - 199 - PostmanRuntime/7.29.2
::1 - Wed Nov 16 2022 17:24:52 GMT+0530 (India Standard Time) - GET /artist/ HTTP/1.1 200 - - 130 - PostmanRuntime/7.29.2
::1 - Wed Nov 16 2022 17:27:03 GMT+0530 (India Standard Time) - GET /artist/ HTTP/1.1 200 - - 220 - PostmanRuntime/7.29.2
::1 - Wed Nov 16 2022 17:27:11 GMT+0530 (India Standard Time) - DELETE /artist/?artist_id=6374c9531712a6b798eddee0 HTTP/1.1 200 54 - 141 - PostmanRuntime/7.29.2
::1 - Wed Nov 16 2022 17:27:46 GMT+0530 (India Standard Time) - DELETE /artist/?artist_id=6374c9949304a046d53fdd67 HTTP/1.1 200 54 - 160 - PostmanRuntime/7.29.2
::1 - Wed Nov 16 2022 17:27:51 GMT+0530 (India Standard Time) - GET /artist/ HTTP/1.1 200 - - 134 - PostmanRuntime/7.29.2
::1 - Wed Nov 16 2022 17:32:13 GMT+0530 (India Standard Time) - GET /services/%0A HTTP/1.1 404 35 - 21 - PostmanRuntime/7.29.2
::1 - Wed Nov 16 2022 17:32:21 GMT+0530 (India Standard Time) - GET /services/%0A HTTP/1.1 404 35 - 7 - PostmanRuntime/7.29.2
::1 - Wed Nov 16 2022 17:33:22 GMT+0530 (India Standard Time) - GET /services/%0A HTTP/1.1 404 35 - 3 - PostmanRuntime/7.29.2
::1 - Wed Nov 16 2022 17:34:07 GMT+0530 (India Standard Time) - GET /services/%0A HTTP/1.1 404 35 - 2 - PostmanRuntime/7.29.2
::1 - Wed Nov 16 2022 17:34:42 GMT+0530 (India Standard Time) - POST /services/ HTTP/1.1 200 10 - 213 - PostmanRuntime/7.29.2
::1 - Wed Nov 16 2022 17:35:08 GMT+0530 (India Standard Time) - GET /services/ HTTP/1.1 200 919 - 189 - PostmanRuntime/7.29.2
::1 - Wed Nov 16 2022 17:37:26 GMT+0530 (India Standard Time) - GET /services/ HTTP/1.1 200 919 - 154 - PostmanRuntime/7.29.2
::1 - Wed Nov 16 2022 17:37:37 GMT+0530 (India Standard Time) - DELETE /services/?services_id=6374d1da1556410cb2ca59f8 HTTP/1.1 200 61 - 4 - PostmanRuntime/7.29.2
::1 - Wed Nov 16 2022 17:38:08 GMT+0530 (India Standard Time) - DELETE /services/?services_id=6374d1da1556410cb2ca59f8 HTTP/1.1 200 52 - 181 - PostmanRuntime/7.29.2
::1 - Wed Nov 16 2022 17:49:19 GMT+0530 (India Standard Time) - DELETE /services/?services_id=6374d1da1556410cb2ca59f8 HTTP/1.1 200 52 - 23 - PostmanRuntime/7.29.2
::1 - Wed Nov 16 2022 17:50:22 GMT+0530 (India Standard Time) - POST /auth/login HTTP/1.1 200 521 - 438 - PostmanRuntime/7.29.2
::1 - Wed Nov 16 2022 17:51:01 GMT+0530 (India Standard Time) - POST /services/ HTTP/1.1 200 11 - 95 - PostmanRuntime/7.29.2
::1 - Wed Nov 16 2022 17:53:35 GMT+0530 (India Standard Time) - POST /services/ HTTP/1.1 200 195 - 132 - PostmanRuntime/7.29.2
::1 - Wed Nov 16 2022 17:55:18 GMT+0530 (India Standard Time) - POST /services/ HTTP/1.1 200 54 - 203 - PostmanRuntime/7.29.2
::1 - Wed Nov 16 2022 17:55:26 GMT+0530 (India Standard Time) - GET /services/ HTTP/1.1 200 52 - 11 - PostmanRuntime/7.29.2
::1 - Wed Nov 16 2022 17:55:56 GMT+0530 (India Standard Time) - GET /services/ HTTP/1.1 200 52 - 23 - PostmanRuntime/7.29.2
::1 - Wed Nov 16 2022 17:56:09 GMT+0530 (India Standard Time) - POST /auth/login HTTP/1.1 200 521 - 346 - PostmanRuntime/7.29.2
::1 - Wed Nov 16 2022 17:56:34 GMT+0530 (India Standard Time) - GET /services/ HTTP/1.1 200 - - 123 - PostmanRuntime/7.29.2
::1 - Wed Nov 16 2022 17:57:26 GMT+0530 (India Standard Time) - POST /services/ HTTP/1.1 200 56 - 231 - PostmanRuntime/7.29.2
::1 - Wed Nov 16 2022 17:57:44 GMT+0530 (India Standard Time) - GET /services/ HTTP/1.1 200 - - 6802 - PostmanRuntime/7.29.2
::1 - Wed Nov 16 2022 17:58:53 GMT+0530 (India Standard Time) - POST /blog/ HTTP/1.1 200 52 - 48 - PostmanRuntime/7.29.2
::1 - Wed Nov 16 2022 17:59:39 GMT+0530 (India Standard Time) - POST /blog/ HTTP/1.1 200 52 - 192 - PostmanRuntime/7.29.2
::1 - Wed Nov 16 2022 18:00:56 GMT+0530 (India Standard Time) - POST /news HTTP/1.1 200 52 - 147 - PostmanRuntime/7.29.2
::1 - Wed Nov 16 2022 18:01:07 GMT+0530 (India Standard Time) - GET /news HTTP/1.1 200 214 - 85 - PostmanRuntime/7.29.2
::1 - Wed Nov 16 2022 18:03:22 GMT+0530 (India Standard Time) - GET /news HTTP/1.1 200 214 - 81 - PostmanRuntime/7.29.2
::1 - Wed Nov 16 2022 18:03:28 GMT+0530 (India Standard Time) - POST /news HTTP/1.1 200 52 - 113 - PostmanRuntime/7.29.2
::1 - Wed Nov 16 2022 18:04:55 GMT+0530 (India Standard Time) - POST /artist/ HTTP/1.1 200 52 - 5 - PostmanRuntime/7.29.2
::1 - Wed Nov 16 2022 18:05:09 GMT+0530 (India Standard Time) - POST /artist/ HTTP/1.1 200 54 - 186 - PostmanRuntime/7.29.2
::1 - Wed Nov 16 2022 18:05:17 GMT+0530 (India Standard Time) - GET /artist/ HTTP/1.1 200 52 - 7 - PostmanRuntime/7.29.2
::1 - Wed Nov 16 2022 18:05:30 GMT+0530 (India Standard Time) - GET /artist/ HTTP/1.1 200 52 - 2 - PostmanRuntime/7.29.2
::1 - Wed Nov 16 2022 18:05:42 GMT+0530 (India Standard Time) - GET /artist/ HTTP/1.1 200 - - 125 - PostmanRuntime/7.29.2
::1 - Wed Nov 16 2022 18:12:48 GMT+0530 (India Standard Time) - POST /news HTTP/1.1 500 35 - 266 - PostmanRuntime/7.29.2
::1 - Wed Nov 16 2022 18:13:00 GMT+0530 (India Standard Time) - POST /news HTTP/1.1 200 52 - 293 - PostmanRuntime/7.29.2
::1 - Wed Nov 16 2022 18:13:44 GMT+0530 (India Standard Time) - GET /news HTTP/1.1 200 431 - 246 - PostmanRuntime/7.29.2
::1 - Wed Nov 16 2022 18:14:26 GMT+0530 (India Standard Time) - GET /artist/ HTTP/1.1 200 - - 229 - PostmanRuntime/7.29.2
::1 - Wed Nov 16 2022 18:15:24 GMT+0530 (India Standard Time) - POST /artist/ HTTP/1.1 200 54 - 333 - PostmanRuntime/7.29.2
::1 - Wed Nov 16 2022 18:15:32 GMT+0530 (India Standard Time) - GET /artist/ HTTP/1.1 200 - - 284 - PostmanRuntime/7.29.2
::1 - Wed Nov 16 2022 18:17:01 GMT+0530 (India Standard Time) - POST /artist/ HTTP/1.1 200 54 - 288 - PostmanRuntime/7.29.2
::1 - Wed Nov 16 2022 18:18:27 GMT+0530 (India Standard Time) - POST /artist/ HTTP/1.1 200 54 - 335 - PostmanRuntime/7.29.2
::1 - Wed Nov 16 2022 18:19:32 GMT+0530 (India Standard Time) - POST /artist/ HTTP/1.1 200 54 - 282 - PostmanRuntime/7.29.2
::1 - Wed Nov 16 2022 18:20:30 GMT+0530 (India Standard Time) - POST /artist/ HTTP/1.1 200 54 - 182 - PostmanRuntime/7.29.2
::1 - Wed Nov 16 2022 18:20:41 GMT+0530 (India Standard Time) - GET /artist/ HTTP/1.1 200 - - 217 - PostmanRuntime/7.29.2
::1 - Wed Nov 16 2022 18:25:19 GMT+0530 (India Standard Time) - POST /artist/ HTTP/1.1 200 54 - 331 - PostmanRuntime/7.29.2
::1 - Wed Nov 16 2022 18:26:12 GMT+0530 (India Standard Time) - POST /artist/ HTTP/1.1 200 54 - 193 - PostmanRuntime/7.29.2
::1 - Wed Nov 16 2022 18:28:03 GMT+0530 (India Standard Time) - POST /news HTTP/1.1 500 35 - 229 - PostmanRuntime/7.29.2
::1 - Wed Nov 16 2022 18:28:33 GMT+0530 (India Standard Time) - POST /news HTTP/1.1 500 35 - 115 - PostmanRuntime/7.29.2
::1 - Wed Nov 16 2022 18:29:34 GMT+0530 (India Standard Time) - POST /news HTTP/1.1 500 35 - 143 - PostmanRuntime/7.29.2
::1 - Wed Nov 16 2022 18:30:01 GMT+0530 (India Standard Time) - POST /news HTTP/1.1 500 35 - 103 - PostmanRuntime/7.29.2
::1 - Wed Nov 16 2022 18:30:45 GMT+0530 (India Standard Time) - POST /news HTTP/1.1 500 35 - 133 - PostmanRuntime/7.29.2
::1 - Wed Nov 16 2022 18:30:56 GMT+0530 (India Standard Time) - POST /news HTTP/1.1 200 10 - 76 - PostmanRuntime/7.29.2
::1 - Wed Nov 16 2022 18:34:17 GMT+0530 (India Standard Time) - POST /news HTTP/1.1 500 35 - 110 - PostmanRuntime/7.29.2
::1 - Wed Nov 16 2022 18:35:28 GMT+0530 (India Standard Time) - POST /news HTTP/1.1 500 35 - 140 - PostmanRuntime/7.29.2
::1 - Wed Nov 16 2022 18:37:05 GMT+0530 (India Standard Time) - POST /news HTTP/1.1 200 54 - 235 - PostmanRuntime/7.29.2
::1 - Wed Nov 16 2022 18:37:37 GMT+0530 (India Standard Time) - GET /news HTTP/1.1 200 511 - 91 - PostmanRuntime/7.29.2
::1 - Wed Nov 16 2022 18:38:25 GMT+0530 (India Standard Time) - DELETE /news/?news_id=637368835ce17ca53411dfb9 HTTP/1.1 200 52 - 13 - PostmanRuntime/7.29.2
::1 - Wed Nov 16 2022 18:38:46 GMT+0530 (India Standard Time) - DELETE /news/?news_id=637368835ce17ca53411dfb9 HTTP/1.1 200 52 - 4 - PostmanRuntime/7.29.2
::1 - Wed Nov 16 2022 18:38:58 GMT+0530 (India Standard Time) - POST /auth/login HTTP/1.1 200 521 - 676 - PostmanRuntime/7.29.2
::1 - Wed Nov 16 2022 18:39:13 GMT+0530 (India Standard Time) - DELETE /news/?news_id=637368835ce17ca53411dfb9 HTTP/1.1 200 52 - 148 - PostmanRuntime/7.29.2
::1 - Wed Nov 16 2022 18:39:18 GMT+0530 (India Standard Time) - GET /news HTTP/1.1 200 345 - 71 - PostmanRuntime/7.29.2
::1 - Wed Nov 16 2022 18:39:32 GMT+0530 (India Standard Time) - DELETE /news/?news_id=637368835ce17ca53411dfb9 HTTP/1.1 200 52 - 119 - PostmanRuntime/7.29.2
::1 - Wed Nov 16 2022 18:39:38 GMT+0530 (India Standard Time) - GET /news HTTP/1.1 200 236 - 72 - PostmanRuntime/7.29.2
::1 - Wed Nov 16 2022 18:39:51 GMT+0530 (India Standard Time) - DELETE /news/?news_id=637368835ce17ca53411dfb9 HTTP/1.1 200 52 - 131 - PostmanRuntime/7.29.2
::1 - Wed Nov 16 2022 18:39:55 GMT+0530 (India Standard Time) - DELETE /news/?news_id=637368835ce17ca53411dfb9 HTTP/1.1 200 52 - 122 - PostmanRuntime/7.29.2
::1 - Wed Nov 16 2022 18:40:11 GMT+0530 (India Standard Time) - GET /news HTTP/1.1 200 49 - 95 - PostmanRuntime/7.29.2
::1 - Wed Nov 16 2022 18:41:00 GMT+0530 (India Standard Time) - POST /news HTTP/1.1 200 54 - 205 - PostmanRuntime/7.29.2
::1 - Wed Nov 16 2022 18:46:39 GMT+0530 (India Standard Time) - POST /news HTTP/1.1 200 52 - 203 - PostmanRuntime/7.29.2
::1 - Wed Nov 16 2022 18:48:15 GMT+0530 (India Standard Time) - GET /news HTTP/1.1 200 160 - 96 - PostmanRuntime/7.29.2
::1 - Wed Nov 16 2022 18:48:29 GMT+0530 (India Standard Time) - DELETE /news/?news_id=6374e2b7479232ba967d573a HTTP/1.1 200 52 - 170 - PostmanRuntime/7.29.2
::1 - Wed Nov 16 2022 18:48:35 GMT+0530 (India Standard Time) - GET /news HTTP/1.1 200 49 - 86 - PostmanRuntime/7.29.2
::1 - Wed Nov 16 2022 18:48:52 GMT+0530 (India Standard Time) - POST /news HTTP/1.1 200 52 - 137 - PostmanRuntime/7.29.2
::1 - Wed Nov 16 2022 18:48:59 GMT+0530 (India Standard Time) - GET /news HTTP/1.1 200 154 - 72 - PostmanRuntime/7.29.2
::1 - Wed Nov 16 2022 18:54:15 GMT+0530 (India Standard Time) - GET /news HTTP/1.1 200 154 - 116 - PostmanRuntime/7.29.2
::1 - Wed Nov 16 2022 18:56:56 GMT+0530 (India Standard Time) - POST /artwork-frame/ HTTP/1.1 200 61 - 284 - PostmanRuntime/7.29.2
::1 - Wed Nov 16 2022 18:57:05 GMT+0530 (India Standard Time) - GET /artwork-frame/ HTTP/1.1 200 61 - 6 - PostmanRuntime/7.29.2
::1 - Wed Nov 16 2022 18:57:44 GMT+0530 (India Standard Time) - GET /artwork-frame/ HTTP/1.1 200 113 - 146 - PostmanRuntime/7.29.2
::1 - Wed Nov 16 2022 18:58:10 GMT+0530 (India Standard Time) - POST /artwork-frame/ HTTP/1.1 200 61 - 160 - PostmanRuntime/7.29.2
::1 - Wed Nov 16 2022 18:58:22 GMT+0530 (India Standard Time) - GET /artwork-frame/ HTTP/1.1 200 178 - 125 - PostmanRuntime/7.29.2
::1 - Wed Nov 16 2022 18:59:10 GMT+0530 (India Standard Time) - POST /artwork-frame/ HTTP/1.1 200 61 - 243 - PostmanRuntime/7.29.2
::1 - Wed Nov 16 2022 18:59:25 GMT+0530 (India Standard Time) - POST /artwork-frame/ HTTP/1.1 200 61 - 228 - PostmanRuntime/7.29.2
::1 - Wed Nov 16 2022 18:59:43 GMT+0530 (India Standard Time) - GET /artwork-frame/ HTTP/1.1 200 446 - 137 - PostmanRuntime/7.29.2
::1 - Wed Nov 16 2022 19:03:47 GMT+0530 (India Standard Time) - DELETE /artwork-frame/?frame_id=6374e520113c6dcc5198966f HTTP/1.1 200 61 - 148 - PostmanRuntime/7.29.2
::1 - Wed Nov 16 2022 19:04:41 GMT+0530 (India Standard Time) - GET /artwork-frame/ HTTP/1.1 200 381 - 158 - PostmanRuntime/7.29.2
::1 - Wed Nov 16 2022 19:05:06 GMT+0530 (India Standard Time) - DELETE /artwork-frame/?frame_id=6374e5a5a7d76237dd219338 HTTP/1.1 200 61 - 411 - PostmanRuntime/7.29.2
::1 - Wed Nov 16 2022 19:05:11 GMT+0530 (India Standard Time) - GET /artwork-frame/ HTTP/1.1 200 316 - 152 - PostmanRuntime/7.29.2
::1 - Wed Nov 16 2022 19:05:29 GMT+0530 (India Standard Time) - DELETE /artwork-frame/?frame_id=6374e56a113c6dcc51989670 HTTP/1.1 200 61 - 133 - PostmanRuntime/7.29.2
::1 - Wed Nov 16 2022 19:05:34 GMT+0530 (India Standard Time) - GET /artwork-frame/ HTTP/1.1 200 251 - 140 - PostmanRuntime/7.29.2
