::1 - Fri Nov 18 2022 09:27:31 GMT+0530 (India Standard Time) - POST /auth/login HTTP/1.1 200 521 - 430 - PostmanRuntime/7.29.2
::1 - Fri Nov 18 2022 09:29:24 GMT+0530 (India Standard Time) - GET /api/artist-type HTTP/1.1 200 49 - 82 - PostmanRuntime/7.29.2
::1 - Fri Nov 18 2022 09:29:40 GMT+0530 (India Standard Time) - POST /api/chitchat HTTP/1.1 200 54 - 5726 - PostmanRuntime/7.29.2
::1 - Fri Nov 18 2022 09:31:36 GMT+0530 (India Standard Time) - POST /api/contact HTTP/1.1 200 54 - 4414 - PostmanRuntime/7.29.2
::1 - Fri Nov 18 2022 09:32:03 GMT+0530 (India Standard Time) - GET /api/artist?type=painter HTTP/1.1 200 68 - 127 - PostmanRuntime/7.29.2
::1 - Fri Nov 18 2022 09:32:25 GMT+0530 (India Standard Time) - GET /artist/ HTTP/1.1 200 52 - 13 - PostmanRuntime/7.29.2
::1 - Fri Nov 18 2022 09:33:02 GMT+0530 (India Standard Time) - GET /artist/ HTTP/1.1 200 - - 144 - PostmanRuntime/7.29.2
::1 - Fri Nov 18 2022 09:33:47 GMT+0530 (India Standard Time) - GET /api/artist?type=painting HTTP/1.1 200 617 - 147 - PostmanRuntime/7.29.2
::1 - Fri Nov 18 2022 09:33:59 GMT+0530 (India Standard Time) - GET /api/artist?filter=K&type=painting HTTP/1.1 200 617 - 126 - PostmanRuntime/7.29.2
::1 - Fri Nov 18 2022 09:34:05 GMT+0530 (India Standard Time) - GET /api/artist?filter=K HTTP/1.1 200 - - 136 - PostmanRuntime/7.29.2
::1 - Fri Nov 18 2022 10:01:25 GMT+0530 (India Standard Time) - GET /api/artwork-frame/ HTTP/1.1 200 251 - 86 - PostmanRuntime/7.29.2
::1 - Fri Nov 18 2022 10:01:33 GMT+0530 (India Standard Time) - GET /api/cst?type=painter HTTP/1.1 200 97 - 212 - PostmanRuntime/7.29.2
::1 - Fri Nov 18 2022 10:01:48 GMT+0530 (India Standard Time) - GET /api/services HTTP/1.1 200 - - 116 - PostmanRuntime/7.29.2
::1 - Fri Nov 18 2022 10:06:45 GMT+0530 (India Standard Time) - GET /services/ HTTP/1.1 200 52 - 19 - PostmanRuntime/7.29.2
::1 - Fri Nov 18 2022 10:08:21 GMT+0530 (India Standard Time) - POST /auth/login HTTP/1.1 200 521 - 327 - PostmanRuntime/7.29.2
::1 - Fri Nov 18 2022 10:08:52 GMT+0530 (India Standard Time) - POST /services/ HTTP/1.1 500 35 - 106 - PostmanRuntime/7.29.2
::1 - Fri Nov 18 2022 10:28:19 GMT+0530 (India Standard Time) - POST /services/ HTTP/1.1 500 35 - 132 - PostmanRuntime/7.29.2
::1 - Fri Nov 18 2022 10:28:29 GMT+0530 (India Standard Time) - POST /services/ HTTP/1.1 200 55 - 172 - PostmanRuntime/7.29.2
::1 - Fri Nov 18 2022 10:28:38 GMT+0530 (India Standard Time) - GET /services/ HTTP/1.1 200 52 - 5 - PostmanRuntime/7.29.2
::1 - Fri Nov 18 2022 10:29:14 GMT+0530 (India Standard Time) - GET /services/ HTTP/1.1 200 - - 137 - PostmanRuntime/7.29.2
::1 - Fri Nov 18 2022 10:41:19 GMT+0530 (India Standard Time) - DELETE /services/?services_id=6374c8b27a4ebb963e2a97a2 HTTP/1.1 200 52 - 3 - PostmanRuntime/7.29.2
::1 - Fri Nov 18 2022 10:41:28 GMT+0530 (India Standard Time) - POST /auth/login HTTP/1.1 200 521 - 411 - PostmanRuntime/7.29.2
::1 - Fri Nov 18 2022 10:42:02 GMT+0530 (India Standard Time) - DELETE /services/?services_id=6374c8b27a4ebb963e2a97a2 HTTP/1.1 200 56 - 155 - PostmanRuntime/7.29.2
::1 - Fri Nov 18 2022 10:42:09 GMT+0530 (India Standard Time) - DELETE /services/?services_id=6374cd85439597c4e9f71587 HTTP/1.1 200 56 - 139 - PostmanRuntime/7.29.2
::1 - Fri Nov 18 2022 10:42:13 GMT+0530 (India Standard Time) - GET /services/ HTTP/1.1 200 - - 127 - PostmanRuntime/7.29.2
::1 - Fri Nov 18 2022 10:42:29 GMT+0530 (India Standard Time) - DELETE /services/?services_id=6374ce08c6c212653c6d725f HTTP/1.1 200 56 - 159 - PostmanRuntime/7.29.2
::1 - Fri Nov 18 2022 10:42:49 GMT+0530 (India Standard Time) - DELETE /services/?services_id=6374ce7275d7ec12d051e580 HTTP/1.1 200 56 - 144 - PostmanRuntime/7.29.2
::1 - Fri Nov 18 2022 10:42:55 GMT+0530 (India Standard Time) - GET /services/ HTTP/1.1 200 - - 139 - PostmanRuntime/7.29.2
::1 - Fri Nov 18 2022 10:51:27 GMT+0530 (India Standard Time) - GET /services/ HTTP/1.1 200 - - 182 - PostmanRuntime/7.29.2
::1 - Fri Nov 18 2022 10:54:21 GMT+0530 (India Standard Time) - DELETE /services/?services_id=6374ce7275d7ec12d051e580 HTTP/1.1 200 56 - 241 - PostmanRuntime/7.29.2
::1 - Fri Nov 18 2022 10:54:31 GMT+0530 (India Standard Time) - GET /services/ HTTP/1.1 200 49 - 140 - PostmanRuntime/7.29.2
::1 - Fri Nov 18 2022 10:56:20 GMT+0530 (India Standard Time) - POST /services/ HTTP/1.1 200 55 - 198 - PostmanRuntime/7.29.2
::1 - Fri Nov 18 2022 10:56:29 GMT+0530 (India Standard Time) - GET /services/ HTTP/1.1 200 227 - 148 - PostmanRuntime/7.29.2
::1 - Fri Nov 18 2022 11:10:31 GMT+0530 (India Standard Time) - PUT /services HTTP/1.1 200 61 - 14 - PostmanRuntime/7.29.2
::1 - Fri Nov 18 2022 11:10:44 GMT+0530 (India Standard Time) - POST /auth/login HTTP/1.1 200 521 - 375 - PostmanRuntime/7.29.2
::1 - Fri Nov 18 2022 11:11:47 GMT+0530 (India Standard Time) - PUT /services HTTP/1.1 - - - - - PostmanRuntime/7.29.2
::1 - Fri Nov 18 2022 11:18:05 GMT+0530 (India Standard Time) - GET /api/artist?filter=K HTTP/1.1 200 - - 214 - PostmanRuntime/7.29.2
::1 - Fri Nov 18 2022 11:19:00 GMT+0530 (India Standard Time) - GET /api/artist?filter=K HTTP/1.1 200 - - 202 - PostmanRuntime/7.29.2
::1 - Fri Nov 18 2022 11:56:31 GMT+0530 (India Standard Time) - PUT /artist/ HTTP/1.1 200 52 - 38 - PostmanRuntime/7.29.2
::1 - Fri Nov 18 2022 11:56:44 GMT+0530 (India Standard Time) - GET /artist/ HTTP/1.1 200 52 - 9 - PostmanRuntime/7.29.2
::1 - Fri Nov 18 2022 11:56:54 GMT+0530 (India Standard Time) - POST /auth/login HTTP/1.1 200 521 - 530 - PostmanRuntime/7.29.2
::1 - Fri Nov 18 2022 11:57:10 GMT+0530 (India Standard Time) - GET /artist/ HTTP/1.1 200 - - 144 - PostmanRuntime/7.29.2
::1 - Fri Nov 18 2022 11:58:06 GMT+0530 (India Standard Time) - PUT /artist/ HTTP/1.1 200 54 - 327 - PostmanRuntime/7.29.2
::1 - Fri Nov 18 2022 11:58:13 GMT+0530 (India Standard Time) - GET /artist/ HTTP/1.1 200 - - 177 - PostmanRuntime/7.29.2
::1 - Fri Nov 18 2022 12:29:48 GMT+0530 (India Standard Time) - POST /artist HTTP/1.1 200 52 - 134 - PostmanRuntime/7.29.2
::1 - Fri Nov 18 2022 12:31:11 GMT+0530 (India Standard Time) - POST /artist HTTP/1.1 200 52 - 12 - PostmanRuntime/7.29.2
::1 - Fri Nov 18 2022 12:31:30 GMT+0530 (India Standard Time) - POST /auth/login HTTP/1.1 200 521 - 862 - PostmanRuntime/7.29.2
::1 - Fri Nov 18 2022 12:31:58 GMT+0530 (India Standard Time) - POST /artist HTTP/1.1 - - - - - PostmanRuntime/7.29.2
::1 - Fri Nov 18 2022 12:32:51 GMT+0530 (India Standard Time) - POST /artist HTTP/1.1 200 1006 - 405 - PostmanRuntime/7.29.2
::1 - Fri Nov 18 2022 12:46:16 GMT+0530 (India Standard Time) - GET /news HTTP/1.1 200 921 - 104 - PostmanRuntime/7.29.2
